{"/home/gratian/node/questioner/server/test/meetups.js":{"path":"/home/gratian/node/questioner/server/test/meetups.js","statementMap":{"0":{"start":{"line":1,"column":17},"end":{"line":1,"column":37}},"1":{"start":{"line":2,"column":13},"end":{"line":2,"column":28}},"2":{"start":{"line":3,"column":19},"end":{"line":3,"column":34}},"3":{"start":{"line":4,"column":15},"end":{"line":4,"column":35}},"4":{"start":{"line":5,"column":15},"end":{"line":5,"column":57}},"5":{"start":{"line":8,"column":0},"end":{"line":8,"column":19}},"6":{"start":{"line":10,"column":0},"end":{"line":156,"column":3}},"7":{"start":{"line":11,"column":2},"end":{"line":36,"column":5}},"8":{"start":{"line":12,"column":18},"end":{"line":16,"column":5}},"9":{"start":{"line":17,"column":4},"end":{"line":25,"column":7}},"10":{"start":{"line":18,"column":6},"end":{"line":24,"column":11}},"11":{"start":{"line":22,"column":10},"end":{"line":22,"column":43}},"12":{"start":{"line":23,"column":10},"end":{"line":23,"column":17}},"13":{"start":{"line":27,"column":4},"end":{"line":35,"column":7}},"14":{"start":{"line":28,"column":6},"end":{"line":34,"column":11}},"15":{"start":{"line":32,"column":10},"end":{"line":32,"column":43}},"16":{"start":{"line":33,"column":10},"end":{"line":33,"column":17}},"17":{"start":{"line":38,"column":2},"end":{"line":46,"column":5}},"18":{"start":{"line":39,"column":4},"end":{"line":45,"column":7}},"19":{"start":{"line":40,"column":6},"end":{"line":44,"column":11}},"20":{"start":{"line":43,"column":10},"end":{"line":43,"column":43}},"21":{"start":{"line":49,"column":2},"end":{"line":66,"column":5}},"22":{"start":{"line":50,"column":4},"end":{"line":57,"column":7}},"23":{"start":{"line":51,"column":6},"end":{"line":56,"column":11}},"24":{"start":{"line":54,"column":10},"end":{"line":54,"column":43}},"25":{"start":{"line":55,"column":10},"end":{"line":55,"column":17}},"26":{"start":{"line":58,"column":4},"end":{"line":65,"column":7}},"27":{"start":{"line":59,"column":6},"end":{"line":64,"column":11}},"28":{"start":{"line":62,"column":10},"end":{"line":62,"column":92}},"29":{"start":{"line":63,"column":10},"end":{"line":63,"column":17}},"30":{"start":{"line":68,"column":2},"end":{"line":85,"column":5}},"31":{"start":{"line":69,"column":4},"end":{"line":76,"column":7}},"32":{"start":{"line":70,"column":6},"end":{"line":75,"column":11}},"33":{"start":{"line":73,"column":10},"end":{"line":73,"column":43}},"34":{"start":{"line":74,"column":10},"end":{"line":74,"column":17}},"35":{"start":{"line":77,"column":4},"end":{"line":84,"column":7}},"36":{"start":{"line":78,"column":6},"end":{"line":83,"column":11}},"37":{"start":{"line":81,"column":10},"end":{"line":81,"column":46}},"38":{"start":{"line":82,"column":10},"end":{"line":82,"column":17}},"39":{"start":{"line":87,"column":2},"end":{"line":104,"column":5}},"40":{"start":{"line":88,"column":4},"end":{"line":95,"column":7}},"41":{"start":{"line":89,"column":6},"end":{"line":94,"column":11}},"42":{"start":{"line":92,"column":10},"end":{"line":92,"column":43}},"43":{"start":{"line":93,"column":10},"end":{"line":93,"column":17}},"44":{"start":{"line":96,"column":4},"end":{"line":103,"column":7}},"45":{"start":{"line":97,"column":6},"end":{"line":102,"column":11}},"46":{"start":{"line":100,"column":10},"end":{"line":100,"column":46}},"47":{"start":{"line":101,"column":10},"end":{"line":101,"column":17}},"48":{"start":{"line":106,"column":2},"end":{"line":111,"column":5}},"49":{"start":{"line":107,"column":4},"end":{"line":110,"column":7}},"50":{"start":{"line":108,"column":21},"end":{"line":108,"column":34}},"51":{"start":{"line":109,"column":6},"end":{"line":109,"column":41}},"52":{"start":{"line":113,"column":2},"end":{"line":118,"column":5}},"53":{"start":{"line":114,"column":4},"end":{"line":117,"column":7}},"54":{"start":{"line":115,"column":21},"end":{"line":115,"column":37}},"55":{"start":{"line":116,"column":6},"end":{"line":116,"column":41}},"56":{"start":{"line":120,"column":2},"end":{"line":125,"column":5}},"57":{"start":{"line":121,"column":4},"end":{"line":124,"column":7}},"58":{"start":{"line":122,"column":21},"end":{"line":122,"column":41}},"59":{"start":{"line":123,"column":6},"end":{"line":123,"column":41}},"60":{"start":{"line":127,"column":2},"end":{"line":132,"column":5}},"61":{"start":{"line":128,"column":4},"end":{"line":131,"column":7}},"62":{"start":{"line":129,"column":21},"end":{"line":129,"column":42}},"63":{"start":{"line":130,"column":6},"end":{"line":130,"column":41}},"64":{"start":{"line":134,"column":2},"end":{"line":139,"column":5}},"65":{"start":{"line":135,"column":4},"end":{"line":138,"column":7}},"66":{"start":{"line":136,"column":21},"end":{"line":136,"column":40}},"67":{"start":{"line":137,"column":6},"end":{"line":137,"column":41}},"68":{"start":{"line":141,"column":2},"end":{"line":146,"column":5}},"69":{"start":{"line":142,"column":4},"end":{"line":145,"column":7}},"70":{"start":{"line":143,"column":21},"end":{"line":143,"column":40}},"71":{"start":{"line":144,"column":6},"end":{"line":144,"column":41}},"72":{"start":{"line":147,"column":2},"end":{"line":155,"column":4}},"73":{"start":{"line":148,"column":4},"end":{"line":154,"column":6}},"74":{"start":{"line":149,"column":6},"end":{"line":153,"column":10}},"75":{"start":{"line":152,"column":10},"end":{"line":152,"column":43}}},"fnMap":{"0":{"name":"(anonymous_0)","decl":{"start":{"line":10,"column":19},"end":{"line":10,"column":20}},"loc":{"start":{"line":10,"column":25},"end":{"line":156,"column":1}},"line":10},"1":{"name":"(anonymous_1)","decl":{"start":{"line":11,"column":30},"end":{"line":11,"column":31}},"loc":{"start":{"line":11,"column":36},"end":{"line":36,"column":3}},"line":11},"2":{"name":"(anonymous_2)","decl":{"start":{"line":17,"column":43},"end":{"line":17,"column":44}},"loc":{"start":{"line":17,"column":53},"end":{"line":25,"column":5}},"line":17},"3":{"name":"(anonymous_3)","decl":{"start":{"line":21,"column":13},"end":{"line":21,"column":14}},"loc":{"start":{"line":21,"column":27},"end":{"line":24,"column":9}},"line":21},"4":{"name":"(anonymous_4)","decl":{"start":{"line":27,"column":43},"end":{"line":27,"column":44}},"loc":{"start":{"line":27,"column":53},"end":{"line":35,"column":5}},"line":27},"5":{"name":"(anonymous_5)","decl":{"start":{"line":31,"column":13},"end":{"line":31,"column":14}},"loc":{"start":{"line":31,"column":27},"end":{"line":34,"column":9}},"line":31},"6":{"name":"(anonymous_6)","decl":{"start":{"line":38,"column":31},"end":{"line":38,"column":32}},"loc":{"start":{"line":38,"column":37},"end":{"line":46,"column":3}},"line":38},"7":{"name":"(anonymous_7)","decl":{"start":{"line":39,"column":43},"end":{"line":39,"column":44}},"loc":{"start":{"line":39,"column":49},"end":{"line":45,"column":5}},"line":39},"8":{"name":"(anonymous_8)","decl":{"start":{"line":42,"column":13},"end":{"line":42,"column":14}},"loc":{"start":{"line":42,"column":27},"end":{"line":44,"column":9}},"line":42},"9":{"name":"(anonymous_9)","decl":{"start":{"line":49,"column":37},"end":{"line":49,"column":38}},"loc":{"start":{"line":49,"column":43},"end":{"line":66,"column":3}},"line":49},"10":{"name":"(anonymous_10)","decl":{"start":{"line":50,"column":43},"end":{"line":50,"column":44}},"loc":{"start":{"line":50,"column":53},"end":{"line":57,"column":5}},"line":50},"11":{"name":"(anonymous_11)","decl":{"start":{"line":53,"column":13},"end":{"line":53,"column":14}},"loc":{"start":{"line":53,"column":27},"end":{"line":56,"column":9}},"line":53},"12":{"name":"(anonymous_12)","decl":{"start":{"line":58,"column":38},"end":{"line":58,"column":39}},"loc":{"start":{"line":58,"column":48},"end":{"line":65,"column":5}},"line":58},"13":{"name":"(anonymous_13)","decl":{"start":{"line":61,"column":13},"end":{"line":61,"column":14}},"loc":{"start":{"line":61,"column":27},"end":{"line":64,"column":9}},"line":61},"14":{"name":"(anonymous_14)","decl":{"start":{"line":68,"column":35},"end":{"line":68,"column":36}},"loc":{"start":{"line":68,"column":41},"end":{"line":85,"column":3}},"line":68},"15":{"name":"(anonymous_15)","decl":{"start":{"line":69,"column":43},"end":{"line":69,"column":44}},"loc":{"start":{"line":69,"column":53},"end":{"line":76,"column":5}},"line":69},"16":{"name":"(anonymous_16)","decl":{"start":{"line":72,"column":13},"end":{"line":72,"column":14}},"loc":{"start":{"line":72,"column":27},"end":{"line":75,"column":9}},"line":72},"17":{"name":"(anonymous_17)","decl":{"start":{"line":77,"column":30},"end":{"line":77,"column":31}},"loc":{"start":{"line":77,"column":40},"end":{"line":84,"column":5}},"line":77},"18":{"name":"(anonymous_18)","decl":{"start":{"line":80,"column":13},"end":{"line":80,"column":14}},"loc":{"start":{"line":80,"column":27},"end":{"line":83,"column":9}},"line":80},"19":{"name":"(anonymous_19)","decl":{"start":{"line":87,"column":34},"end":{"line":87,"column":35}},"loc":{"start":{"line":87,"column":40},"end":{"line":104,"column":3}},"line":87},"20":{"name":"(anonymous_20)","decl":{"start":{"line":88,"column":43},"end":{"line":88,"column":44}},"loc":{"start":{"line":88,"column":53},"end":{"line":95,"column":5}},"line":88},"21":{"name":"(anonymous_21)","decl":{"start":{"line":91,"column":13},"end":{"line":91,"column":14}},"loc":{"start":{"line":91,"column":27},"end":{"line":94,"column":9}},"line":91},"22":{"name":"(anonymous_22)","decl":{"start":{"line":96,"column":34},"end":{"line":96,"column":35}},"loc":{"start":{"line":96,"column":44},"end":{"line":103,"column":5}},"line":96},"23":{"name":"(anonymous_23)","decl":{"start":{"line":99,"column":13},"end":{"line":99,"column":14}},"loc":{"start":{"line":99,"column":27},"end":{"line":102,"column":9}},"line":99},"24":{"name":"(anonymous_24)","decl":{"start":{"line":106,"column":23},"end":{"line":106,"column":24}},"loc":{"start":{"line":106,"column":29},"end":{"line":111,"column":3}},"line":106},"25":{"name":"(anonymous_25)","decl":{"start":{"line":107,"column":31},"end":{"line":107,"column":32}},"loc":{"start":{"line":107,"column":37},"end":{"line":110,"column":5}},"line":107},"26":{"name":"(anonymous_26)","decl":{"start":{"line":113,"column":26},"end":{"line":113,"column":27}},"loc":{"start":{"line":113,"column":32},"end":{"line":118,"column":3}},"line":113},"27":{"name":"(anonymous_27)","decl":{"start":{"line":114,"column":31},"end":{"line":114,"column":32}},"loc":{"start":{"line":114,"column":37},"end":{"line":117,"column":5}},"line":114},"28":{"name":"(anonymous_28)","decl":{"start":{"line":120,"column":30},"end":{"line":120,"column":31}},"loc":{"start":{"line":120,"column":36},"end":{"line":125,"column":3}},"line":120},"29":{"name":"(anonymous_29)","decl":{"start":{"line":121,"column":31},"end":{"line":121,"column":32}},"loc":{"start":{"line":121,"column":37},"end":{"line":124,"column":5}},"line":121},"30":{"name":"(anonymous_30)","decl":{"start":{"line":127,"column":31},"end":{"line":127,"column":32}},"loc":{"start":{"line":127,"column":37},"end":{"line":132,"column":3}},"line":127},"31":{"name":"(anonymous_31)","decl":{"start":{"line":128,"column":31},"end":{"line":128,"column":32}},"loc":{"start":{"line":128,"column":37},"end":{"line":131,"column":5}},"line":128},"32":{"name":"(anonymous_32)","decl":{"start":{"line":134,"column":29},"end":{"line":134,"column":30}},"loc":{"start":{"line":134,"column":35},"end":{"line":139,"column":3}},"line":134},"33":{"name":"(anonymous_33)","decl":{"start":{"line":135,"column":31},"end":{"line":135,"column":32}},"loc":{"start":{"line":135,"column":37},"end":{"line":138,"column":5}},"line":135},"34":{"name":"(anonymous_34)","decl":{"start":{"line":141,"column":29},"end":{"line":141,"column":30}},"loc":{"start":{"line":141,"column":35},"end":{"line":146,"column":3}},"line":141},"35":{"name":"(anonymous_35)","decl":{"start":{"line":142,"column":31},"end":{"line":142,"column":32}},"loc":{"start":{"line":142,"column":37},"end":{"line":145,"column":5}},"line":142},"36":{"name":"(anonymous_36)","decl":{"start":{"line":147,"column":33},"end":{"line":147,"column":34}},"loc":{"start":{"line":147,"column":37},"end":{"line":155,"column":3}},"line":147},"37":{"name":"(anonymous_37)","decl":{"start":{"line":148,"column":42},"end":{"line":148,"column":43}},"loc":{"start":{"line":148,"column":46},"end":{"line":154,"column":5}},"line":148},"38":{"name":"(anonymous_38)","decl":{"start":{"line":151,"column":13},"end":{"line":151,"column":14}},"loc":{"start":{"line":151,"column":24},"end":{"line":153,"column":9}},"line":151}},"branchMap":{},"s":{"0":1,"1":1,"2":1,"3":1,"4":1,"5":1,"6":1,"7":1,"8":1,"9":1,"10":1,"11":1,"12":1,"13":1,"14":1,"15":1,"16":1,"17":1,"18":1,"19":1,"20":1,"21":1,"22":1,"23":1,"24":1,"25":1,"26":1,"27":1,"28":1,"29":1,"30":1,"31":1,"32":1,"33":1,"34":1,"35":1,"36":1,"37":1,"38":1,"39":1,"40":1,"41":1,"42":1,"43":1,"44":1,"45":1,"46":1,"47":1,"48":1,"49":1,"50":1,"51":1,"52":1,"53":1,"54":1,"55":1,"56":1,"57":1,"58":1,"59":1,"60":1,"61":1,"62":1,"63":1,"64":1,"65":1,"66":1,"67":1,"68":1,"69":1,"70":1,"71":1,"72":1,"73":1,"74":1,"75":1},"f":{"0":1,"1":1,"2":1,"3":1,"4":1,"5":1,"6":1,"7":1,"8":1,"9":1,"10":1,"11":1,"12":1,"13":1,"14":1,"15":1,"16":1,"17":1,"18":1,"19":1,"20":1,"21":1,"22":1,"23":1,"24":1,"25":1,"26":1,"27":1,"28":1,"29":1,"30":1,"31":1,"32":1,"33":1,"34":1,"35":1,"36":1,"37":1,"38":1},"b":{},"_coverageSchema":"43e27e138ebf9cfc5966b082cf9a028302ed4184","hash":"60890ce332b1181ac45a4ce326c1211ea59ee080","contentHash":"d1728de926427b29cfdb4a077fd283bc"},"/home/gratian/node/questioner/app.js":{"path":"/home/gratian/node/questioner/app.js","statementMap":{"0":{"start":{"line":1,"column":16},"end":{"line":1,"column":34}},"1":{"start":{"line":2,"column":19},"end":{"line":2,"column":41}},"2":{"start":{"line":3,"column":13},"end":{"line":3,"column":28}},"3":{"start":{"line":5,"column":19},"end":{"line":5,"column":56}},"4":{"start":{"line":6,"column":20},"end":{"line":6,"column":58}},"5":{"start":{"line":8,"column":12},"end":{"line":8,"column":21}},"6":{"start":{"line":11,"column":0},"end":{"line":11,"column":56}},"7":{"start":{"line":13,"column":0},"end":{"line":13,"column":27}},"8":{"start":{"line":14,"column":0},"end":{"line":14,"column":52}},"9":{"start":{"line":16,"column":0},"end":{"line":29,"column":3}},"10":{"start":{"line":18,"column":2},"end":{"line":18,"column":49}},"11":{"start":{"line":20,"column":2},"end":{"line":21,"column":65}},"12":{"start":{"line":23,"column":2},"end":{"line":26,"column":3}},"13":{"start":{"line":24,"column":4},"end":{"line":24,"column":76}},"14":{"start":{"line":25,"column":4},"end":{"line":25,"column":36}},"15":{"start":{"line":27,"column":2},"end":{"line":27,"column":9}},"16":{"start":{"line":28,"column":2},"end":{"line":28,"column":15}},"17":{"start":{"line":31,"column":0},"end":{"line":31,"column":31}},"18":{"start":{"line":32,"column":0},"end":{"line":32,"column":38}},"19":{"start":{"line":36,"column":0},"end":{"line":36,"column":21}}},"fnMap":{"0":{"name":"(anonymous_0)","decl":{"start":{"line":16,"column":8},"end":{"line":16,"column":9}},"loc":{"start":{"line":16,"column":28},"end":{"line":29,"column":1}},"line":16}},"branchMap":{"0":{"loc":{"start":{"line":23,"column":2},"end":{"line":26,"column":3}},"type":"if","locations":[{"start":{"line":23,"column":2},"end":{"line":26,"column":3}},{"start":{"line":23,"column":2},"end":{"line":26,"column":3}}],"line":23}},"s":{"0":1,"1":1,"2":1,"3":1,"4":1,"5":1,"6":1,"7":1,"8":1,"9":1,"10":20,"11":20,"12":20,"13":0,"14":0,"15":20,"16":20,"17":1,"18":1,"19":1},"f":{"0":20},"b":{"0":[0,20]},"_coverageSchema":"43e27e138ebf9cfc5966b082cf9a028302ed4184","hash":"6b59ddec95d75b2b12228490640e63558d44e57d","contentHash":"4da661ffdc0e06a84a00903c99a4c43c"},"/home/gratian/node/questioner/server/router/userRoutes.js":{"path":"/home/gratian/node/questioner/server/router/userRoutes.js","statementMap":{"0":{"start":{"line":1,"column":16},"end":{"line":1,"column":34}},"1":{"start":{"line":3,"column":15},"end":{"line":3,"column":31}},"2":{"start":{"line":7,"column":13},"end":{"line":7,"column":69}},"3":{"start":{"line":8,"column":23},"end":{"line":8,"column":63}},"4":{"start":{"line":9,"column":15},"end":{"line":9,"column":57}},"5":{"start":{"line":10,"column":17},"end":{"line":10,"column":61}},"6":{"start":{"line":13,"column":0},"end":{"line":13,"column":40}},"7":{"start":{"line":16,"column":0},"end":{"line":16,"column":45}},"8":{"start":{"line":19,"column":0},"end":{"line":19,"column":51}},"9":{"start":{"line":22,"column":0},"end":{"line":22,"column":51}},"10":{"start":{"line":25,"column":0},"end":{"line":25,"column":50}},"11":{"start":{"line":29,"column":0},"end":{"line":29,"column":39}},"12":{"start":{"line":32,"column":0},"end":{"line":32,"column":41}},"13":{"start":{"line":35,"column":0},"end":{"line":35,"column":49}},"14":{"start":{"line":38,"column":0},"end":{"line":38,"column":58}},"15":{"start":{"line":41,"column":0},"end":{"line":41,"column":51}},"16":{"start":{"line":44,"column":0},"end":{"line":44,"column":50}},"17":{"start":{"line":47,"column":0},"end":{"line":47,"column":51}},"18":{"start":{"line":52,"column":0},"end":{"line":52,"column":62}},"19":{"start":{"line":55,"column":0},"end":{"line":55,"column":53}},"20":{"start":{"line":58,"column":0},"end":{"line":58,"column":59}},"21":{"start":{"line":61,"column":0},"end":{"line":61,"column":57}},"22":{"start":{"line":64,"column":0},"end":{"line":64,"column":49}},"23":{"start":{"line":66,"column":0},"end":{"line":66,"column":24}}},"fnMap":{},"branchMap":{},"s":{"0":1,"1":1,"2":1,"3":1,"4":1,"5":1,"6":1,"7":1,"8":1,"9":1,"10":1,"11":1,"12":1,"13":1,"14":1,"15":1,"16":1,"17":1,"18":1,"19":1,"20":1,"21":1,"22":1,"23":1},"f":{},"b":{},"_coverageSchema":"43e27e138ebf9cfc5966b082cf9a028302ed4184","hash":"fb32b49170308d30fc33e69a31f4cb1f83d9d2fd","contentHash":"d86344c75d92ca824c72a049310a64a5"},"/home/gratian/node/questioner/server/controllers/authControllers/authController.js":{"path":"/home/gratian/node/questioner/server/controllers/authControllers/authController.js","statementMap":{"0":{"start":{"line":1,"column":13},"end":{"line":1,"column":28}},"1":{"start":{"line":2,"column":15},"end":{"line":2,"column":34}},"2":{"start":{"line":3,"column":27},"end":{"line":3,"column":64}},"3":{"start":{"line":4,"column":13},"end":{"line":4,"column":46}},"4":{"start":{"line":6,"column":0},"end":{"line":46,"column":2}},"5":{"start":{"line":7,"column":30},"end":{"line":7,"column":58}},"6":{"start":{"line":8,"column":2},"end":{"line":10,"column":3}},"7":{"start":{"line":9,"column":4},"end":{"line":9,"column":40}},"8":{"start":{"line":11,"column":15},"end":{"line":22,"column":3}},"9":{"start":{"line":24,"column":2},"end":{"line":26,"column":3}},"10":{"start":{"line":25,"column":4},"end":{"line":25,"column":70}},"11":{"start":{"line":28,"column":2},"end":{"line":30,"column":3}},"12":{"start":{"line":29,"column":4},"end":{"line":29,"column":67}},"13":{"start":{"line":32,"column":2},"end":{"line":45,"column":5}},"14":{"start":{"line":33,"column":4},"end":{"line":35,"column":5}},"15":{"start":{"line":34,"column":6},"end":{"line":34,"column":23}},"16":{"start":{"line":36,"column":4},"end":{"line":44,"column":7}},"17":{"start":{"line":37,"column":6},"end":{"line":37,"column":27}},"18":{"start":{"line":39,"column":19},"end":{"line":39,"column":36}},"19":{"start":{"line":40,"column":6},"end":{"line":43,"column":9}}},"fnMap":{"0":{"name":"(anonymous_0)","decl":{"start":{"line":6,"column":19},"end":{"line":6,"column":20}},"loc":{"start":{"line":6,"column":33},"end":{"line":46,"column":1}},"line":6},"1":{"name":"(anonymous_1)","decl":{"start":{"line":32,"column":21},"end":{"line":32,"column":22}},"loc":{"start":{"line":32,"column":36},"end":{"line":45,"column":3}},"line":32},"2":{"name":"(anonymous_2)","decl":{"start":{"line":36,"column":37},"end":{"line":36,"column":38}},"loc":{"start":{"line":36,"column":54},"end":{"line":44,"column":5}},"line":36}},"branchMap":{"0":{"loc":{"start":{"line":8,"column":2},"end":{"line":10,"column":3}},"type":"if","locations":[{"start":{"line":8,"column":2},"end":{"line":10,"column":3}},{"start":{"line":8,"column":2},"end":{"line":10,"column":3}}],"line":8},"1":{"loc":{"start":{"line":17,"column":15},"end":{"line":17,"column":75}},"type":"cond-expr","locations":[{"start":{"line":17,"column":38},"end":{"line":17,"column":70}},{"start":{"line":17,"column":73},"end":{"line":17,"column":75}}],"line":17},"2":{"loc":{"start":{"line":20,"column":13},"end":{"line":20,"column":58}},"type":"cond-expr","locations":[{"start":{"line":20,"column":34},"end":{"line":20,"column":50}},{"start":{"line":20,"column":53},"end":{"line":20,"column":58}}],"line":20},"3":{"loc":{"start":{"line":24,"column":2},"end":{"line":26,"column":3}},"type":"if","locations":[{"start":{"line":24,"column":2},"end":{"line":26,"column":3}},{"start":{"line":24,"column":2},"end":{"line":26,"column":3}}],"line":24},"4":{"loc":{"start":{"line":28,"column":2},"end":{"line":30,"column":3}},"type":"if","locations":[{"start":{"line":28,"column":2},"end":{"line":30,"column":3}},{"start":{"line":28,"column":2},"end":{"line":30,"column":3}}],"line":28},"5":{"loc":{"start":{"line":33,"column":4},"end":{"line":35,"column":5}},"type":"if","locations":[{"start":{"line":33,"column":4},"end":{"line":35,"column":5}},{"start":{"line":33,"column":4},"end":{"line":35,"column":5}}],"line":33}},"s":{"0":1,"1":1,"2":1,"3":1,"4":1,"5":1,"6":1,"7":1,"8":0,"9":0,"10":0,"11":0,"12":0,"13":0,"14":0,"15":0,"16":0,"17":0,"18":0,"19":0},"f":{"0":1,"1":0,"2":0},"b":{"0":[1,0],"1":[0,0],"2":[0,0],"3":[0,0],"4":[0,0],"5":[0,0]},"_coverageSchema":"43e27e138ebf9cfc5966b082cf9a028302ed4184","hash":"f7fbc0b7bc02256d8476681ff4db29d56bd7ee42","contentHash":"4127cb329e04f2b4ed4e75bb1074fcb6"},"/home/gratian/node/questioner/server/validations/register.js":{"path":"/home/gratian/node/questioner/server/validations/register.js","statementMap":{"0":{"start":{"line":1,"column":18},"end":{"line":1,"column":38}},"1":{"start":{"line":2,"column":16},"end":{"line":2,"column":36}},"2":{"start":{"line":4,"column":0},"end":{"line":49,"column":2}},"3":{"start":{"line":5,"column":17},"end":{"line":5,"column":19}},"4":{"start":{"line":7,"column":2},"end":{"line":7,"column":54}},"5":{"start":{"line":8,"column":2},"end":{"line":8,"column":66}},"6":{"start":{"line":9,"column":2},"end":{"line":9,"column":63}},"7":{"start":{"line":10,"column":2},"end":{"line":10,"column":72}},"8":{"start":{"line":11,"column":2},"end":{"line":11,"column":63}},"9":{"start":{"line":12,"column":2},"end":{"line":12,"column":63}},"10":{"start":{"line":15,"column":2},"end":{"line":17,"column":3}},"11":{"start":{"line":16,"column":4},"end":{"line":16,"column":39}},"12":{"start":{"line":18,"column":2},"end":{"line":20,"column":3}},"13":{"start":{"line":19,"column":4},"end":{"line":19,"column":47}},"14":{"start":{"line":21,"column":2},"end":{"line":23,"column":3}},"15":{"start":{"line":22,"column":4},"end":{"line":22,"column":45}},"16":{"start":{"line":24,"column":2},"end":{"line":26,"column":3}},"17":{"start":{"line":25,"column":4},"end":{"line":25,"column":51}},"18":{"start":{"line":27,"column":2},"end":{"line":29,"column":3}},"19":{"start":{"line":28,"column":4},"end":{"line":28,"column":45}},"20":{"start":{"line":30,"column":2},"end":{"line":32,"column":3}},"21":{"start":{"line":31,"column":4},"end":{"line":31,"column":62}},"22":{"start":{"line":34,"column":2},"end":{"line":36,"column":3}},"23":{"start":{"line":35,"column":4},"end":{"line":35,"column":45}},"24":{"start":{"line":37,"column":2},"end":{"line":39,"column":3}},"25":{"start":{"line":38,"column":4},"end":{"line":38,"column":61}},"26":{"start":{"line":41,"column":2},"end":{"line":43,"column":3}},"27":{"start":{"line":42,"column":4},"end":{"line":42,"column":41}},"28":{"start":{"line":45,"column":2},"end":{"line":48,"column":4}}},"fnMap":{"0":{"name":"(anonymous_0)","decl":{"start":{"line":4,"column":17},"end":{"line":4,"column":18}},"loc":{"start":{"line":4,"column":27},"end":{"line":49,"column":1}},"line":4}},"branchMap":{"0":{"loc":{"start":{"line":7,"column":15},"end":{"line":7,"column":53}},"type":"cond-expr","locations":[{"start":{"line":7,"column":38},"end":{"line":7,"column":48}},{"start":{"line":7,"column":51},"end":{"line":7,"column":53}}],"line":7},"1":{"loc":{"start":{"line":8,"column":19},"end":{"line":8,"column":65}},"type":"cond-expr","locations":[{"start":{"line":8,"column":46},"end":{"line":8,"column":60}},{"start":{"line":8,"column":63},"end":{"line":8,"column":65}}],"line":8},"2":{"loc":{"start":{"line":9,"column":18},"end":{"line":9,"column":62}},"type":"cond-expr","locations":[{"start":{"line":9,"column":44},"end":{"line":9,"column":57}},{"start":{"line":9,"column":60},"end":{"line":9,"column":62}}],"line":9},"3":{"loc":{"start":{"line":10,"column":21},"end":{"line":10,"column":71}},"type":"cond-expr","locations":[{"start":{"line":10,"column":50},"end":{"line":10,"column":66}},{"start":{"line":10,"column":69},"end":{"line":10,"column":71}}],"line":10},"4":{"loc":{"start":{"line":11,"column":18},"end":{"line":11,"column":62}},"type":"cond-expr","locations":[{"start":{"line":11,"column":44},"end":{"line":11,"column":57}},{"start":{"line":11,"column":60},"end":{"line":11,"column":62}}],"line":11},"5":{"loc":{"start":{"line":12,"column":18},"end":{"line":12,"column":62}},"type":"cond-expr","locations":[{"start":{"line":12,"column":44},"end":{"line":12,"column":57}},{"start":{"line":12,"column":60},"end":{"line":12,"column":62}}],"line":12},"6":{"loc":{"start":{"line":15,"column":2},"end":{"line":17,"column":3}},"type":"if","locations":[{"start":{"line":15,"column":2},"end":{"line":17,"column":3}},{"start":{"line":15,"column":2},"end":{"line":17,"column":3}}],"line":15},"7":{"loc":{"start":{"line":18,"column":2},"end":{"line":20,"column":3}},"type":"if","locations":[{"start":{"line":18,"column":2},"end":{"line":20,"column":3}},{"start":{"line":18,"column":2},"end":{"line":20,"column":3}}],"line":18},"8":{"loc":{"start":{"line":21,"column":2},"end":{"line":23,"column":3}},"type":"if","locations":[{"start":{"line":21,"column":2},"end":{"line":23,"column":3}},{"start":{"line":21,"column":2},"end":{"line":23,"column":3}}],"line":21},"9":{"loc":{"start":{"line":24,"column":2},"end":{"line":26,"column":3}},"type":"if","locations":[{"start":{"line":24,"column":2},"end":{"line":26,"column":3}},{"start":{"line":24,"column":2},"end":{"line":26,"column":3}}],"line":24},"10":{"loc":{"start":{"line":27,"column":2},"end":{"line":29,"column":3}},"type":"if","locations":[{"start":{"line":27,"column":2},"end":{"line":29,"column":3}},{"start":{"line":27,"column":2},"end":{"line":29,"column":3}}],"line":27},"11":{"loc":{"start":{"line":30,"column":2},"end":{"line":32,"column":3}},"type":"if","locations":[{"start":{"line":30,"column":2},"end":{"line":32,"column":3}},{"start":{"line":30,"column":2},"end":{"line":32,"column":3}}],"line":30},"12":{"loc":{"start":{"line":34,"column":2},"end":{"line":36,"column":3}},"type":"if","locations":[{"start":{"line":34,"column":2},"end":{"line":36,"column":3}},{"start":{"line":34,"column":2},"end":{"line":36,"column":3}}],"line":34},"13":{"loc":{"start":{"line":37,"column":2},"end":{"line":39,"column":3}},"type":"if","locations":[{"start":{"line":37,"column":2},"end":{"line":39,"column":3}},{"start":{"line":37,"column":2},"end":{"line":39,"column":3}}],"line":37},"14":{"loc":{"start":{"line":41,"column":2},"end":{"line":43,"column":3}},"type":"if","locations":[{"start":{"line":41,"column":2},"end":{"line":43,"column":3}},{"start":{"line":41,"column":2},"end":{"line":43,"column":3}}],"line":41}},"s":{"0":1,"1":1,"2":1,"3":1,"4":1,"5":1,"6":1,"7":1,"8":1,"9":1,"10":1,"11":1,"12":1,"13":1,"14":1,"15":1,"16":1,"17":1,"18":1,"19":0,"20":1,"21":0,"22":1,"23":0,"24":1,"25":0,"26":1,"27":1,"28":1},"f":{"0":1},"b":{"0":[0,1],"1":[0,1],"2":[0,1],"3":[0,1],"4":[1,0],"5":[1,0],"6":[1,0],"7":[1,0],"8":[1,0],"9":[1,0],"10":[0,1],"11":[0,1],"12":[0,1],"13":[0,1],"14":[1,0]},"_coverageSchema":"43e27e138ebf9cfc5966b082cf9a028302ed4184","hash":"119b99bc7564d45e8afdb21810cdf912beb0484e","contentHash":"206f1d04ddd56ef3e375359f24d5d561"},"/home/gratian/node/questioner/server/validations/isEmpty.js":{"path":"/home/gratian/node/questioner/server/validations/isEmpty.js","statementMap":{"0":{"start":{"line":1,"column":16},"end":{"line":4,"column":63}},"1":{"start":{"line":1,"column":25},"end":{"line":4,"column":63}},"2":{"start":{"line":6,"column":0},"end":{"line":6,"column":25}}},"fnMap":{"0":{"name":"(anonymous_0)","decl":{"start":{"line":1,"column":16},"end":{"line":1,"column":17}},"loc":{"start":{"line":1,"column":25},"end":{"line":4,"column":63}},"line":1}},"branchMap":{"0":{"loc":{"start":{"line":1,"column":25},"end":{"line":4,"column":63}},"type":"binary-expr","locations":[{"start":{"line":1,"column":25},"end":{"line":1,"column":44}},{"start":{"line":2,"column":7},"end":{"line":2,"column":21}},{"start":{"line":3,"column":8},"end":{"line":3,"column":33}},{"start":{"line":3,"column":37},"end":{"line":3,"column":68}},{"start":{"line":4,"column":8},"end":{"line":4,"column":33}},{"start":{"line":4,"column":37},"end":{"line":4,"column":62}}],"line":1}},"s":{"0":1,"1":31,"2":1},"f":{"0":31},"b":{"0":[31,16,16,7,15,9]},"_coverageSchema":"43e27e138ebf9cfc5966b082cf9a028302ed4184","hash":"7bc37f9e02f4ddeb41ba941ddbd89ed5967a52cc","contentHash":"a432a5a3b0c79db53d276f2b1da31f5f"},"/home/gratian/node/questioner/server/models/userModel.js":{"path":"/home/gratian/node/questioner/server/models/userModel.js","statementMap":{"0":{"start":{"line":3,"column":4},"end":{"line":3,"column":20}},"1":{"start":{"line":7,"column":20},"end":{"line":7,"column":27}},"2":{"start":{"line":8,"column":4},"end":{"line":8,"column":29}},"3":{"start":{"line":9,"column":4},"end":{"line":9,"column":23}},"4":{"start":{"line":13,"column":4},"end":{"line":13,"column":22}},"5":{"start":{"line":17,"column":4},"end":{"line":17,"column":59}},"6":{"start":{"line":17,"column":35},"end":{"line":17,"column":57}},"7":{"start":{"line":21,"column":4},"end":{"line":21,"column":51}},"8":{"start":{"line":21,"column":35},"end":{"line":21,"column":49}},"9":{"start":{"line":25,"column":4},"end":{"line":25,"column":62}},"10":{"start":{"line":25,"column":35},"end":{"line":25,"column":60}},"11":{"start":{"line":29,"column":4},"end":{"line":29,"column":59}},"12":{"start":{"line":29,"column":35},"end":{"line":29,"column":57}},"13":{"start":{"line":33,"column":17},"end":{"line":33,"column":27}},"14":{"start":{"line":34,"column":19},"end":{"line":34,"column":47}},"15":{"start":{"line":35,"column":4},"end":{"line":35,"column":27}},"16":{"start":{"line":36,"column":4},"end":{"line":36,"column":16}},"17":{"start":{"line":40,"column":18},"end":{"line":40,"column":35}},"18":{"start":{"line":41,"column":17},"end":{"line":41,"column":42}},"19":{"start":{"line":42,"column":4},"end":{"line":42,"column":40}},"20":{"start":{"line":46,"column":0},"end":{"line":46,"column":28}}},"fnMap":{"0":{"name":"(anonymous_0)","decl":{"start":{"line":2,"column":2},"end":{"line":2,"column":3}},"loc":{"start":{"line":2,"column":16},"end":{"line":4,"column":3}},"line":2},"1":{"name":"(anonymous_1)","decl":{"start":{"line":6,"column":2},"end":{"line":6,"column":3}},"loc":{"start":{"line":6,"column":18},"end":{"line":10,"column":3}},"line":6},"2":{"name":"(anonymous_2)","decl":{"start":{"line":12,"column":2},"end":{"line":12,"column":3}},"loc":{"start":{"line":12,"column":12},"end":{"line":14,"column":3}},"line":12},"3":{"name":"(anonymous_3)","decl":{"start":{"line":16,"column":2},"end":{"line":16,"column":3}},"loc":{"start":{"line":16,"column":16},"end":{"line":18,"column":3}},"line":16},"4":{"name":"(anonymous_4)","decl":{"start":{"line":17,"column":27},"end":{"line":17,"column":28}},"loc":{"start":{"line":17,"column":35},"end":{"line":17,"column":57}},"line":17},"5":{"name":"(anonymous_5)","decl":{"start":{"line":20,"column":2},"end":{"line":20,"column":3}},"loc":{"start":{"line":20,"column":15},"end":{"line":22,"column":3}},"line":20},"6":{"name":"(anonymous_6)","decl":{"start":{"line":21,"column":27},"end":{"line":21,"column":28}},"loc":{"start":{"line":21,"column":35},"end":{"line":21,"column":49}},"line":21},"7":{"name":"(anonymous_7)","decl":{"start":{"line":24,"column":2},"end":{"line":24,"column":3}},"loc":{"start":{"line":24,"column":25},"end":{"line":26,"column":3}},"line":24},"8":{"name":"(anonymous_8)","decl":{"start":{"line":25,"column":27},"end":{"line":25,"column":28}},"loc":{"start":{"line":25,"column":35},"end":{"line":25,"column":60}},"line":25},"9":{"name":"(anonymous_9)","decl":{"start":{"line":28,"column":2},"end":{"line":28,"column":3}},"loc":{"start":{"line":28,"column":22},"end":{"line":30,"column":3}},"line":28},"10":{"name":"(anonymous_10)","decl":{"start":{"line":29,"column":27},"end":{"line":29,"column":28}},"loc":{"start":{"line":29,"column":35},"end":{"line":29,"column":57}},"line":29},"11":{"name":"(anonymous_11)","decl":{"start":{"line":32,"column":2},"end":{"line":32,"column":3}},"loc":{"start":{"line":32,"column":21},"end":{"line":37,"column":3}},"line":32},"12":{"name":"(anonymous_12)","decl":{"start":{"line":39,"column":2},"end":{"line":39,"column":3}},"loc":{"start":{"line":39,"column":26},"end":{"line":43,"column":3}},"line":39}},"branchMap":{},"s":{"0":1,"1":1,"2":1,"3":1,"4":3,"5":1,"6":0,"7":1,"8":0,"9":0,"10":0,"11":0,"12":0,"13":1,"14":1,"15":1,"16":1,"17":0,"18":0,"19":0,"20":1},"f":{"0":1,"1":1,"2":3,"3":1,"4":0,"5":1,"6":0,"7":0,"8":0,"9":0,"10":0,"11":1,"12":0},"b":{},"_coverageSchema":"43e27e138ebf9cfc5966b082cf9a028302ed4184","hash":"80ec8237b21bbb00405f4eacd31c17446215f54e","contentHash":"a0282295d5e8f736abca92bd112a6652"},"/home/gratian/node/questioner/server/controllers/userController.js":{"path":"/home/gratian/node/questioner/server/controllers/userController.js","statementMap":{"0":{"start":{"line":1,"column":15},"end":{"line":1,"column":34}},"1":{"start":{"line":2,"column":23},"end":{"line":2,"column":57}},"2":{"start":{"line":3,"column":13},"end":{"line":3,"column":43}},"3":{"start":{"line":5,"column":0},"end":{"line":12,"column":2}},"4":{"start":{"line":6,"column":15},"end":{"line":6,"column":29}},"5":{"start":{"line":8,"column":2},"end":{"line":10,"column":3}},"6":{"start":{"line":9,"column":4},"end":{"line":9,"column":91}},"7":{"start":{"line":11,"column":2},"end":{"line":11,"column":44}},"8":{"start":{"line":13,"column":0},"end":{"line":21,"column":2}},"9":{"start":{"line":15,"column":18},"end":{"line":15,"column":61}},"10":{"start":{"line":17,"column":2},"end":{"line":19,"column":3}},"11":{"start":{"line":18,"column":4},"end":{"line":18,"column":91}},"12":{"start":{"line":20,"column":2},"end":{"line":20,"column":27}},"13":{"start":{"line":23,"column":0},"end":{"line":34,"column":2}},"14":{"start":{"line":24,"column":13},"end":{"line":24,"column":26}},"15":{"start":{"line":27,"column":14},"end":{"line":27,"column":33}},"16":{"start":{"line":28,"column":2},"end":{"line":30,"column":3}},"17":{"start":{"line":29,"column":4},"end":{"line":29,"column":63}},"18":{"start":{"line":31,"column":2},"end":{"line":33,"column":5}},"19":{"start":{"line":36,"column":0},"end":{"line":103,"column":2}},"20":{"start":{"line":37,"column":13},"end":{"line":37,"column":26}},"21":{"start":{"line":39,"column":2},"end":{"line":99,"column":3}},"22":{"start":{"line":41,"column":32},"end":{"line":41,"column":56}},"23":{"start":{"line":42,"column":4},"end":{"line":44,"column":5}},"24":{"start":{"line":43,"column":6},"end":{"line":43,"column":42}},"25":{"start":{"line":46,"column":23},"end":{"line":56,"column":5}},"26":{"start":{"line":57,"column":21},"end":{"line":57,"column":35}},"27":{"start":{"line":58,"column":19},"end":{"line":58,"column":58}},"28":{"start":{"line":58,"column":43},"end":{"line":58,"column":57}},"29":{"start":{"line":59,"column":4},"end":{"line":98,"column":5}},"30":{"start":{"line":63,"column":6},"end":{"line":75,"column":9}},"31":{"start":{"line":64,"column":8},"end":{"line":64,"column":50}},"32":{"start":{"line":64,"column":17},"end":{"line":64,"column":50}},"33":{"start":{"line":66,"column":9},"end":{"line":74,"column":11}},"34":{"start":{"line":67,"column":10},"end":{"line":67,"column":56}},"35":{"start":{"line":67,"column":21},"end":{"line":67,"column":56}},"36":{"start":{"line":68,"column":10},"end":{"line":68,"column":37}},"37":{"start":{"line":69,"column":10},"end":{"line":69,"column":29}},"38":{"start":{"line":70,"column":10},"end":{"line":73,"column":13}},"39":{"start":{"line":77,"column":6},"end":{"line":97,"column":9}},"40":{"start":{"line":79,"column":8},"end":{"line":81,"column":9}},"41":{"start":{"line":80,"column":10},"end":{"line":80,"column":76}},"42":{"start":{"line":83,"column":8},"end":{"line":85,"column":9}},"43":{"start":{"line":84,"column":10},"end":{"line":84,"column":73}},"44":{"start":{"line":86,"column":8},"end":{"line":96,"column":11}},"45":{"start":{"line":87,"column":10},"end":{"line":87,"column":52}},"46":{"start":{"line":87,"column":19},"end":{"line":87,"column":52}},"47":{"start":{"line":88,"column":10},"end":{"line":95,"column":13}},"48":{"start":{"line":89,"column":12},"end":{"line":89,"column":58}},"49":{"start":{"line":89,"column":23},"end":{"line":89,"column":58}},"50":{"start":{"line":90,"column":12},"end":{"line":90,"column":39}},"51":{"start":{"line":91,"column":12},"end":{"line":94,"column":15}},"52":{"start":{"line":100,"column":2},"end":{"line":102,"column":5}}},"fnMap":{"0":{"name":"(anonymous_0)","decl":{"start":{"line":5,"column":18},"end":{"line":5,"column":19}},"loc":{"start":{"line":5,"column":32},"end":{"line":12,"column":1}},"line":5},"1":{"name":"(anonymous_1)","decl":{"start":{"line":13,"column":18},"end":{"line":13,"column":19}},"loc":{"start":{"line":13,"column":32},"end":{"line":21,"column":1}},"line":13},"2":{"name":"(anonymous_2)","decl":{"start":{"line":23,"column":17},"end":{"line":23,"column":18}},"loc":{"start":{"line":23,"column":31},"end":{"line":34,"column":1}},"line":23},"3":{"name":"(anonymous_3)","decl":{"start":{"line":36,"column":17},"end":{"line":36,"column":18}},"loc":{"start":{"line":36,"column":31},"end":{"line":103,"column":1}},"line":36},"4":{"name":"(anonymous_4)","decl":{"start":{"line":58,"column":35},"end":{"line":58,"column":36}},"loc":{"start":{"line":58,"column":43},"end":{"line":58,"column":57}},"line":58},"5":{"name":"(anonymous_5)","decl":{"start":{"line":63,"column":25},"end":{"line":63,"column":26}},"loc":{"start":{"line":63,"column":40},"end":{"line":75,"column":7}},"line":63},"6":{"name":"(anonymous_6)","decl":{"start":{"line":66,"column":48},"end":{"line":66,"column":49}},"loc":{"start":{"line":66,"column":65},"end":{"line":74,"column":9}},"line":66},"7":{"name":"(anonymous_7)","decl":{"start":{"line":77,"column":21},"end":{"line":77,"column":22}},"loc":{"start":{"line":77,"column":31},"end":{"line":97,"column":7}},"line":77},"8":{"name":"(anonymous_8)","decl":{"start":{"line":86,"column":27},"end":{"line":86,"column":28}},"loc":{"start":{"line":86,"column":42},"end":{"line":96,"column":9}},"line":86},"9":{"name":"(anonymous_9)","decl":{"start":{"line":88,"column":56},"end":{"line":88,"column":57}},"loc":{"start":{"line":88,"column":73},"end":{"line":95,"column":11}},"line":88}},"branchMap":{"0":{"loc":{"start":{"line":8,"column":2},"end":{"line":10,"column":3}},"type":"if","locations":[{"start":{"line":8,"column":2},"end":{"line":10,"column":3}},{"start":{"line":8,"column":2},"end":{"line":10,"column":3}}],"line":8},"1":{"loc":{"start":{"line":17,"column":2},"end":{"line":19,"column":3}},"type":"if","locations":[{"start":{"line":17,"column":2},"end":{"line":19,"column":3}},{"start":{"line":17,"column":2},"end":{"line":19,"column":3}}],"line":17},"2":{"loc":{"start":{"line":28,"column":2},"end":{"line":30,"column":3}},"type":"if","locations":[{"start":{"line":28,"column":2},"end":{"line":30,"column":3}},{"start":{"line":28,"column":2},"end":{"line":30,"column":3}}],"line":28},"3":{"loc":{"start":{"line":39,"column":2},"end":{"line":99,"column":3}},"type":"if","locations":[{"start":{"line":39,"column":2},"end":{"line":99,"column":3}},{"start":{"line":39,"column":2},"end":{"line":99,"column":3}}],"line":39},"4":{"loc":{"start":{"line":42,"column":4},"end":{"line":44,"column":5}},"type":"if","locations":[{"start":{"line":42,"column":4},"end":{"line":44,"column":5}},{"start":{"line":42,"column":4},"end":{"line":44,"column":5}}],"line":42},"5":{"loc":{"start":{"line":52,"column":17},"end":{"line":52,"column":77}},"type":"cond-expr","locations":[{"start":{"line":52,"column":40},"end":{"line":52,"column":72}},{"start":{"line":52,"column":75},"end":{"line":52,"column":77}}],"line":52},"6":{"loc":{"start":{"line":55,"column":15},"end":{"line":55,"column":60}},"type":"cond-expr","locations":[{"start":{"line":55,"column":36},"end":{"line":55,"column":52}},{"start":{"line":55,"column":55},"end":{"line":55,"column":60}}],"line":55},"7":{"loc":{"start":{"line":59,"column":4},"end":{"line":98,"column":5}},"type":"if","locations":[{"start":{"line":59,"column":4},"end":{"line":98,"column":5}},{"start":{"line":59,"column":4},"end":{"line":98,"column":5}}],"line":59},"8":{"loc":{"start":{"line":64,"column":8},"end":{"line":64,"column":50}},"type":"if","locations":[{"start":{"line":64,"column":8},"end":{"line":64,"column":50}},{"start":{"line":64,"column":8},"end":{"line":64,"column":50}}],"line":64},"9":{"loc":{"start":{"line":67,"column":10},"end":{"line":67,"column":56}},"type":"if","locations":[{"start":{"line":67,"column":10},"end":{"line":67,"column":56}},{"start":{"line":67,"column":10},"end":{"line":67,"column":56}}],"line":67},"10":{"loc":{"start":{"line":79,"column":8},"end":{"line":81,"column":9}},"type":"if","locations":[{"start":{"line":79,"column":8},"end":{"line":81,"column":9}},{"start":{"line":79,"column":8},"end":{"line":81,"column":9}}],"line":79},"11":{"loc":{"start":{"line":83,"column":8},"end":{"line":85,"column":9}},"type":"if","locations":[{"start":{"line":83,"column":8},"end":{"line":85,"column":9}},{"start":{"line":83,"column":8},"end":{"line":85,"column":9}}],"line":83},"12":{"loc":{"start":{"line":87,"column":10},"end":{"line":87,"column":52}},"type":"if","locations":[{"start":{"line":87,"column":10},"end":{"line":87,"column":52}},{"start":{"line":87,"column":10},"end":{"line":87,"column":52}}],"line":87},"13":{"loc":{"start":{"line":89,"column":12},"end":{"line":89,"column":58}},"type":"if","locations":[{"start":{"line":89,"column":12},"end":{"line":89,"column":58}},{"start":{"line":89,"column":12},"end":{"line":89,"column":58}}],"line":89}},"s":{"0":1,"1":1,"2":1,"3":1,"4":2,"5":2,"6":0,"7":2,"8":1,"9":1,"10":1,"11":1,"12":0,"13":1,"14":1,"15":1,"16":1,"17":1,"18":0,"19":1,"20":1,"21":1,"22":0,"23":0,"24":0,"25":0,"26":0,"27":0,"28":0,"29":0,"30":0,"31":0,"32":0,"33":0,"34":0,"35":0,"36":0,"37":0,"38":0,"39":0,"40":0,"41":0,"42":0,"43":0,"44":0,"45":0,"46":0,"47":0,"48":0,"49":0,"50":0,"51":0,"52":1},"f":{"0":2,"1":1,"2":1,"3":1,"4":0,"5":0,"6":0,"7":0,"8":0,"9":0},"b":{"0":[0,2],"1":[1,0],"2":[1,0],"3":[0,1],"4":[0,0],"5":[0,0],"6":[0,0],"7":[0,0],"8":[0,0],"9":[0,0],"10":[0,0],"11":[0,0],"12":[0,0],"13":[0,0]},"_coverageSchema":"43e27e138ebf9cfc5966b082cf9a028302ed4184","hash":"3cf53472e6c377dbda279ff0c010ae18c32fde47","contentHash":"150cdb5cb247b6442bdb2c36bb88ceab"},"/home/gratian/node/questioner/server/controllers/meetupController.js":{"path":"/home/gratian/node/questioner/server/controllers/meetupController.js","statementMap":{"0":{"start":{"line":1,"column":13},"end":{"line":1,"column":28}},"1":{"start":{"line":2,"column":25},"end":{"line":2,"column":57}},"2":{"start":{"line":3,"column":27},"end":{"line":3,"column":61}},"3":{"start":{"line":6,"column":15},"end":{"line":6,"column":47}},"4":{"start":{"line":7,"column":17},"end":{"line":7,"column":51}},"5":{"start":{"line":9,"column":0},"end":{"line":36,"column":2}},"6":{"start":{"line":10,"column":30},"end":{"line":10,"column":56}},"7":{"start":{"line":12,"column":2},"end":{"line":14,"column":3}},"8":{"start":{"line":13,"column":4},"end":{"line":13,"column":40}},"9":{"start":{"line":15,"column":20},"end":{"line":22,"column":3}},"10":{"start":{"line":24,"column":2},"end":{"line":26,"column":3}},"11":{"start":{"line":25,"column":4},"end":{"line":25,"column":77}},"12":{"start":{"line":27,"column":15},"end":{"line":27,"column":39}},"13":{"start":{"line":28,"column":2},"end":{"line":34,"column":3}},"14":{"start":{"line":29,"column":4},"end":{"line":33,"column":7}},"15":{"start":{"line":35,"column":2},"end":{"line":35,"column":77}},"16":{"start":{"line":39,"column":0},"end":{"line":39,"column":73}},"17":{"start":{"line":39,"column":34},"end":{"line":39,"column":72}},"18":{"start":{"line":41,"column":0},"end":{"line":47,"column":2}},"19":{"start":{"line":42,"column":13},"end":{"line":42,"column":26}},"20":{"start":{"line":43,"column":2},"end":{"line":45,"column":3}},"21":{"start":{"line":44,"column":4},"end":{"line":44,"column":78}},"22":{"start":{"line":46,"column":2},"end":{"line":46,"column":91}},"23":{"start":{"line":49,"column":0},"end":{"line":51,"column":2}},"24":{"start":{"line":50,"column":2},"end":{"line":50,"column":69}},"25":{"start":{"line":53,"column":0},"end":{"line":63,"column":2}},"26":{"start":{"line":54,"column":13},"end":{"line":54,"column":26}},"27":{"start":{"line":55,"column":2},"end":{"line":57,"column":3}},"28":{"start":{"line":56,"column":4},"end":{"line":56,"column":93}},"29":{"start":{"line":58,"column":17},"end":{"line":58,"column":40}},"30":{"start":{"line":59,"column":2},"end":{"line":61,"column":3}},"31":{"start":{"line":60,"column":4},"end":{"line":60,"column":100}},"32":{"start":{"line":62,"column":2},"end":{"line":62,"column":71}},"33":{"start":{"line":65,"column":0},"end":{"line":103,"column":2}},"34":{"start":{"line":66,"column":13},"end":{"line":66,"column":26}},"35":{"start":{"line":67,"column":30},"end":{"line":67,"column":56}},"36":{"start":{"line":69,"column":2},"end":{"line":101,"column":3}},"37":{"start":{"line":70,"column":23},"end":{"line":77,"column":5}},"38":{"start":{"line":79,"column":4},"end":{"line":81,"column":5}},"39":{"start":{"line":80,"column":6},"end":{"line":80,"column":42}},"40":{"start":{"line":84,"column":22},"end":{"line":84,"column":43}},"41":{"start":{"line":85,"column":19},"end":{"line":85,"column":63}},"42":{"start":{"line":85,"column":46},"end":{"line":85,"column":62}},"43":{"start":{"line":86,"column":4},"end":{"line":100,"column":5}},"44":{"start":{"line":88,"column":6},"end":{"line":95,"column":9}},"45":{"start":{"line":89,"column":8},"end":{"line":91,"column":9}},"46":{"start":{"line":90,"column":10},"end":{"line":90,"column":73}},"47":{"start":{"line":93,"column":23},"end":{"line":93,"column":58}},"48":{"start":{"line":94,"column":8},"end":{"line":94,"column":88}},"49":{"start":{"line":98,"column":21},"end":{"line":98,"column":56}},"50":{"start":{"line":99,"column":6},"end":{"line":99,"column":79}},"51":{"start":{"line":102,"column":2},"end":{"line":102,"column":91}},"52":{"start":{"line":106,"column":0},"end":{"line":132,"column":2}},"53":{"start":{"line":107,"column":13},"end":{"line":107,"column":26}},"54":{"start":{"line":109,"column":30},"end":{"line":109,"column":58}},"55":{"start":{"line":110,"column":2},"end":{"line":112,"column":3}},"56":{"start":{"line":111,"column":4},"end":{"line":111,"column":40}},"57":{"start":{"line":114,"column":2},"end":{"line":130,"column":3}},"58":{"start":{"line":115,"column":17},"end":{"line":124,"column":5}},"59":{"start":{"line":125,"column":17},"end":{"line":125,"column":38}},"60":{"start":{"line":126,"column":4},"end":{"line":128,"column":5}},"61":{"start":{"line":127,"column":6},"end":{"line":127,"column":75}},"62":{"start":{"line":129,"column":4},"end":{"line":129,"column":80}},"63":{"start":{"line":131,"column":2},"end":{"line":131,"column":77}}},"fnMap":{"0":{"name":"(anonymous_0)","decl":{"start":{"line":9,"column":17},"end":{"line":9,"column":18}},"loc":{"start":{"line":9,"column":31},"end":{"line":36,"column":1}},"line":9},"1":{"name":"(anonymous_1)","decl":{"start":{"line":39,"column":20},"end":{"line":39,"column":21}},"loc":{"start":{"line":39,"column":34},"end":{"line":39,"column":72}},"line":39},"2":{"name":"(anonymous_2)","decl":{"start":{"line":41,"column":24},"end":{"line":41,"column":25}},"loc":{"start":{"line":41,"column":38},"end":{"line":47,"column":1}},"line":41},"3":{"name":"(anonymous_3)","decl":{"start":{"line":49,"column":25},"end":{"line":49,"column":26}},"loc":{"start":{"line":49,"column":39},"end":{"line":51,"column":1}},"line":49},"4":{"name":"(anonymous_4)","decl":{"start":{"line":53,"column":23},"end":{"line":53,"column":24}},"loc":{"start":{"line":53,"column":37},"end":{"line":63,"column":1}},"line":53},"5":{"name":"(anonymous_5)","decl":{"start":{"line":65,"column":23},"end":{"line":65,"column":24}},"loc":{"start":{"line":65,"column":37},"end":{"line":103,"column":1}},"line":65},"6":{"name":"(anonymous_6)","decl":{"start":{"line":85,"column":36},"end":{"line":85,"column":37}},"loc":{"start":{"line":85,"column":46},"end":{"line":85,"column":62}},"line":85},"7":{"name":"(anonymous_7)","decl":{"start":{"line":88,"column":21},"end":{"line":88,"column":22}},"loc":{"start":{"line":88,"column":33},"end":{"line":95,"column":7}},"line":88},"8":{"name":"(anonymous_8)","decl":{"start":{"line":106,"column":19},"end":{"line":106,"column":20}},"loc":{"start":{"line":106,"column":33},"end":{"line":132,"column":1}},"line":106}},"branchMap":{"0":{"loc":{"start":{"line":12,"column":2},"end":{"line":14,"column":3}},"type":"if","locations":[{"start":{"line":12,"column":2},"end":{"line":14,"column":3}},{"start":{"line":12,"column":2},"end":{"line":14,"column":3}}],"line":12},"1":{"loc":{"start":{"line":20,"column":10},"end":{"line":20,"column":57}},"type":"cond-expr","locations":[{"start":{"line":20,"column":28},"end":{"line":20,"column":52}},{"start":{"line":20,"column":55},"end":{"line":20,"column":57}}],"line":20},"2":{"loc":{"start":{"line":24,"column":2},"end":{"line":26,"column":3}},"type":"if","locations":[{"start":{"line":24,"column":2},"end":{"line":26,"column":3}},{"start":{"line":24,"column":2},"end":{"line":26,"column":3}}],"line":24},"3":{"loc":{"start":{"line":28,"column":2},"end":{"line":34,"column":3}},"type":"if","locations":[{"start":{"line":28,"column":2},"end":{"line":34,"column":3}},{"start":{"line":28,"column":2},"end":{"line":34,"column":3}}],"line":28},"4":{"loc":{"start":{"line":43,"column":2},"end":{"line":45,"column":3}},"type":"if","locations":[{"start":{"line":43,"column":2},"end":{"line":45,"column":3}},{"start":{"line":43,"column":2},"end":{"line":45,"column":3}}],"line":43},"5":{"loc":{"start":{"line":55,"column":2},"end":{"line":57,"column":3}},"type":"if","locations":[{"start":{"line":55,"column":2},"end":{"line":57,"column":3}},{"start":{"line":55,"column":2},"end":{"line":57,"column":3}}],"line":55},"6":{"loc":{"start":{"line":59,"column":2},"end":{"line":61,"column":3}},"type":"if","locations":[{"start":{"line":59,"column":2},"end":{"line":61,"column":3}},{"start":{"line":59,"column":2},"end":{"line":61,"column":3}}],"line":59},"7":{"loc":{"start":{"line":69,"column":2},"end":{"line":101,"column":3}},"type":"if","locations":[{"start":{"line":69,"column":2},"end":{"line":101,"column":3}},{"start":{"line":69,"column":2},"end":{"line":101,"column":3}}],"line":69},"8":{"loc":{"start":{"line":75,"column":12},"end":{"line":75,"column":59}},"type":"cond-expr","locations":[{"start":{"line":75,"column":30},"end":{"line":75,"column":54}},{"start":{"line":75,"column":57},"end":{"line":75,"column":59}}],"line":75},"9":{"loc":{"start":{"line":79,"column":4},"end":{"line":81,"column":5}},"type":"if","locations":[{"start":{"line":79,"column":4},"end":{"line":81,"column":5}},{"start":{"line":79,"column":4},"end":{"line":81,"column":5}}],"line":79},"10":{"loc":{"start":{"line":86,"column":4},"end":{"line":100,"column":5}},"type":"if","locations":[{"start":{"line":86,"column":4},"end":{"line":100,"column":5}},{"start":{"line":86,"column":4},"end":{"line":100,"column":5}}],"line":86},"11":{"loc":{"start":{"line":89,"column":8},"end":{"line":91,"column":9}},"type":"if","locations":[{"start":{"line":89,"column":8},"end":{"line":91,"column":9}},{"start":{"line":89,"column":8},"end":{"line":91,"column":9}}],"line":89},"12":{"loc":{"start":{"line":110,"column":2},"end":{"line":112,"column":3}},"type":"if","locations":[{"start":{"line":110,"column":2},"end":{"line":112,"column":3}},{"start":{"line":110,"column":2},"end":{"line":112,"column":3}}],"line":110},"13":{"loc":{"start":{"line":114,"column":2},"end":{"line":130,"column":3}},"type":"if","locations":[{"start":{"line":114,"column":2},"end":{"line":130,"column":3}},{"start":{"line":114,"column":2},"end":{"line":130,"column":3}}],"line":114},"14":{"loc":{"start":{"line":126,"column":4},"end":{"line":128,"column":5}},"type":"if","locations":[{"start":{"line":126,"column":4},"end":{"line":128,"column":5}},{"start":{"line":126,"column":4},"end":{"line":128,"column":5}}],"line":126}},"s":{"0":1,"1":1,"2":1,"3":1,"4":1,"5":1,"6":2,"7":2,"8":1,"9":1,"10":1,"11":0,"12":1,"13":1,"14":1,"15":0,"16":1,"17":1,"18":1,"19":3,"20":3,"21":0,"22":3,"23":1,"24":0,"25":1,"26":2,"27":2,"28":2,"29":0,"30":0,"31":0,"32":0,"33":1,"34":2,"35":2,"36":2,"37":0,"38":0,"39":0,"40":0,"41":0,"42":0,"43":0,"44":0,"45":0,"46":0,"47":0,"48":0,"49":0,"50":0,"51":2,"52":1,"53":0,"54":0,"55":0,"56":0,"57":0,"58":0,"59":0,"60":0,"61":0,"62":0,"63":0},"f":{"0":2,"1":1,"2":3,"3":0,"4":2,"5":2,"6":0,"7":0,"8":0},"b":{"0":[1,1],"1":[0,1],"2":[0,1],"3":[1,0],"4":[0,3],"5":[2,0],"6":[0,0],"7":[0,2],"8":[0,0],"9":[0,0],"10":[0,0],"11":[0,0],"12":[0,0],"13":[0,0],"14":[0,0]},"_coverageSchema":"43e27e138ebf9cfc5966b082cf9a028302ed4184","hash":"8fde6682f25b822a282be66d128a693d983fd1d7","contentHash":"e19c6957dc89422592cd0f7587e7137b"},"/home/gratian/node/questioner/server/validations/meetup.js":{"path":"/home/gratian/node/questioner/server/validations/meetup.js","statementMap":{"0":{"start":{"line":1,"column":18},"end":{"line":1,"column":38}},"1":{"start":{"line":2,"column":16},"end":{"line":2,"column":36}},"2":{"start":{"line":4,"column":0},"end":{"line":34,"column":2}},"3":{"start":{"line":5,"column":17},"end":{"line":5,"column":19}},"4":{"start":{"line":6,"column":2},"end":{"line":6,"column":54}},"5":{"start":{"line":7,"column":2},"end":{"line":7,"column":63}},"6":{"start":{"line":8,"column":2},"end":{"line":8,"column":72}},"7":{"start":{"line":11,"column":2},"end":{"line":13,"column":3}},"8":{"start":{"line":12,"column":4},"end":{"line":12,"column":39}},"9":{"start":{"line":15,"column":2},"end":{"line":17,"column":3}},"10":{"start":{"line":16,"column":4},"end":{"line":16,"column":56}},"11":{"start":{"line":19,"column":2},"end":{"line":21,"column":3}},"12":{"start":{"line":20,"column":4},"end":{"line":20,"column":52}},"13":{"start":{"line":23,"column":2},"end":{"line":25,"column":3}},"14":{"start":{"line":24,"column":4},"end":{"line":24,"column":46}},"15":{"start":{"line":27,"column":2},"end":{"line":29,"column":3}},"16":{"start":{"line":28,"column":4},"end":{"line":28,"column":78}},"17":{"start":{"line":30,"column":2},"end":{"line":33,"column":4}}},"fnMap":{"0":{"name":"(anonymous_0)","decl":{"start":{"line":4,"column":17},"end":{"line":4,"column":18}},"loc":{"start":{"line":4,"column":27},"end":{"line":34,"column":1}},"line":4}},"branchMap":{"0":{"loc":{"start":{"line":6,"column":15},"end":{"line":6,"column":53}},"type":"cond-expr","locations":[{"start":{"line":6,"column":38},"end":{"line":6,"column":48}},{"start":{"line":6,"column":51},"end":{"line":6,"column":53}}],"line":6},"1":{"loc":{"start":{"line":7,"column":18},"end":{"line":7,"column":62}},"type":"cond-expr","locations":[{"start":{"line":7,"column":44},"end":{"line":7,"column":57}},{"start":{"line":7,"column":60},"end":{"line":7,"column":62}}],"line":7},"2":{"loc":{"start":{"line":8,"column":21},"end":{"line":8,"column":71}},"type":"cond-expr","locations":[{"start":{"line":8,"column":50},"end":{"line":8,"column":66}},{"start":{"line":8,"column":69},"end":{"line":8,"column":71}}],"line":8},"3":{"loc":{"start":{"line":11,"column":2},"end":{"line":13,"column":3}},"type":"if","locations":[{"start":{"line":11,"column":2},"end":{"line":13,"column":3}},{"start":{"line":11,"column":2},"end":{"line":13,"column":3}}],"line":11},"4":{"loc":{"start":{"line":15,"column":2},"end":{"line":17,"column":3}},"type":"if","locations":[{"start":{"line":15,"column":2},"end":{"line":17,"column":3}},{"start":{"line":15,"column":2},"end":{"line":17,"column":3}}],"line":15},"5":{"loc":{"start":{"line":19,"column":2},"end":{"line":21,"column":3}},"type":"if","locations":[{"start":{"line":19,"column":2},"end":{"line":21,"column":3}},{"start":{"line":19,"column":2},"end":{"line":21,"column":3}}],"line":19},"6":{"loc":{"start":{"line":23,"column":2},"end":{"line":25,"column":3}},"type":"if","locations":[{"start":{"line":23,"column":2},"end":{"line":25,"column":3}},{"start":{"line":23,"column":2},"end":{"line":25,"column":3}}],"line":23},"7":{"loc":{"start":{"line":27,"column":2},"end":{"line":29,"column":3}},"type":"if","locations":[{"start":{"line":27,"column":2},"end":{"line":29,"column":3}},{"start":{"line":27,"column":2},"end":{"line":29,"column":3}}],"line":27}},"s":{"0":1,"1":1,"2":1,"3":4,"4":4,"5":4,"6":4,"7":4,"8":3,"9":4,"10":3,"11":4,"12":3,"13":4,"14":3,"15":4,"16":3,"17":4},"f":{"0":4},"b":{"0":[1,3],"1":[1,3],"2":[1,3],"3":[3,1],"4":[3,1],"5":[3,1],"6":[3,1],"7":[3,1]},"_coverageSchema":"43e27e138ebf9cfc5966b082cf9a028302ed4184","hash":"70d9eac0de84d949c27119ebaafca3a529094e09","contentHash":"8f0cb6ac54f99288e1f60ba68cc960ed"},"/home/gratian/node/questioner/server/validations/response.js":{"path":"/home/gratian/node/questioner/server/validations/response.js","statementMap":{"0":{"start":{"line":1,"column":18},"end":{"line":1,"column":38}},"1":{"start":{"line":2,"column":16},"end":{"line":2,"column":36}},"2":{"start":{"line":4,"column":0},"end":{"line":20,"column":2}},"3":{"start":{"line":5,"column":17},"end":{"line":5,"column":19}},"4":{"start":{"line":6,"column":2},"end":{"line":6,"column":57}},"5":{"start":{"line":7,"column":2},"end":{"line":7,"column":54}},"6":{"start":{"line":9,"column":2},"end":{"line":11,"column":3}},"7":{"start":{"line":10,"column":4},"end":{"line":10,"column":47}},"8":{"start":{"line":13,"column":2},"end":{"line":15,"column":3}},"9":{"start":{"line":14,"column":4},"end":{"line":14,"column":45}},"10":{"start":{"line":16,"column":2},"end":{"line":19,"column":4}}},"fnMap":{"0":{"name":"(anonymous_0)","decl":{"start":{"line":4,"column":17},"end":{"line":4,"column":18}},"loc":{"start":{"line":4,"column":27},"end":{"line":20,"column":1}},"line":4}},"branchMap":{"0":{"loc":{"start":{"line":6,"column":16},"end":{"line":6,"column":56}},"type":"cond-expr","locations":[{"start":{"line":6,"column":40},"end":{"line":6,"column":51}},{"start":{"line":6,"column":54},"end":{"line":6,"column":56}}],"line":6},"1":{"loc":{"start":{"line":7,"column":15},"end":{"line":7,"column":53}},"type":"cond-expr","locations":[{"start":{"line":7,"column":38},"end":{"line":7,"column":48}},{"start":{"line":7,"column":51},"end":{"line":7,"column":53}}],"line":7},"2":{"loc":{"start":{"line":9,"column":2},"end":{"line":11,"column":3}},"type":"if","locations":[{"start":{"line":9,"column":2},"end":{"line":11,"column":3}},{"start":{"line":9,"column":2},"end":{"line":11,"column":3}}],"line":9},"3":{"loc":{"start":{"line":13,"column":2},"end":{"line":15,"column":3}},"type":"if","locations":[{"start":{"line":13,"column":2},"end":{"line":15,"column":3}},{"start":{"line":13,"column":2},"end":{"line":15,"column":3}}],"line":13}},"s":{"0":1,"1":1,"2":1,"3":0,"4":0,"5":0,"6":0,"7":0,"8":0,"9":0,"10":0},"f":{"0":0},"b":{"0":[0,0],"1":[0,0],"2":[0,0],"3":[0,0]},"_coverageSchema":"43e27e138ebf9cfc5966b082cf9a028302ed4184","hash":"31844341003280cf47f673070ba7637e09a8cd0b","contentHash":"0b3af0190c8314ea2c42af286b45e59c"},"/home/gratian/node/questioner/server/models/meetUpModel.js":{"path":"/home/gratian/node/questioner/server/models/meetUpModel.js","statementMap":{"0":{"start":{"line":1,"column":13},"end":{"line":1,"column":28}},"1":{"start":{"line":5,"column":4},"end":{"line":7,"column":6}},"2":{"start":{"line":11,"column":4},"end":{"line":11,"column":36}},"3":{"start":{"line":12,"column":4},"end":{"line":12,"column":19}},"4":{"start":{"line":16,"column":4},"end":{"line":16,"column":24}},"5":{"start":{"line":20,"column":4},"end":{"line":20,"column":68}},"6":{"start":{"line":20,"column":44},"end":{"line":20,"column":66}},"7":{"start":{"line":24,"column":4},"end":{"line":24,"column":62}},"8":{"start":{"line":24,"column":44},"end":{"line":24,"column":60}},"9":{"start":{"line":28,"column":19},"end":{"line":28,"column":48}},"10":{"start":{"line":29,"column":4},"end":{"line":29,"column":40}},"11":{"start":{"line":30,"column":4},"end":{"line":30,"column":16}},"12":{"start":{"line":34,"column":18},"end":{"line":34,"column":35}},"13":{"start":{"line":35,"column":19},"end":{"line":35,"column":51}},"14":{"start":{"line":36,"column":4},"end":{"line":36,"column":49}},"15":{"start":{"line":41,"column":17},"end":{"line":41,"column":34}},"16":{"start":{"line":42,"column":4},"end":{"line":42,"column":82}},"17":{"start":{"line":42,"column":31},"end":{"line":42,"column":80}},"18":{"start":{"line":46,"column":0},"end":{"line":46,"column":35}}},"fnMap":{"0":{"name":"(anonymous_0)","decl":{"start":{"line":4,"column":2},"end":{"line":4,"column":3}},"loc":{"start":{"line":4,"column":16},"end":{"line":8,"column":3}},"line":4},"1":{"name":"(anonymous_1)","decl":{"start":{"line":10,"column":2},"end":{"line":10,"column":3}},"loc":{"start":{"line":10,"column":18},"end":{"line":13,"column":3}},"line":10},"2":{"name":"(anonymous_2)","decl":{"start":{"line":15,"column":2},"end":{"line":15,"column":3}},"loc":{"start":{"line":15,"column":12},"end":{"line":17,"column":3}},"line":15},"3":{"name":"(anonymous_3)","decl":{"start":{"line":19,"column":2},"end":{"line":19,"column":3}},"loc":{"start":{"line":19,"column":17},"end":{"line":21,"column":3}},"line":19},"4":{"name":"(anonymous_4)","decl":{"start":{"line":20,"column":34},"end":{"line":20,"column":35}},"loc":{"start":{"line":20,"column":44},"end":{"line":20,"column":66}},"line":20},"5":{"name":"(anonymous_5)","decl":{"start":{"line":23,"column":2},"end":{"line":23,"column":3}},"loc":{"start":{"line":23,"column":15},"end":{"line":25,"column":3}},"line":23},"6":{"name":"(anonymous_6)","decl":{"start":{"line":24,"column":34},"end":{"line":24,"column":35}},"loc":{"start":{"line":24,"column":44},"end":{"line":24,"column":60}},"line":24},"7":{"name":"(anonymous_7)","decl":{"start":{"line":27,"column":2},"end":{"line":27,"column":3}},"loc":{"start":{"line":27,"column":19},"end":{"line":31,"column":3}},"line":27},"8":{"name":"(anonymous_8)","decl":{"start":{"line":33,"column":2},"end":{"line":33,"column":3}},"loc":{"start":{"line":33,"column":28},"end":{"line":37,"column":3}},"line":33},"9":{"name":"(anonymous_9)","decl":{"start":{"line":39,"column":2},"end":{"line":39,"column":3}},"loc":{"start":{"line":39,"column":13},"end":{"line":43,"column":3}},"line":39},"10":{"name":"(anonymous_10)","decl":{"start":{"line":42,"column":21},"end":{"line":42,"column":22}},"loc":{"start":{"line":42,"column":31},"end":{"line":42,"column":80}},"line":42}},"branchMap":{},"s":{"0":1,"1":1,"2":1,"3":1,"4":1,"5":1,"6":0,"7":7,"8":7,"9":0,"10":0,"11":0,"12":0,"13":0,"14":0,"15":0,"16":0,"17":0,"18":1},"f":{"0":1,"1":1,"2":1,"3":1,"4":0,"5":7,"6":7,"7":0,"8":0,"9":0,"10":0},"b":{},"_coverageSchema":"43e27e138ebf9cfc5966b082cf9a028302ed4184","hash":"14b84c9ec514ad30fcf46af07c7fb49ca08c3b07","contentHash":"03dbb07d8b5000839936aef836e1a0ff"},"/home/gratian/node/questioner/server/models/responseModel.js":{"path":"/home/gratian/node/questioner/server/models/responseModel.js","statementMap":{"0":{"start":{"line":3,"column":4},"end":{"line":3,"column":23}},"1":{"start":{"line":7,"column":4},"end":{"line":7,"column":32}},"2":{"start":{"line":8,"column":4},"end":{"line":8,"column":19}},"3":{"start":{"line":12,"column":0},"end":{"line":12,"column":32}}},"fnMap":{"0":{"name":"(anonymous_0)","decl":{"start":{"line":2,"column":2},"end":{"line":2,"column":3}},"loc":{"start":{"line":2,"column":16},"end":{"line":4,"column":3}},"line":2},"1":{"name":"(anonymous_1)","decl":{"start":{"line":6,"column":2},"end":{"line":6,"column":3}},"loc":{"start":{"line":6,"column":18},"end":{"line":9,"column":3}},"line":6}},"branchMap":{},"s":{"0":1,"1":0,"2":0,"3":1},"f":{"0":1,"1":0},"b":{},"_coverageSchema":"43e27e138ebf9cfc5966b082cf9a028302ed4184","hash":"6efdcbc973fc64469a982cfda9939eebdc7936ae","contentHash":"5ee38e9a7c4c4afe7547ee438f8497a9"},"/home/gratian/node/questioner/server/controllers/questionController.js":{"path":"/home/gratian/node/questioner/server/controllers/questionController.js","statementMap":{"0":{"start":{"line":1,"column":13},"end":{"line":1,"column":28}},"1":{"start":{"line":3,"column":27},"end":{"line":3,"column":61}},"2":{"start":{"line":5,"column":17},"end":{"line":5,"column":51}},"3":{"start":{"line":6,"column":15},"end":{"line":6,"column":47}},"4":{"start":{"line":7,"column":13},"end":{"line":7,"column":43}},"5":{"start":{"line":9,"column":0},"end":{"line":38,"column":2}},"6":{"start":{"line":10,"column":17},"end":{"line":10,"column":36}},"7":{"start":{"line":11,"column":30},"end":{"line":11,"column":58}},"8":{"start":{"line":12,"column":2},"end":{"line":14,"column":3}},"9":{"start":{"line":13,"column":4},"end":{"line":13,"column":40}},"10":{"start":{"line":17,"column":2},"end":{"line":36,"column":3}},"11":{"start":{"line":19,"column":4},"end":{"line":34,"column":5}},"12":{"start":{"line":20,"column":19},"end":{"line":28,"column":7}},"13":{"start":{"line":29,"column":20},"end":{"line":29,"column":41}},"14":{"start":{"line":30,"column":6},"end":{"line":32,"column":7}},"15":{"start":{"line":31,"column":8},"end":{"line":31,"column":111}},"16":{"start":{"line":33,"column":6},"end":{"line":33,"column":81}},"17":{"start":{"line":35,"column":4},"end":{"line":35,"column":73}},"18":{"start":{"line":37,"column":2},"end":{"line":37,"column":61}},"19":{"start":{"line":40,"column":0},"end":{"line":54,"column":2}},"20":{"start":{"line":41,"column":13},"end":{"line":41,"column":26}},"21":{"start":{"line":43,"column":2},"end":{"line":51,"column":3}},"22":{"start":{"line":44,"column":15},"end":{"line":44,"column":42}},"23":{"start":{"line":46,"column":4},"end":{"line":46,"column":14}},"24":{"start":{"line":47,"column":4},"end":{"line":47,"column":39}},"25":{"start":{"line":49,"column":19},"end":{"line":49,"column":69}},"26":{"start":{"line":50,"column":4},"end":{"line":50,"column":112}},"27":{"start":{"line":53,"column":2},"end":{"line":53,"column":90}},"28":{"start":{"line":57,"column":0},"end":{"line":84,"column":2}},"29":{"start":{"line":58,"column":13},"end":{"line":58,"column":26}},"30":{"start":{"line":60,"column":2},"end":{"line":81,"column":3}},"31":{"start":{"line":61,"column":15},"end":{"line":61,"column":42}},"32":{"start":{"line":64,"column":4},"end":{"line":71,"column":5}},"33":{"start":{"line":65,"column":6},"end":{"line":65,"column":15}},"34":{"start":{"line":66,"column":6},"end":{"line":66,"column":41}},"35":{"start":{"line":68,"column":21},"end":{"line":68,"column":71}},"36":{"start":{"line":69,"column":6},"end":{"line":70,"column":74}},"37":{"start":{"line":74,"column":4},"end":{"line":74,"column":14}},"38":{"start":{"line":75,"column":4},"end":{"line":75,"column":39}},"39":{"start":{"line":77,"column":19},"end":{"line":77,"column":69}},"40":{"start":{"line":78,"column":4},"end":{"line":80,"column":16}},"41":{"start":{"line":83,"column":2},"end":{"line":83,"column":90}},"42":{"start":{"line":87,"column":0},"end":{"line":107,"column":2}},"43":{"start":{"line":88,"column":13},"end":{"line":88,"column":26}},"44":{"start":{"line":90,"column":2},"end":{"line":104,"column":3}},"45":{"start":{"line":91,"column":19},"end":{"line":91,"column":45}},"46":{"start":{"line":93,"column":4},"end":{"line":101,"column":5}},"47":{"start":{"line":95,"column":21},"end":{"line":95,"column":48}},"48":{"start":{"line":96,"column":6},"end":{"line":99,"column":7}},"49":{"start":{"line":97,"column":8},"end":{"line":98,"column":53}},"50":{"start":{"line":100,"column":6},"end":{"line":100,"column":75}},"51":{"start":{"line":103,"column":4},"end":{"line":103,"column":92}},"52":{"start":{"line":106,"column":2},"end":{"line":106,"column":90}},"53":{"start":{"line":110,"column":0},"end":{"line":129,"column":2}},"54":{"start":{"line":111,"column":13},"end":{"line":111,"column":30}},"55":{"start":{"line":112,"column":15},"end":{"line":112,"column":32}},"56":{"start":{"line":113,"column":12},"end":{"line":113,"column":31}},"57":{"start":{"line":114,"column":2},"end":{"line":116,"column":3}},"58":{"start":{"line":115,"column":4},"end":{"line":115,"column":95}},"59":{"start":{"line":118,"column":2},"end":{"line":120,"column":3}},"60":{"start":{"line":119,"column":4},"end":{"line":119,"column":66}},"61":{"start":{"line":121,"column":15},"end":{"line":121,"column":51}},"62":{"start":{"line":121,"column":33},"end":{"line":121,"column":50}},"63":{"start":{"line":122,"column":2},"end":{"line":126,"column":3}},"64":{"start":{"line":123,"column":4},"end":{"line":125,"column":7}},"65":{"start":{"line":127,"column":18},"end":{"line":127,"column":64}},"66":{"start":{"line":128,"column":2},"end":{"line":128,"column":76}}},"fnMap":{"0":{"name":"(anonymous_0)","decl":{"start":{"line":9,"column":17},"end":{"line":9,"column":18}},"loc":{"start":{"line":9,"column":31},"end":{"line":38,"column":1}},"line":9},"1":{"name":"(anonymous_1)","decl":{"start":{"line":40,"column":15},"end":{"line":40,"column":16}},"loc":{"start":{"line":40,"column":29},"end":{"line":54,"column":1}},"line":40},"2":{"name":"(anonymous_2)","decl":{"start":{"line":57,"column":19},"end":{"line":57,"column":20}},"loc":{"start":{"line":57,"column":33},"end":{"line":84,"column":1}},"line":57},"3":{"name":"(anonymous_3)","decl":{"start":{"line":87,"column":25},"end":{"line":87,"column":26}},"loc":{"start":{"line":87,"column":39},"end":{"line":107,"column":1}},"line":87},"4":{"name":"(anonymous_4)","decl":{"start":{"line":110,"column":17},"end":{"line":110,"column":18}},"loc":{"start":{"line":110,"column":31},"end":{"line":129,"column":1}},"line":110},"5":{"name":"(anonymous_5)","decl":{"start":{"line":121,"column":24},"end":{"line":121,"column":25}},"loc":{"start":{"line":121,"column":33},"end":{"line":121,"column":50}},"line":121}},"branchMap":{"0":{"loc":{"start":{"line":12,"column":2},"end":{"line":14,"column":3}},"type":"if","locations":[{"start":{"line":12,"column":2},"end":{"line":14,"column":3}},{"start":{"line":12,"column":2},"end":{"line":14,"column":3}}],"line":12},"1":{"loc":{"start":{"line":17,"column":2},"end":{"line":36,"column":3}},"type":"if","locations":[{"start":{"line":17,"column":2},"end":{"line":36,"column":3}},{"start":{"line":17,"column":2},"end":{"line":36,"column":3}}],"line":17},"2":{"loc":{"start":{"line":19,"column":4},"end":{"line":34,"column":5}},"type":"if","locations":[{"start":{"line":19,"column":4},"end":{"line":34,"column":5}},{"start":{"line":19,"column":4},"end":{"line":34,"column":5}}],"line":19},"3":{"loc":{"start":{"line":27,"column":15},"end":{"line":27,"column":52}},"type":"cond-expr","locations":[{"start":{"line":27,"column":34},"end":{"line":27,"column":48}},{"start":{"line":27,"column":51},"end":{"line":27,"column":52}}],"line":27},"4":{"loc":{"start":{"line":30,"column":6},"end":{"line":32,"column":7}},"type":"if","locations":[{"start":{"line":30,"column":6},"end":{"line":32,"column":7}},{"start":{"line":30,"column":6},"end":{"line":32,"column":7}}],"line":30},"5":{"loc":{"start":{"line":43,"column":2},"end":{"line":51,"column":3}},"type":"if","locations":[{"start":{"line":43,"column":2},"end":{"line":51,"column":3}},{"start":{"line":43,"column":2},"end":{"line":51,"column":3}}],"line":43},"6":{"loc":{"start":{"line":60,"column":2},"end":{"line":81,"column":3}},"type":"if","locations":[{"start":{"line":60,"column":2},"end":{"line":81,"column":3}},{"start":{"line":60,"column":2},"end":{"line":81,"column":3}}],"line":60},"7":{"loc":{"start":{"line":64,"column":4},"end":{"line":71,"column":5}},"type":"if","locations":[{"start":{"line":64,"column":4},"end":{"line":71,"column":5}},{"start":{"line":64,"column":4},"end":{"line":71,"column":5}}],"line":64},"8":{"loc":{"start":{"line":90,"column":2},"end":{"line":104,"column":3}},"type":"if","locations":[{"start":{"line":90,"column":2},"end":{"line":104,"column":3}},{"start":{"line":90,"column":2},"end":{"line":104,"column":3}}],"line":90},"9":{"loc":{"start":{"line":93,"column":4},"end":{"line":101,"column":5}},"type":"if","locations":[{"start":{"line":93,"column":4},"end":{"line":101,"column":5}},{"start":{"line":93,"column":4},"end":{"line":101,"column":5}}],"line":93},"10":{"loc":{"start":{"line":96,"column":6},"end":{"line":99,"column":7}},"type":"if","locations":[{"start":{"line":96,"column":6},"end":{"line":99,"column":7}},{"start":{"line":96,"column":6},"end":{"line":99,"column":7}}],"line":96},"11":{"loc":{"start":{"line":114,"column":2},"end":{"line":116,"column":3}},"type":"if","locations":[{"start":{"line":114,"column":2},"end":{"line":116,"column":3}},{"start":{"line":114,"column":2},"end":{"line":116,"column":3}}],"line":114},"12":{"loc":{"start":{"line":118,"column":2},"end":{"line":120,"column":3}},"type":"if","locations":[{"start":{"line":118,"column":2},"end":{"line":120,"column":3}},{"start":{"line":118,"column":2},"end":{"line":120,"column":3}}],"line":118},"13":{"loc":{"start":{"line":122,"column":2},"end":{"line":126,"column":3}},"type":"if","locations":[{"start":{"line":122,"column":2},"end":{"line":126,"column":3}},{"start":{"line":122,"column":2},"end":{"line":126,"column":3}}],"line":122}},"s":{"0":1,"1":1,"2":1,"3":1,"4":1,"5":1,"6":2,"7":2,"8":2,"9":2,"10":0,"11":0,"12":0,"13":0,"14":0,"15":0,"16":0,"17":0,"18":0,"19":1,"20":0,"21":0,"22":0,"23":0,"24":0,"25":0,"26":0,"27":0,"28":1,"29":0,"30":0,"31":0,"32":0,"33":0,"34":0,"35":0,"36":0,"37":0,"38":0,"39":0,"40":0,"41":0,"42":1,"43":0,"44":0,"45":0,"46":0,"47":0,"48":0,"49":0,"50":0,"51":0,"52":0,"53":1,"54":0,"55":0,"56":0,"57":0,"58":0,"59":0,"60":0,"61":0,"62":0,"63":0,"64":0,"65":0,"66":0},"f":{"0":2,"1":0,"2":0,"3":0,"4":0,"5":0},"b":{"0":[2,0],"1":[0,0],"2":[0,0],"3":[0,0],"4":[0,0],"5":[0,0],"6":[0,0],"7":[0,0],"8":[0,0],"9":[0,0],"10":[0,0],"11":[0,0],"12":[0,0],"13":[0,0]},"_coverageSchema":"43e27e138ebf9cfc5966b082cf9a028302ed4184","hash":"f432b6b2ed3a8f41f0bd9828e4c4d9ef57510cbd","contentHash":"392602869a1a47e85426f837b31b38dd"},"/home/gratian/node/questioner/server/validations/question.js":{"path":"/home/gratian/node/questioner/server/validations/question.js","statementMap":{"0":{"start":{"line":1,"column":18},"end":{"line":1,"column":38}},"1":{"start":{"line":2,"column":16},"end":{"line":2,"column":36}},"2":{"start":{"line":4,"column":0},"end":{"line":28,"column":2}},"3":{"start":{"line":5,"column":17},"end":{"line":5,"column":19}},"4":{"start":{"line":7,"column":2},"end":{"line":7,"column":51}},"5":{"start":{"line":8,"column":2},"end":{"line":8,"column":54}},"6":{"start":{"line":9,"column":2},"end":{"line":9,"column":51}},"7":{"start":{"line":13,"column":2},"end":{"line":15,"column":3}},"8":{"start":{"line":14,"column":4},"end":{"line":14,"column":47}},"9":{"start":{"line":17,"column":2},"end":{"line":19,"column":3}},"10":{"start":{"line":18,"column":4},"end":{"line":18,"column":49}},"11":{"start":{"line":21,"column":2},"end":{"line":23,"column":3}},"12":{"start":{"line":22,"column":4},"end":{"line":22,"column":55}},"13":{"start":{"line":24,"column":2},"end":{"line":27,"column":4}}},"fnMap":{"0":{"name":"(anonymous_0)","decl":{"start":{"line":4,"column":17},"end":{"line":4,"column":18}},"loc":{"start":{"line":4,"column":27},"end":{"line":28,"column":1}},"line":4}},"branchMap":{"0":{"loc":{"start":{"line":7,"column":14},"end":{"line":7,"column":50}},"type":"cond-expr","locations":[{"start":{"line":7,"column":36},"end":{"line":7,"column":45}},{"start":{"line":7,"column":48},"end":{"line":7,"column":50}}],"line":7},"1":{"loc":{"start":{"line":8,"column":15},"end":{"line":8,"column":53}},"type":"cond-expr","locations":[{"start":{"line":8,"column":38},"end":{"line":8,"column":48}},{"start":{"line":8,"column":51},"end":{"line":8,"column":53}}],"line":8},"2":{"loc":{"start":{"line":9,"column":14},"end":{"line":9,"column":50}},"type":"cond-expr","locations":[{"start":{"line":9,"column":36},"end":{"line":9,"column":45}},{"start":{"line":9,"column":48},"end":{"line":9,"column":50}}],"line":9},"3":{"loc":{"start":{"line":13,"column":2},"end":{"line":15,"column":3}},"type":"if","locations":[{"start":{"line":13,"column":2},"end":{"line":15,"column":3}},{"start":{"line":13,"column":2},"end":{"line":15,"column":3}}],"line":13},"4":{"loc":{"start":{"line":17,"column":2},"end":{"line":19,"column":3}},"type":"if","locations":[{"start":{"line":17,"column":2},"end":{"line":19,"column":3}},{"start":{"line":17,"column":2},"end":{"line":19,"column":3}}],"line":17},"5":{"loc":{"start":{"line":21,"column":2},"end":{"line":23,"column":3}},"type":"if","locations":[{"start":{"line":21,"column":2},"end":{"line":23,"column":3}},{"start":{"line":21,"column":2},"end":{"line":23,"column":3}}],"line":21}},"s":{"0":1,"1":1,"2":1,"3":2,"4":2,"5":2,"6":2,"7":2,"8":0,"9":2,"10":0,"11":2,"12":2,"13":2},"f":{"0":2},"b":{"0":[2,0],"1":[2,0],"2":[0,2],"3":[0,2],"4":[0,2],"5":[2,0]},"_coverageSchema":"43e27e138ebf9cfc5966b082cf9a028302ed4184","hash":"991465fcfa73e4a8a20d74b248df305512ddf797","contentHash":"42e060747fddeca4e35d68aeaf1cd1fd"},"/home/gratian/node/questioner/server/models/questionModel.js":{"path":"/home/gratian/node/questioner/server/models/questionModel.js","statementMap":{"0":{"start":{"line":3,"column":4},"end":{"line":5,"column":6}},"1":{"start":{"line":9,"column":4},"end":{"line":9,"column":38}},"2":{"start":{"line":10,"column":4},"end":{"line":10,"column":21}},"3":{"start":{"line":14,"column":4},"end":{"line":14,"column":26}},"4":{"start":{"line":18,"column":4},"end":{"line":18,"column":74}},"5":{"start":{"line":18,"column":48},"end":{"line":18,"column":72}},"6":{"start":{"line":22,"column":4},"end":{"line":22,"column":68}},"7":{"start":{"line":22,"column":48},"end":{"line":22,"column":66}},"8":{"start":{"line":26,"column":19},"end":{"line":26,"column":50}},"9":{"start":{"line":27,"column":4},"end":{"line":27,"column":42}},"10":{"start":{"line":28,"column":4},"end":{"line":28,"column":16}},"11":{"start":{"line":32,"column":18},"end":{"line":32,"column":35}},"12":{"start":{"line":33,"column":21},"end":{"line":33,"column":55}},"13":{"start":{"line":34,"column":4},"end":{"line":34,"column":53}},"14":{"start":{"line":39,"column":4},"end":{"line":39,"column":31}},"15":{"start":{"line":43,"column":0},"end":{"line":43,"column":37}}},"fnMap":{"0":{"name":"(anonymous_0)","decl":{"start":{"line":2,"column":2},"end":{"line":2,"column":3}},"loc":{"start":{"line":2,"column":16},"end":{"line":6,"column":3}},"line":2},"1":{"name":"(anonymous_1)","decl":{"start":{"line":8,"column":2},"end":{"line":8,"column":3}},"loc":{"start":{"line":8,"column":18},"end":{"line":11,"column":3}},"line":8},"2":{"name":"(anonymous_2)","decl":{"start":{"line":13,"column":2},"end":{"line":13,"column":3}},"loc":{"start":{"line":13,"column":12},"end":{"line":15,"column":3}},"line":13},"3":{"name":"(anonymous_3)","decl":{"start":{"line":17,"column":2},"end":{"line":17,"column":3}},"loc":{"start":{"line":17,"column":17},"end":{"line":19,"column":3}},"line":17},"4":{"name":"(anonymous_4)","decl":{"start":{"line":18,"column":36},"end":{"line":18,"column":37}},"loc":{"start":{"line":18,"column":48},"end":{"line":18,"column":72}},"line":18},"5":{"name":"(anonymous_5)","decl":{"start":{"line":21,"column":2},"end":{"line":21,"column":3}},"loc":{"start"
[...]
cf9a028302ed4184","hash":"5881e7f048496297283477e29c2046655d17d2c8","contentHash":"ed762299a956cffec0fe6db4acb36a0f"},"/home/gratian/node/questioner/server/router/adminRoutes.js":{"path":"/home/gratian/node/questioner/server/router/adminRoutes.js","statementMap":{"0":{"start":{"line":1,"column":16},"end":{"line":1,"column":34}},"1":{"start":{"line":3,"column":15},"end":{"line":3,"column":31}},"2":{"start":{"line":7,"column":0},"end":{"line":7,"column":24}}},"fnMap":{},"branchMap":{},"s":{"0":1,"1":1,"2":1},"f":{},"b":{},"_coverageSchema":"43e27e138ebf9cfc5966b082cf9a028302ed4184","hash":"6340538bc7ba0486aac9890d4c3a396eb924611f","contentHash":"d230ea79bfb814d0f7dd2b6baa4fb96d"},"/home/gratian/node/questioner/server/test/models/user.js":{"path":"/home/gratian/node/questioner/server/test/models/user.js","statementMap":{"0":{"start":{"line":1,"column":16},"end":{"line":1,"column":36}},"1":{"start":{"line":2,"column":0},"end":{"line":2,"column":15}},"2":{"start":{"line":3,"column":15},"end":{"line":3,"column":37}},"3":{"start":{"line":5,"column":13},"end":{"line":5,"column":46}},"4":{"start":{"line":7,"column":0},"end":{"line":22,"column":3}},"5":{"start":{"line":9,"column":2},"end":{"line":14,"column":5}},"6":{"start":{"line":10,"column":4},"end":{"line":13,"column":7}},"7":{"start":{"line":11,"column":21},"end":{"line":11,"column":34}},"8":{"start":{"line":12,"column":6},"end":{"line":12,"column":38}},"9":{"start":{"line":16,"column":2},"end":{"line":21,"column":5}},"10":{"start":{"line":17,"column":4},"end":{"line":20,"column":7}},"11":{"start":{"line":18,"column":21},"end":{"line":18,"column":35}},"12":{"start":{"line":19,"column":6},"end":{"line":19,"column":37}}},"fnMap":{"0":{"name":"(anonymous_0)","decl":{"start":{"line":7,"column":17},"end":{"line":7,"column":18}},"loc":{"start":{"line":7,"column":23},"end":{"line":22,"column":1}},"line":7},"1":{"name":"(anonymous_1)","decl":{"start":{"line":9,"column":21},"end":{"line":9,"column":22}},"loc":{"start":{"line":9,"column":27},"end":{"line":14,"column":3}},"line":9},"2":{"name":"(anonymous_2)","decl":{"start":{"line":10,"column":40},"end":{"line":10,"column":41}},"loc":{"start":{"line":10,"column":46},"end":{"line":13,"column":5}},"line":10},"3":{"name":"(anonymous_3)","decl":{"start":{"line":16,"column":22},"end":{"line":16,"column":23}},"loc":{"start":{"line":16,"column":28},"end":{"line":21,"column":3}},"line":16},"4":{"name":"(anonymous_4)","decl":{"start":{"line":17,"column":48},"end":{"line":17,"column":49}},"loc":{"start":{"line":17,"column":54},"end":{"line":20,"column":5}},"line":17}},"branchMap":{},"s":{"0":1,"1":1,"2":1,"3":1,"4":1,"5":1,"6":1,"7":1,"8":1,"9":1,"10":1,"11":1,"12":1},"f":{"0":1,"1":1,"2":1,"3":1,"4":1},"b":{},"_coverageSchema":"43e27e138ebf9cfc5966b082cf9a028302ed4184","hash":"2d7e501536660df29f68b07561d5ff56972262a4","contentHash":"1396d029f913ce9853d3cb863f659ea6"},"/home/gratian/node/questioner/server/test/questions.js":{"path":"/home/gratian/node/questioner/server/test/questions.js","statementMap":{"0":{"start":{"line":1,"column":17},"end":{"line":1,"column":37}},"1":{"start":{"line":2,"column":13},"end":{"line":2,"column":28}},"2":{"start":{"line":3,"column":15},"end":{"line":3,"column":37}},"3":{"start":{"line":4,"column":15},"end":{"line":4,"column":35}},"4":{"start":{"line":5,"column":17},"end":{"line":5,"column":61}},"5":{"start":{"line":6,"column":15},"end":{"line":6,"column":49}},"6":{"start":{"line":9,"column":0},"end":{"line":9,"column":19}},"7":{"start":{"line":10,"column":0},"end":{"line":98,"column":3}},"8":{"start":{"line":11,"column":15},"end":{"line":14,"column":3}},"9":{"start":{"line":15,"column":2},"end":{"line":36,"column":5}},"10":{"start":{"line":17,"column":4},"end":{"line":25,"column":7}},"11":{"start":{"line":18,"column":6},"end":{"line":24,"column":11}},"12":{"start":{"line":22,"column":10},"end":{"line":22,"column":43}},"13":{"start":{"line":23,"column":10},"end":{"line":23,"column":17}},"14":{"start":{"line":26,"column":4},"end":{"line":34,"column":7}},"15":{"start":{"line":27,"column":6},"end":{"line":33,"column":11}},"16":{"start":{"line":31,"column":10},"end":{"line":31,"column":46}},"17":{"start":{"line":32,"column":10},"end":{"line":32,"column":17}},"18":{"start":{"line":38,"column":2},"end":{"line":43,"column":5}},"19":{"start":{"line":39,"column":4},"end":{"line":42,"column":7}},"20":{"start":{"line":40,"column":21},"end":{"line":40,"column":36}},"21":{"start":{"line":41,"column":6},"end":{"line":41,"column":41}},"22":{"start":{"line":45,"column":2},"end":{"line":50,"column":5}},"23":{"start":{"line":46,"column":4},"end":{"line":49,"column":7}},"24":{"start":{"line":47,"column":21},"end":{"line":47,"column":34}},"25":{"start":{"line":48,"column":6},"end":{"line":48,"column":41}},"26":{"start":{"line":52,"column":2},"end":{"line":57,"column":5}},"27":{"start":{"line":53,"column":4},"end":{"line":56,"column":7}},"28":{"start":{"line":54,"column":21},"end":{"line":54,"column":38}},"29":{"start":{"line":55,"column":6},"end":{"line":55,"column":41}},"30":{"start":{"line":59,"column":2},"end":{"line":64,"column":5}},"31":{"start":{"line":60,"column":4},"end":{"line":63,"column":7}},"32":{"start":{"line":61,"column":21},"end":{"line":61,"column":44}},"33":{"start":{"line":62,"column":6},"end":{"line":62,"column":41}},"34":{"start":{"line":65,"column":2},"end":{"line":73,"column":5}},"35":{"start":{"line":66,"column":4},"end":{"line":72,"column":7}},"36":{"start":{"line":67,"column":6},"end":{"line":71,"column":11}},"37":{"start":{"line":70,"column":10},"end":{"line":70,"column":43}},"38":{"start":{"line":74,"column":2},"end":{"line":82,"column":5}},"39":{"start":{"line":75,"column":4},"end":{"line":81,"column":7}},"40":{"start":{"line":76,"column":6},"end":{"line":80,"column":11}},"41":{"start":{"line":79,"column":10},"end":{"line":79,"column":43}},"42":{"start":{"line":83,"column":2},"end":{"line":90,"column":5}},"43":{"start":{"line":84,"column":4},"end":{"line":89,"column":7}},"44":{"start":{"line":85,"column":20},"end":{"line":85,"column":29}},"45":{"start":{"line":86,"column":19},"end":{"line":86,"column":43}},"46":{"start":{"line":87,"column":6},"end":{"line":87,"column":40}},"47":{"start":{"line":88,"column":6},"end":{"line":88,"column":13}},"48":{"start":{"line":91,"column":2},"end":{"line":97,"column":4}},"49":{"start":{"line":92,"column":4},"end":{"line":96,"column":6}},"50":{"start":{"line":93,"column":19},"end":{"line":93,"column":45}},"51":{"start":{"line":94,"column":6},"end":{"line":94,"column":36}},"52":{"start":{"line":95,"column":6},"end":{"line":95,"column":13}}},"fnMap":{"0":{"name":"(anonymous_0)","decl":{"start":{"line":10,"column":22},"end":{"line":10,"column":23}},"loc":{"start":{"line":10,"column":28},"end":{"line":98,"column":1}},"line":10},"1":{"name":"(anonymous_1)","decl":{"start":{"line":15,"column":36},"end":{"line":15,"column":37}},"loc":{"start":{"line":15,"column":42},"end":{"line":36,"column":3}},"line":15},"2":{"name":"(anonymous_2)","decl":{"start":{"line":17,"column":43},"end":{"line":17,"column":44}},"loc":{"start":{"line":17,"column":53},"end":{"line":25,"column":5}},"line":17},"3":{"name":"(anonymous_3)","decl":{"start":{"line":21,"column":13},"end":{"line":21,"column":14}},"loc":{"start":{"line":21,"column":27},"end":{"line":24,"column":9}},"line":21},"4":{"name":"(anonymous_4)","decl":{"start":{"line":26,"column":30},"end":{"line":26,"column":31}},"loc":{"start":{"line":26,"column":40},"end":{"line":34,"column":5}},"line":26},"5":{"name":"(anonymous_5)","decl":{"start":{"line":30,"column":13},"end":{"line":30,"column":14}},"loc":{"start":{"line":30,"column":27},"end":{"line":33,"column":9}},"line":30},"6":{"name":"(anonymous_6)","decl":{"start":{"line":38,"column":23},"end":{"line":38,"column":24}},"loc":{"start":{"line":38,"column":29},"end":{"line":43,"column":3}},"line":38},"7":{"name":"(anonymous_7)","decl":{"start":{"line":39,"column":31},"end":{"line":39,"column":32}},"loc":{"start":{"line":39,"column":37},"end":{"line":42,"column":5}},"line":39},"8":{"name":"(anonymous_8)","decl":{"start":{"line":45,"column":21},"end":{"line":45,"column":22}},"loc":{"start":{"line":45,"column":27},"end":{"line":50,"column":3}},"line":45},"9":{"name":"(anonymous_9)","decl":{"start":{"line":46,"column":31},"end":{"line":46,"column":32}},"loc":{"start":{"line":46,"column":37},"end":{"line":49,"column":5}},"line":46},"10":{"name":"(anonymous_10)","decl":{"start":{"line":52,"column":25},"end":{"line":52,"column":26}},"loc":{"start":{"line":52,"column":31},"end":{"line":57,"column":3}},"line":52},"11":{"name":"(anonymous_11)","decl":{"start":{"line":53,"column":31},"end":{"line":53,"column":32}},"loc":{"start":{"line":53,"column":37},"end":{"line":56,"column":5}},"line":53},"12":{"name":"(anonymous_12)","decl":{"start":{"line":59,"column":31},"end":{"line":59,"column":32}},"loc":{"start":{"line":59,"column":37},"end":{"line":64,"column":3}},"line":59},"13":{"name":"(anonymous_13)","decl":{"start":{"line":60,"column":31},"end":{"line":60,"column":32}},"loc":{"start":{"line":60,"column":37},"end":{"line":63,"column":5}},"line":60},"14":{"name":"(anonymous_14)","decl":{"start":{"line":65,"column":27},"end":{"line":65,"column":28}},"loc":{"start":{"line":65,"column":33},"end":{"line":73,"column":3}},"line":65},"15":{"name":"(anonymous_15)","decl":{"start":{"line":66,"column":43},"end":{"line":66,"column":44}},"loc":{"start":{"line":66,"column":49},"end":{"line":72,"column":5}},"line":66},"16":{"name":"(anonymous_16)","decl":{"start":{"line":69,"column":13},"end":{"line":69,"column":14}},"loc":{"start":{"line":69,"column":27},"end":{"line":71,"column":9}},"line":69},"17":{"name":"(anonymous_17)","decl":{"start":{"line":74,"column":29},"end":{"line":74,"column":30}},"loc":{"start":{"line":74,"column":35},"end":{"line":82,"column":3}},"line":74},"18":{"name":"(anonymous_18)","decl":{"start":{"line":75,"column":43},"end":{"line":75,"column":44}},"loc":{"start":{"line":75,"column":49},"end":{"line":81,"column":5}},"line":75},"19":{"name":"(anonymous_19)","decl":{"start":{"line":78,"column":13},"end":{"line":78,"column":14}},"loc":{"start":{"line":78,"column":27},"end":{"line":80,"column":9}},"line":78},"20":{"name":"(anonymous_20)","decl":{"start":{"line":83,"column":22},"end":{"line":83,"column":23}},"loc":{"start":{"line":83,"column":26},"end":{"line":90,"column":3}},"line":83},"21":{"name":"(anonymous_21)","decl":{"start":{"line":84,"column":29},"end":{"line":84,"column":30}},"loc":{"start":{"line":84,"column":37},"end":{"line":89,"column":5}},"line":84},"22":{"name":"(anonymous_22)","decl":{"start":{"line":91,"column":22},"end":{"line":91,"column":23}},"loc":{"start":{"line":91,"column":26},"end":{"line":97,"column":3}},"line":91},"23":{"name":"(anonymous_23)","decl":{"start":{"line":92,"column":27},"end":{"line":92,"column":28}},"loc":{"start":{"line":92,"column":35},"end":{"line":96,"column":5}},"line":92}},"branchMap":{},"s":{"0":1,"1":1,"2":1,"3":1,"4":1,"5":1,"6":1,"7":1,"8":1,"9":1,"10":1,"11":1,"12":1,"13":1,"14":1,"15":1,"16":1,"17":1,"18":1,"19":1,"20":1,"21":1,"22":1,"23":1,"24":1,"25":1,"26":1,"27":1,"28":1,"29":1,"30":1,"31":1,"32":1,"33":1,"34":1,"35":1,"36":1,"37":1,"38":1,"39":1,"40":1,"41":1,"42":1,"43":1,"44":1,"45":1,"46":1,"47":1,"48":1,"49":1,"50":1,"51":1,"52":1},"f":{"0":1,"1":1,"2":1,"3":1,"4":1,"5":1,"6":1,"7":1,"8":1,"9":1,"10":1,"11":1,"12":1,"13":1,"14":1,"15":1,"16":1,"17":1,"18":1,"19":1,"20":1,"21":1,"22":1,"23":1},"b":{},"_coverageSchema":"43e27e138ebf9cfc5966b082cf9a028302ed4184","hash":"92a8e80bdde3df4ca8bd34f216266c8a3e2ae1b2","contentHash":"9f4e0b7510726e733b8afb09acd8e756"},"/home/gratian/node/questioner/server/test/users.js":{"path":"/home/gratian/node/questioner/server/test/users.js","statementMap":{"0":{"start":{"line":1,"column":17},"end":{"line":1,"column":37}},"1":{"start":{"line":2,"column":13},"end":{"line":2,"column":28}},"2":{"start":{"line":3,"column":19},"end":{"line":3,"column":34}},"3":{"start":{"line":4,"column":15},"end":{"line":4,"column":35}},"4":{"start":{"line":5,"column":13},"end":{"line":5,"column":53}},"5":{"start":{"line":6,"column":13},"end":{"line":6,"column":69}},"6":{"start":{"line":8,"column":0},"end":{"line":8,"column":19}},"7":{"start":{"line":10,"column":0},"end":{"line":90,"column":3}},"8":{"start":{"line":11,"column":2},"end":{"line":23,"column":5}},"9":{"start":{"line":12,"column":4},"end":{"line":22,"column":7}},"10":{"start":{"line":13,"column":6},"end":{"line":21,"column":11}},"11":{"start":{"line":16,"column":10},"end":{"line":18,"column":11}},"12":{"start":{"line":17,"column":12},"end":{"line":17,"column":29}},"13":{"start":{"line":19,"column":10},"end":{"line":19,"column":43}},"14":{"start":{"line":20,"column":10},"end":{"line":20,"column":17}},"15":{"start":{"line":24,"column":2},"end":{"line":43,"column":5}},"16":{"start":{"line":25,"column":4},"end":{"line":37,"column":7}},"17":{"start":{"line":26,"column":19},"end":{"line":29,"column":7}},"18":{"start":{"line":30,"column":6},"end":{"line":36,"column":11}},"19":{"start":{"line":34,"column":10},"end":{"line":34,"column":43}},"20":{"start":{"line":35,"column":10},"end":{"line":35,"column":17}},"21":{"start":{"line":38,"column":4},"end":{"line":42,"column":7}},"22":{"start":{"line":39,"column":21},"end":{"line":39,"column":34}},"23":{"start":{"line":40,"column":6},"end":{"line":40,"column":41}},"24":{"start":{"line":41,"column":6},"end":{"line":41,"column":13}},"25":{"start":{"line":44,"column":2},"end":{"line":53,"column":5}},"26":{"start":{"line":45,"column":4},"end":{"line":52,"column":7}},"27":{"start":{"line":46,"column":6},"end":{"line":51,"column":11}},"28":{"start":{"line":49,"column":10},"end":{"line":49,"column":43}},"29":{"start":{"line":50,"column":10},"end":{"line":50,"column":17}},"30":{"start":{"line":54,"column":2},"end":{"line":63,"column":5}},"31":{"start":{"line":55,"column":4},"end":{"line":62,"column":7}},"32":{"start":{"line":56,"column":6},"end":{"line":61,"column":11}},"33":{"start":{"line":59,"column":10},"end":{"line":59,"column":43}},"34":{"start":{"line":60,"column":10},"end":{"line":60,"column":17}},"35":{"start":{"line":64,"column":2},"end":{"line":69,"column":5}},"36":{"start":{"line":65,"column":4},"end":{"line":68,"column":7}},"37":{"start":{"line":66,"column":21},"end":{"line":66,"column":33}},"38":{"start":{"line":67,"column":6},"end":{"line":67,"column":41}},"39":{"start":{"line":70,"column":2},"end":{"line":79,"column":5}},"40":{"start":{"line":71,"column":4},"end":{"line":78,"column":7}},"41":{"start":{"line":72,"column":6},"end":{"line":77,"column":11}},"42":{"start":{"line":75,"column":10},"end":{"line":75,"column":46}},"43":{"start":{"line":76,"column":10},"end":{"line":76,"column":17}},"44":{"start":{"line":80,"column":2},"end":{"line":89,"column":5}},"45":{"start":{"line":81,"column":4},"end":{"line":88,"column":7}},"46":{"start":{"line":82,"column":6},"end":{"line":87,"column":11}},"47":{"start":{"line":85,"column":10},"end":{"line":85,"column":43}},"48":{"start":{"line":86,"column":10},"end":{"line":86,"column":17}}},"fnMap":{"0":{"name":"(anonymous_0)","decl":{"start":{"line":10,"column":17},"end":{"line":10,"column":18}},"loc":{"start":{"line":10,"column":23},"end":{"line":90,"column":1}},"line":10},"1":{"name":"(anonymous_1)","decl":{"start":{"line":11,"column":33},"end":{"line":11,"column":34}},"loc":{"start":{"line":11,"column":39},"end":{"line":23,"column":3}},"line":11},"2":{"name":"(anonymous_2)","decl":{"start":{"line":12,"column":43},"end":{"line":12,"column":44}},"loc":{"start":{"line":12,"column":53},"end":{"line":22,"column":5}},"line":12},"3":{"name":"(anonymous_3)","decl":{"start":{"line":15,"column":13},"end":{"line":15,"column":14}},"loc":{"start":{"line":15,"column":27},"end":{"line":21,"column":9}},"line":15},"4":{"name":"(anonymous_4)","decl":{"start":{"line":24,"column":33},"end":{"line":24,"column":34}},"loc":{"start":{"line":24,"column":39},"end":{"line":43,"column":3}},"line":24},"5":{"name":"(anonymous_5)","decl":{"start":{"line":25,"column":43},"end":{"line":25,"column":44}},"loc":{"start":{"line":25,"column":53},"end":{"line":37,"column":5}},"line":25},"6":{"name":"(anonymous_6)","decl":{"start":{"line":33,"column":13},"end":{"line":33,"column":14}},"loc":{"start":{"line":33,"column":27},"end":{"line":36,"column":9}},"line":33},"7":{"name":"(anonymous_7)","decl":{"start":{"line":38,"column":31},"end":{"line":38,"column":32}},"loc":{"start":{"line":38,"column":41},"end":{"line":42,"column":5}},"line":38},"8":{"name":"(anonymous_8)","decl":{"start":{"line":44,"column":33},"end":{"line":44,"column":34}},"loc":{"start":{"line":44,"column":39},"end":{"line":53,"column":3}},"line":44},"9":{"name":"(anonymous_9)","decl":{"start":{"line":45,"column":43},"end":{"line":45,"column":44}},"loc":{"start":{"line":45,"column":53},"end":{"line":52,"column":5}},"line":45},"10":{"name":"(anonymous_10)","decl":{"start":{"line":48,"column":13},"end":{"line":48,"column":14}},"loc":{"start":{"line":48,"column":27},"end":{"line":51,"column":9}},"line":48},"11":{"name":"(anonymous_11)","decl":{"start":{"line":54,"column":26},"end":{"line":54,"column":27}},"loc":{"start":{"line":54,"column":32},"end":{"line":63,"column":3}},"line":54},"12":{"name":"(anonymous_12)","decl":{"start":{"line":55,"column":43},"end":{"line":55,"column":44}},"loc":{"start":{"line":55,"column":53},"end":{"line":62,"column":5}},"line":55},"13":{"name":"(anonymous_13)","decl":{"start":{"line":58,"column":13},"end":{"line":58,"column":14}},"loc":{"start":{"line":58,"column":27},"end":{"line":61,"column":9}},"line":58},"14":{"name":"(anonymous_14)","decl":{"start":{"line":64,"column":29},"end":{"line":64,"column":30}},"loc":{"start":{"line":64,"column":35},"end":{"line":69,"column":3}},"line":64},"15":{"name":"(anonymous_15)","decl":{"start":{"line":65,"column":31},"end":{"line":65,"column":32}},"loc":{"start":{"line":65,"column":37},"end":{"line":68,"column":5}},"line":65},"16":{"name":"(anonymous_16)","decl":{"start":{"line":70,"column":29},"end":{"line":70,"column":30}},"loc":{"start":{"line":70,"column":35},"end":{"line":79,"column":3}},"line":70},"17":{"name":"(anonymous_17)","decl":{"start":{"line":71,"column":30},"end":{"line":71,"column":31}},"loc":{"start":{"line":71,"column":40},"end":{"line":78,"column":5}},"line":71},"18":{"name":"(anonymous_18)","decl":{"start":{"line":74,"column":13},"end":{"line":74,"column":14}},"loc":{"start":{"line":74,"column":27},"end":{"line":77,"column":9}},"line":74},"19":{"name":"(anonymous_19)","decl":{"start":{"line":80,"column":29},"end":{"line":80,"column":30}},"loc":{"start":{"line":80,"column":35},"end":{"line":89,"column":3}},"line":80},"20":{"name":"(anonymous_20)","decl":{"start":{"line":81,"column":43},"end":{"line":81,"column":44}},"loc":{"start":{"line":81,"column":53},"end":{"line":88,"column":5}},"line":81},"21":{"name":"(anonymous_21)","decl":{"start":{"line":84,"column":13},"end":{"line":84,"column":14}},"loc":{"start":{"line":84,"column":27},"end":{"line":87,"column":9}},"line":84}},"branchMap":{"0":{"loc":{"start":{"line":16,"column":10},"end":{"line":18,"column":11}},"type":"if","locations":[{"start":{"line":16,"column":10},"end":{"line":18,"column":11}},{"start":{"line":16,"column":10},"end":{"line":18,"column":11}}],"line":16}},"s":{"0":1,"1":1,"2":1,"3":1,"4":1,"5":1,"6":1,"7":1,"8":1,"9":1,"10":1,"11":1,"12":0,"13":1,"14":1,"15":1,"16":1,"17":1,"18":1,"19":1,"20":1,"21":1,"22":1,"23":1,"24":1,"25":1,"26":1,"27":1,"28":1,"29":1,"30":1,"31":1,"32":1,"33":1,"34":1,"35":1,"36":1,"37":1,"38":1,"39":1,"40":1,"41":1,"42":1,"43":1,"44":1,"45":1,"46":1,"47":1,"48":1},"f":{"0":1,"1":1,"2":1,"3":1,"4":1,"5":1,"6":1,"7":1,"8":1,"9":1,"10":1,"11":1,"12":1,"13":1,"14":1,"15":1,"16":1,"17":1,"18":1,"19":1,"20":1,"21":1},"b":{"0":[0,1]},"_coverageSchema":"43e27e138ebf9cfc5966b082cf9a028302ed4184","hash":"e22c0931e18b052dce635a19c07661c3afda5b14","contentHash":"42a758dc293e96e923d00461cd9d7c00"}}