{"/home/gratian/node/questioner/server/test/meetup.js":{"path":"/home/gratian/node/questioner/server/test/meetup.js","statementMap":{"0":{"start":{"line":3,"column":12},"end":{"line":3,"column":27}},"1":{"start":{"line":5,"column":13},"end":{"line":5,"column":42}},"2":{"start":{"line":7,"column":16},"end":{"line":7,"column":36}},"3":{"start":{"line":9,"column":17},"end":{"line":9,"column":50}},"4":{"start":{"line":11,"column":11},"end":{"line":11,"column":31}},"5":{"start":{"line":13,"column":12},"end":{"line":13,"column":40}},"6":{"start":{"line":15,"column":39},"end":{"line":15,"column":93}},"7":{"start":{"line":17,"column":13},"end":{"line":17,"column":36}},"8":{"start":{"line":19,"column":0},"end":{"line":19,"column":39}},"9":{"start":{"line":22,"column":0},"end":{"line":45,"column":3}},"10":{"start":{"line":23,"column":2},"end":{"line":30,"column":5}},"11":{"start":{"line":24,"column":4},"end":{"line":29,"column":7}},"12":{"start":{"line":25,"column":6},"end":{"line":28,"column":9}},"13":{"start":{"line":26,"column":8},"end":{"line":26,"column":40}},"14":{"start":{"line":27,"column":8},"end":{"line":27,"column":15}},"15":{"start":{"line":32,"column":2},"end":{"line":44,"column":5}},"16":{"start":{"line":33,"column":4},"end":{"line":43,"column":7}},"17":{"start":{"line":34,"column":17},"end":{"line":38,"column":7}},"18":{"start":{"line":39,"column":6},"end":{"line":42,"column":9}},"19":{"start":{"line":40,"column":8},"end":{"line":40,"column":39}},"20":{"start":{"line":41,"column":8},"end":{"line":41,"column":15}}},"fnMap":{"0":{"name":"_interopRequireDefault","decl":{"start":{"line":15,"column":9},"end":{"line":15,"column":31}},"loc":{"start":{"line":15,"column":37},"end":{"line":15,"column":95}},"line":15},"1":{"name":"(anonymous_1)","decl":{"start":{"line":22,"column":20},"end":{"line":22,"column":21}},"loc":{"start":{"line":22,"column":32},"end":{"line":45,"column":1}},"line":22},"2":{"name":"(anonymous_2)","decl":{"start":{"line":23,"column":27},"end":{"line":23,"column":28}},"loc":{"start":{"line":23,"column":39},"end":{"line":30,"column":3}},"line":23},"3":{"name":"(anonymous_3)","decl":{"start":{"line":24,"column":43},"end":{"line":24,"column":44}},"loc":{"start":{"line":24,"column":59},"end":{"line":29,"column":5}},"line":24},"4":{"name":"(anonymous_4)","decl":{"start":{"line":25,"column":145},"end":{"line":25,"column":146}},"loc":{"start":{"line":25,"column":165},"end":{"line":28,"column":7}},"line":25},"5":{"name":"(anonymous_5)","decl":{"start":{"line":32,"column":27},"end":{"line":32,"column":28}},"loc":{"start":{"line":32,"column":39},"end":{"line":44,"column":3}},"line":32},"6":{"name":"(anonymous_6)","decl":{"start":{"line":33,"column":38},"end":{"line":33,"column":39}},"loc":{"start":{"line":33,"column":54},"end":{"line":43,"column":5}},"line":33},"7":{"name":"(anonymous_7)","decl":{"start":{"line":39,"column":72},"end":{"line":39,"column":73}},"loc":{"start":{"line":39,"column":92},"end":{"line":42,"column":7}},"line":39}},"branchMap":{"0":{"loc":{"start":{"line":15,"column":46},"end":{"line":15,"column":92}},"type":"cond-expr","locations":[{"start":{"line":15,"column":70},"end":{"line":15,"column":73}},{"start":{"line":15,"column":76},"end":{"line":15,"column":92}}],"line":15},"1":{"loc":{"start":{"line":15,"column":46},"end":{"line":15,"column":67}},"type":"binary-expr","locations":[{"start":{"line":15,"column":46},"end":{"line":15,"column":49}},{"start":{"line":15,"column":53},"end":{"line":15,"column":67}}],"line":15}},"s":{"0":1,"1":1,"2":1,"3":1,"4":1,"5":1,"6":3,"7":1,"8":1,"9":1,"10":1,"11":1,"12":1,"13":1,"14":1,"15":1,"16":1,"17":1,"18":1,"19":1,"20":1},"f":{"0":3,"1":1,"2":1,"3":1,"4":1,"5":1,"6":1,"7":1},"b":{"0":[1,2],"1":[3,3]},"_coverageSchema":"43e27e138ebf9cfc5966b082cf9a028302ed4184","hash":"3225e9f6e51c78b8a4faa82beff7915577ef1198","contentHash":"b6703948265688f195557decb06212be"},"/home/gratian/node/questioner/app.js":{"path":"/home/gratian/node/questioner/app.js","statementMap":{"0":{"start":{"line":3,"column":0},"end":{"line":5,"column":3}},"1":{"start":{"line":7,"column":15},"end":{"line":7,"column":33}},"2":{"start":{"line":9,"column":16},"end":{"line":9,"column":48}},"3":{"start":{"line":11,"column":18},"end":{"line":11,"column":40}},"4":{"start":{"line":13,"column":19},"end":{"line":13,"column":54}},"5":{"start":{"line":15,"column":16},"end":{"line":15,"column":35}},"6":{"start":{"line":17,"column":17},"end":{"line":17,"column":50}},"7":{"start":{"line":19,"column":12},"end":{"line":19,"column":27}},"8":{"start":{"line":21,"column":13},"end":{"line":21,"column":42}},"9":{"start":{"line":23,"column":17},"end":{"line":23,"column":57}},"10":{"start":{"line":25,"column":18},"end":{"line":25,"column":52}},"11":{"start":{"line":27,"column":18},"end":{"line":27,"column":59}},"12":{"start":{"line":29,"column":19},"end":{"line":29,"column":54}},"13":{"start":{"line":31,"column":39},"end":{"line":31,"column":93}},"14":{"start":{"line":36,"column":10},"end":{"line":36,"column":34}},"15":{"start":{"line":38,"column":0},"end":{"line":43,"column":3}},"16":{"start":{"line":39,"column":2},"end":{"line":39,"column":52}},"17":{"start":{"line":40,"column":2},"end":{"line":40,"column":98}},"18":{"start":{"line":41,"column":2},"end":{"line":41,"column":81}},"19":{"start":{"line":42,"column":2},"end":{"line":42,"column":9}},"20":{"start":{"line":45,"column":0},"end":{"line":45,"column":37}},"21":{"start":{"line":47,"column":0},"end":{"line":47,"column":103}},"22":{"start":{"line":49,"column":0},"end":{"line":49,"column":41}},"23":{"start":{"line":50,"column":0},"end":{"line":50,"column":42}},"24":{"start":{"line":53,"column":0},"end":{"line":53,"column":41}},"25":{"start":{"line":54,"column":0},"end":{"line":54,"column":56}},"26":{"start":{"line":57,"column":0},"end":{"line":57,"column":22}}},"fnMap":{"0":{"name":"_interopRequireDefault","decl":{"start":{"line":31,"column":9},"end":{"line":31,"column":31}},"loc":{"start":{"line":31,"column":37},"end":{"line":31,"column":95}},"line":31},"1":{"name":"(anonymous_1)","decl":{"start":{"line":38,"column":8},"end":{"line":38,"column":9}},"loc":{"start":{"line":38,"column":34},"end":{"line":43,"column":1}},"line":38}},"branchMap":{"0":{"loc":{"start":{"line":31,"column":46},"end":{"line":31,"column":92}},"type":"cond-expr","locations":[{"start":{"line":31,"column":70},"end":{"line":31,"column":73}},{"start":{"line":31,"column":76},"end":{"line":31,"column":92}}],"line":31},"1":{"loc":{"start":{"line":31,"column":46},"end":{"line":31,"column":67}},"type":"binary-expr","locations":[{"start":{"line":31,"column":46},"end":{"line":31,"column":49}},{"start":{"line":31,"column":53},"end":{"line":31,"column":67}}],"line":31}},"s":{"0":1,"1":1,"2":1,"3":1,"4":1,"5":1,"6":1,"7":1,"8":1,"9":1,"10":1,"11":1,"12":1,"13":6,"14":1,"15":1,"16":2,"17":2,"18":2,"19":2,"20":1,"21":1,"22":1,"23":1,"24":1,"25":1,"26":1},"f":{"0":6,"1":2},"b":{"0":[0,6],"1":[6,6]},"_coverageSchema":"43e27e138ebf9cfc5966b082cf9a028302ed4184","hash":"fce379c028dd92a00d2db03e8c0522139235f09a","contentHash":"13a9897f09322338a8d363b1569112cb"},"/home/gratian/node/questioner/server/router/api/authRoute.js":{"path":"/home/gratian/node/questioner/server/router/api/authRoute.js","statementMap":{"0":{"start":{"line":3,"column":15},"end":{"line":3,"column":33}},"1":{"start":{"line":5,"column":16},"end":{"line":5,"column":48}},"2":{"start":{"line":7,"column":39},"end":{"line":7,"column":93}},"3":{"start":{"line":10,"column":11},"end":{"line":10,"column":43}},"4":{"start":{"line":11,"column":13},"end":{"line":11,"column":39}},"5":{"start":{"line":14,"column":19},"end":{"line":14,"column":65}},"6":{"start":{"line":15,"column":16},"end":{"line":15,"column":59}},"7":{"start":{"line":19,"column":0},"end":{"line":19,"column":44}},"8":{"start":{"line":22,"column":0},"end":{"line":22,"column":41}},"9":{"start":{"line":24,"column":0},"end":{"line":24,"column":24}}},"fnMap":{"0":{"name":"_interopRequireDefault","decl":{"start":{"line":7,"column":9},"end":{"line":7,"column":31}},"loc":{"start":{"line":7,"column":37},"end":{"line":7,"column":95}},"line":7}},"branchMap":{"0":{"loc":{"start":{"line":7,"column":46},"end":{"line":7,"column":92}},"type":"cond-expr","locations":[{"start":{"line":7,"column":70},"end":{"line":7,"column":73}},{"start":{"line":7,"column":76},"end":{"line":7,"column":92}}],"line":7},"1":{"loc":{"start":{"line":7,"column":46},"end":{"line":7,"column":67}},"type":"binary-expr","locations":[{"start":{"line":7,"column":46},"end":{"line":7,"column":49}},{"start":{"line":7,"column":53},"end":{"line":7,"column":67}}],"line":7}},"s":{"0":1,"1":1,"2":1,"3":1,"4":1,"5":1,"6":1,"7":1,"8":1,"9":1},"f":{"0":1},"b":{"0":[0,1],"1":[1,1]},"_coverageSchema":"43e27e138ebf9cfc5966b082cf9a028302ed4184","hash":"9e1c780439c87b2a68790c92a79fdc49393c4873","contentHash":"f778bfe39afbf24dc9d3b5335ee04486"},"/home/gratian/node/questioner/server/middleware/auth.js":{"path":"/home/gratian/node/questioner/server/middleware/auth.js","statementMap":{"0":{"start":{"line":3,"column":16},"end":{"line":3,"column":35}},"1":{"start":{"line":5,"column":17},"end":{"line":5,"column":50}},"2":{"start":{"line":7,"column":39},"end":{"line":7,"column":93}},"3":{"start":{"line":9,"column":0},"end":{"line":24,"column":2}},"4":{"start":{"line":11,"column":4},"end":{"line":13,"column":5}},"5":{"start":{"line":12,"column":6},"end":{"line":12,"column":13}},"6":{"start":{"line":14,"column":4},"end":{"line":16,"column":7}},"7":{"start":{"line":19,"column":4},"end":{"line":21,"column":5}},"8":{"start":{"line":20,"column":6},"end":{"line":20,"column":13}},"9":{"start":{"line":22,"column":4},"end":{"line":22,"column":79}}},"fnMap":{"0":{"name":"_interopRequireDefault","decl":{"start":{"line":7,"column":9},"end":{"line":7,"column":31}},"loc":{"start":{"line":7,"column":37},"end":{"line":7,"column":95}},"line":7},"1":{"name":"isLogin","decl":{"start":{"line":10,"column":20},"end":{"line":10,"column":27}},"loc":{"start":{"line":10,"column":44},"end":{"line":17,"column":3}},"line":10},"2":{"name":"notLogin","decl":{"start":{"line":18,"column":21},"end":{"line":18,"column":29}},"loc":{"start":{"line":18,"column":46},"end":{"line":23,"column":3}},"line":18}},"branchMap":{"0":{"loc":{"start":{"line":7,"column":46},"end":{"line":7,"column":92}},"type":"cond-expr","locations":[{"start":{"line":7,"column":70},"end":{"line":7,"column":73}},{"start":{"line":7,"column":76},"end":{"line":7,"column":92}}],"line":7},"1":{"loc":{"start":{"line":7,"column":46},"end":{"line":7,"column":67}},"type":"binary-expr","locations":[{"start":{"line":7,"column":46},"end":{"line":7,"column":49}},{"start":{"line":7,"column":53},"end":{"line":7,"column":67}}],"line":7},"2":{"loc":{"start":{"line":11,"column":4},"end":{"line":13,"column":5}},"type":"if","locations":[{"start":{"line":11,"column":4},"end":{"line":13,"column":5}},{"start":{"line":11,"column":4},"end":{"line":13,"column":5}}],"line":11},"3":{"loc":{"start":{"line":19,"column":4},"end":{"line":21,"column":5}},"type":"if","locations":[{"start":{"line":19,"column":4},"end":{"line":21,"column":5}},{"start":{"line":19,"column":4},"end":{"line":21,"column":5}}],"line":19}},"s":{"0":1,"1":1,"2":1,"3":1,"4":0,"5":0,"6":0,"7":0,"8":0,"9":0},"f":{"0":1,"1":0,"2":0},"b":{"0":[0,1],"1":[1,1],"2":[0,0],"3":[0,0]},"_coverageSchema":"43e27e138ebf9cfc5966b082cf9a028302ed4184","hash":"cd3a8b5ef9c013f05a3aaf957e47d633bc2802f3","contentHash":"724e12aedfb0f50978ca9e0b1d108f99"},"/home/gratian/node/questioner/server/controllers/auth/registerCtrl.js":{"path":"/home/gratian/node/questioner/server/controllers/auth/registerCtrl.js","statementMap":{"0":{"start":{"line":3,"column":13},"end":{"line":3,"column":32}},"1":{"start":{"line":4,"column":21},"end":{"line":4,"column":58}},"2":{"start":{"line":5,"column":11},"end":{"line":5,"column":45}},"3":{"start":{"line":7,"column":0},"end":{"line":61,"column":2}},"4":{"start":{"line":9,"column":26},"end":{"line":9,"column":50}},"5":{"start":{"line":10,"column":17},"end":{"line":10,"column":39}},"6":{"start":{"line":11,"column":18},"end":{"line":11,"column":41}},"7":{"start":{"line":13,"column":4},"end":{"line":15,"column":5}},"8":{"start":{"line":14,"column":6},"end":{"line":14,"column":42}},"9":{"start":{"line":16,"column":4},"end":{"line":59,"column":7}},"10":{"start":{"line":17,"column":6},"end":{"line":56,"column":7}},"11":{"start":{"line":18,"column":8},"end":{"line":53,"column":11}},"12":{"start":{"line":19,"column":10},"end":{"line":50,"column":11}},"13":{"start":{"line":21,"column":26},"end":{"line":29,"column":13}},"14":{"start":{"line":31,"column":12},"end":{"line":47,"column":15}},"15":{"start":{"line":32,"column":14},"end":{"line":32,"column":49}},"16":{"start":{"line":32,"column":23},"end":{"line":32,"column":49}},"17":{"start":{"line":34,"column":14},"end":{"line":46,"column":17}},"18":{"start":{"line":35,"column":16},"end":{"line":35,"column":59}},"19":{"start":{"line":35,"column":29},"end":{"line":35,"column":59}},"20":{"start":{"line":36,"column":16},"end":{"line":36,"column":40}},"21":{"start":{"line":38,"column":16},"end":{"line":45,"column":19}},"22":{"start":{"line":39,"column":18},"end":{"line":41,"column":19}},"23":{"start":{"line":40,"column":20},"end":{"line":40,"column":115}},"24":{"start":{"line":42,"column":18},"end":{"line":42,"column":87}},"25":{"start":{"line":44,"column":18},"end":{"line":44,"column":49}},"26":{"start":{"line":49,"column":12},"end":{"line":49,"column":78}},"27":{"start":{"line":52,"column":10},"end":{"line":52,"column":51}},"28":{"start":{"line":55,"column":8},"end":{"line":55,"column":71}},"29":{"start":{"line":58,"column":6},"end":{"line":58,"column":38}}},"fnMap":{"0":{"name":"signup","decl":{"start":{"line":8,"column":19},"end":{"line":8,"column":25}},"loc":{"start":{"line":8,"column":36},"end":{"line":60,"column":3}},"line":8},"1":{"name":"(anonymous_1)","decl":{"start":{"line":16,"column":76},"end":{"line":16,"column":77}},"loc":{"start":{"line":16,"column":94},"end":{"line":57,"column":5}},"line":16},"2":{"name":"(anonymous_2)","decl":{"start":{"line":18,"column":100},"end":{"line":18,"column":101}},"loc":{"start":{"line":18,"column":120},"end":{"line":51,"column":9}},"line":18},"3":{"name":"(anonymous_3)","decl":{"start":{"line":31,"column":31},"end":{"line":31,"column":32}},"loc":{"start":{"line":31,"column":52},"end":{"line":47,"column":13}},"line":31},"4":{"name":"(anonymous_4)","decl":{"start":{"line":34,"column":50},"end":{"line":34,"column":51}},"loc":{"start":{"line":34,"column":75},"end":{"line":46,"column":15}},"line":34},"5":{"name":"(anonymous_5)","decl":{"start":{"line":38,"column":282},"end":{"line":38,"column":283}},"loc":{"start":{"line":38,"column":299},"end":{"line":43,"column":17}},"line":38},"6":{"name":"(anonymous_6)","decl":{"start":{"line":43,"column":25},"end":{"line":43,"column":26}},"loc":{"start":{"line":43,"column":38},"end":{"line":45,"column":17}},"line":43},"7":{"name":"(anonymous_7)","decl":{"start":{"line":51,"column":17},"end":{"line":51,"column":18}},"loc":{"start":{"line":51,"column":40},"end":{"line":53,"column":9}},"line":51},"8":{"name":"(anonymous_8)","decl":{"start":{"line":57,"column":13},"end":{"line":57,"column":14}},"loc":{"start":{"line":57,"column":27},"end":{"line":59,"column":5}},"line":57}},"branchMap":{"0":{"loc":{"start":{"line":13,"column":4},"end":{"line":15,"column":5}},"type":"if","locations":[{"start":{"line":13,"column":4},"end":{"line":15,"column":5}},{"start":{"line":13,"column":4},"end":{"line":15,"column":5}}],"line":13},"1":{"loc":{"start":{"line":17,"column":6},"end":{"line":56,"column":7}},"type":"if","locations":[{"start":{"line":17,"column":6},"end":{"line":56,"column":7}},{"start":{"line":17,"column":6},"end":{"line":56,"column":7}}],"line":17},"2":{"loc":{"start":{"line":19,"column":10},"end":{"line":50,"column":11}},"type":"if","locations":[{"start":{"line":19,"column":10},"end":{"line":50,"column":11}},{"start":{"line":19,"column":10},"end":{"line":50,"column":11}}],"line":19},"3":{"loc":{"start":{"line":25,"column":25},"end":{"line":25,"column":83}},"type":"cond-expr","locations":[{"start":{"line":25,"column":46},"end":{"line":25,"column":78}},{"start":{"line":25,"column":81},"end":{"line":25,"column":83}}],"line":25},"4":{"loc":{"start":{"line":32,"column":14},"end":{"line":32,"column":49}},"type":"if","locations":[{"start":{"line":32,"column":14},"end":{"line":32,"column":49}},{"start":{"line":32,"column":14},"end":{"line":32,"column":49}}],"line":32},"5":{"loc":{"start":{"line":35,"column":16},"end":{"line":35,"column":59}},"type":"if","locations":[{"start":{"line":35,"column":16},"end":{"line":35,"column":59}},{"start":{"line":35,"column":16},"end":{"line":35,"column":59}}],"line":35},"6":{"loc":{"start":{"line":39,"column":18},"end":{"line":41,"column":19}},"type":"if","locations":[{"start":{"line":39,"column":18},"end":{"line":41,"column":19}},{"start":{"line":39,"column":18},"end":{"line":41,"column":19}}],"line":39}},"s":{"0":1,"1":1,"2":1,"3":1,"4":0,"5":0,"6":0,"7":0,"8":0,"9":0,"10":0,"11":0,"12":0,"13":0,"14":0,"15":0,"16":0,"17":0,"18":0,"19":0,"20":0,"21":0,"22":0,"23":0,"24":0,"25":0,"26":0,"27":0,"28":0,"29":0},"f":{"0":0,"1":0,"2":0,"3":0,"4":0,"5":0,"6":0,"7":0,"8":0},"b":{"0":[0,0],"1":[0,0],"2":[0,0],"3":[0,0],"4":[0,0],"5":[0,0],"6":[0,0]},"_coverageSchema":"43e27e138ebf9cfc5966b082cf9a028302ed4184","hash":"744da7d90dff95bb2fa545d1cc494fc3a3ab63fb","contentHash":"15e10d00537b0c322b5507b764b095b6"},"/home/gratian/node/questioner/server/validations/register.js":{"path":"/home/gratian/node/questioner/server/validations/register.js","statementMap":{"0":{"start":{"line":3,"column":17},"end":{"line":3,"column":37}},"1":{"start":{"line":5,"column":18},"end":{"line":5,"column":52}},"2":{"start":{"line":7,"column":15},"end":{"line":7,"column":35}},"3":{"start":{"line":9,"column":16},"end":{"line":9,"column":48}},"4":{"start":{"line":11,"column":39},"end":{"line":11,"column":93}},"5":{"start":{"line":13,"column":0},"end":{"line":58,"column":2}},"6":{"start":{"line":14,"column":15},"end":{"line":14,"column":17}},"7":{"start":{"line":16,"column":2},"end":{"line":16,"column":69}},"8":{"start":{"line":17,"column":2},"end":{"line":17,"column":81}},"9":{"start":{"line":18,"column":2},"end":{"line":18,"column":78}},"10":{"start":{"line":19,"column":2},"end":{"line":19,"column":87}},"11":{"start":{"line":20,"column":2},"end":{"line":20,"column":78}},"12":{"start":{"line":21,"column":2},"end":{"line":21,"column":78}},"13":{"start":{"line":24,"column":2},"end":{"line":26,"column":3}},"14":{"start":{"line":25,"column":4},"end":{"line":25,"column":39}},"15":{"start":{"line":27,"column":2},"end":{"line":29,"column":3}},"16":{"start":{"line":28,"column":4},"end":{"line":28,"column":47}},"17":{"start":{"line":30,"column":2},"end":{"line":32,"column":3}},"18":{"start":{"line":31,"column":4},"end":{"line":31,"column":45}},"19":{"start":{"line":33,"column":2},"end":{"line":35,"column":3}},"20":{"start":{"line":34,"column":4},"end":{"line":34,"column":51}},"21":{"start":{"line":36,"column":2},"end":{"line":38,"column":3}},"22":{"start":{"line":37,"column":4},"end":{"line":37,"column":45}},"23":{"start":{"line":39,"column":2},"end":{"line":41,"column":3}},"24":{"start":{"line":40,"column":4},"end":{"line":40,"column":62}},"25":{"start":{"line":43,"column":2},"end":{"line":45,"column":3}},"26":{"start":{"line":44,"column":4},"end":{"line":44,"column":45}},"27":{"start":{"line":46,"column":2},"end":{"line":48,"column":3}},"28":{"start":{"line":47,"column":4},"end":{"line":47,"column":61}},"29":{"start":{"line":50,"column":2},"end":{"line":52,"column":3}},"30":{"start":{"line":51,"column":4},"end":{"line":51,"column":41}},"31":{"start":{"line":54,"column":2},"end":{"line":57,"column":4}}},"fnMap":{"0":{"name":"_interopRequireDefault","decl":{"start":{"line":11,"column":9},"end":{"line":11,"column":31}},"loc":{"start":{"line":11,"column":37},"end":{"line":11,"column":95}},"line":11},"1":{"name":"(anonymous_1)","decl":{"start":{"line":13,"column":17},"end":{"line":13,"column":18}},"loc":{"start":{"line":13,"column":33},"end":{"line":58,"column":1}},"line":13}},"branchMap":{"0":{"loc":{"start":{"line":11,"column":46},"end":{"line":11,"column":92}},"type":"cond-expr","locations":[{"start":{"line":11,"column":70},"end":{"line":11,"column":73}},{"start":{"line":11,"column":76},"end":{"line":11,"column":92}}],"line":11},"1":{"loc":{"start":{"line":11,"column":46},"end":{"line":11,"column":67}},"type":"binary-expr","locations":[{"start":{"line":11,"column":46},"end":{"line":11,"column":49}},{"start":{"line":11,"column":53},"end":{"line":11,"column":67}}],"line":11},"2":{"loc":{"start":{"line":16,"column":15},"end":{"line":16,"column":68}},"type":"cond-expr","locations":[{"start":{"line":16,"column":53},"end":{"line":16,"column":63}},{"start":{"line":16,"column":66},"end":{"line":16,"column":68}}],"line":16},"3":{"loc":{"start":{"line":17,"column":19},"end":{"line":17,"column":80}},"type":"cond-expr","locations":[{"start":{"line":17,"column":61},"end":{"line":17,"column":75}},{"start":{"line":17,"column":78},"end":{"line":17,"column":80}}],"line":17},"4":{"loc":{"start":{"line":18,"column":18},"end":{"line":18,"column":77}},"type":"cond-expr","locations":[{"start":{"line":18,"column":59},"end":{"line":18,"column":72}},{"start":{"line":18,"column":75},"end":{"line":18,"column":77}}],"line":18},"5":{"loc":{"start":{"line":19,"column":21},"end":{"line":19,"column":86}},"type":"cond-expr","locations":[{"start":{"line":19,"column":65},"end":{"line":19,"column":81}},{"start":{"line":19,"column":84},"end":{"line":19,"column":86}}],"line":19},"6":{"loc":{"start":{"line":20,"column":18},"end":{"line":20,"column":77}},"type":"cond-expr","locations":[{"start":{"line":20,"column":59},"end":{"line":20,"column":72}},{"start":{"line":20,"column":75},"end":{"line":20,"column":77}}],"line":20},"7":{"loc":{"start":{"line":21,"column":18},"end":{"line":21,"column":77}},"type":"cond-expr","locations":[{"start":{"line":21,"column":59},"end":{"line":21,"column":72}},{"start":{"line":21,"column":75},"end":{"line":21,"column":77}}],"line":21},"8":{"loc":{"start":{"line":24,"column":2},"end":{"line":26,"column":3}},"type":"if","locations":[{"start":{"line":24,"column":2},"end":{"line":26,"column":3}},{"start":{"line":24,"column":2},"end":{"line":26,"column":3}}],"line":24},"9":{"loc":{"start":{"line":27,"column":2},"end":{"line":29,"column":3}},"type":"if","locations":[{"start":{"line":27,"column":2},"end":{"line":29,"column":3}},{"start":{"line":27,"column":2},"end":{"line":29,"column":3}}],"line":27},"10":{"loc":{"start":{"line":30,"column":2},"end":{"line":32,"column":3}},"type":"if","locations":[{"start":{"line":30,"column":2},"end":{"line":32,"column":3}},{"start":{"line":30,"column":2},"end":{"line":32,"column":3}}],"line":30},"11":{"loc":{"start":{"line":33,"column":2},"end":{"line":35,"column":3}},"type":"if","locations":[{"start":{"line":33,"column":2},"end":{"line":35,"column":3}},{"start":{"line":33,"column":2},"end":{"line":35,"column":3}}],"line":33},"12":{"loc":{"start":{"line":36,"column":2},"end":{"line":38,"column":3}},"type":"if","locations":[{"start":{"line":36,"column":2},"end":{"line":38,"column":3}},{"start":{"line":36,"column":2},"end":{"line":38,"column":3}}],"line":36},"13":{"loc":{"start":{"line":39,"column":2},"end":{"line":41,"column":3}},"type":"if","locations":[{"start":{"line":39,"column":2},"end":{"line":41,"column":3}},{"start":{"line":39,"column":2},"end":{"line":41,"column":3}}],"line":39},"14":{"loc":{"start":{"line":43,"column":2},"end":{"line":45,"column":3}},"type":"if","locations":[{"start":{"line":43,"column":2},"end":{"line":45,"column":3}},{"start":{"line":43,"column":2},"end":{"line":45,"column":3}}],"line":43},"15":{"loc":{"start":{"line":46,"column":2},"end":{"line":48,"column":3}},"type":"if","locations":[{"start":{"line":46,"column":2},"end":{"line":48,"column":3}},{"start":{"line":46,"column":2},"end":{"line":48,"column":3}}],"line":46},"16":{"loc":{"start":{"line":50,"column":2},"end":{"line":52,"column":3}},"type":"if","locations":[{"start":{"line":50,"column":2},"end":{"line":52,"column":3}},{"start":{"line":50,"column":2},"end":{"line":52,"column":3}}],"line":50}},"s":{"0":1,"1":1,"2":1,"3":1,"4":2,"5":1,"6":0,"7":0,"8":0,"9":0,"10":0,"11":0,"12":0,"13":0,"14":0,"15":0,"16":0,"17":0,"18":0,"19":0,"20":0,"21":0,"22":0,"23":0,"24":0,"25":0,"26":0,"27":0,"28":0,"29":0,"30":0,"31":0},"f":{"0":2,"1":0},"b":{"0":[0,2],"1":[2,2],"2":[0,0],"3":[0,0],"4":[0,0],"5":[0,0],"6":[0,0],"7":[0,0],"8":[0,0],"9":[0,0],"10":[0,0],"11":[0,0],"12":[0,0],"13":[0,0],"14":[0,0],"15":[0,0],"16":[0,0]},"_coverageSchema":"43e27e138ebf9cfc5966b082cf9a028302ed4184","hash":"59d54810309cde1b2e1d21fbbf7622bf99172e7d","contentHash":"ee47a5711e2e9b894a6937e231fe97d0"},"/home/gratian/node/questioner/server/validations/isEmpty.js":{"path":"/home/gratian/node/questioner/server/validations/isEmpty.js","statementMap":{"0":{"start":{"line":3,"column":14},"end":{"line":3,"column":268}},"1":{"start":{"line":3,"column":101},"end":{"line":3,"column":119}},"2":{"start":{"line":3,"column":141},"end":{"line":3,"column":266}},"3":{"start":{"line":5,"column":14},"end":{"line":7,"column":1}},"4":{"start":{"line":6,"column":4},"end":{"line":6,"column":220}},"5":{"start":{"line":9,"column":0},"end":{"line":9,"column":25}}},"fnMap":{"0":{"name":"(anonymous_0)","decl":{"start":{"line":3,"column":84},"end":{"line":3,"column":85}},"loc":{"start":{"line":3,"column":99},"end":{"line":3,"column":121}},"line":3},"1":{"name":"(anonymous_1)","decl":{"start":{"line":3,"column":124},"end":{"line":3,"column":125}},"loc":{"start":{"line":3,"column":139},"end":{"line":3,"column":268}},"line":3},"2":{"name":"isEmpty","decl":{"start":{"line":5,"column":23},"end":{"line":5,"column":30}},"loc":{"start":{"line":5,"column":38},"end":{"line":7,"column":1}},"line":5}},"branchMap":{"0":{"loc":{"start":{"line":3,"column":14},"end":{"line":3,"column":268}},"type":"cond-expr","locations":[{"start":{"line":3,"column":84},"end":{"line":3,"column":121}},{"start":{"line":3,"column":124},"end":{"line":3,"column":268}}],"line":3},"1":{"loc":{"start":{"line":3,"column":14},"end":{"line":3,"column":81}},"type":"binary-expr","locations":[{"start":{"line":3,"column":14},"end":{"line":3,"column":42}},{"start":{"line":3,"column":46},"end":{"line":3,"column":81}}],"line":3},"2":{"loc":{"start":{"line":3,"column":148},"end":{"line":3,"column":265}},"type":"cond-expr","locations":[{"start":{"line":3,"column":244},"end":{"line":3,"column":252}},{"start":{"line":3,"column":255},"end":{"line":3,"column":265}}],"line":3},"3":{"loc":{"start":{"line":3,"column":148},"end":{"line":3,"column":241}},"type":"binary-expr","locations":[{"start":{"line":3,"column":148},"end":{"line":3,"column":151}},{"start":{"line":3,"column":155},"end":{"line":3,"column":183}},{"start":{"line":3,"column":187},"end":{"line":3,"column":213}},{"start":{"line":3,"column":217},"end":{"line":3,"column":241}}],"line":3},"4":{"loc":{"start":{"line":6,"column":11},"end":{"line":6,"column":219}},"type":"binary-expr","locations":[{"start":{"line":6,"column":11},"end":{"line":6,"column":30}},{"start":{"line":6,"column":34},"end":{"line":6,"column":48}},{"start":{"line":6,"column":52},"end":{"line":6,"column":126}},{"start":{"line":6,"column":130},"end":{"line":6,"column":161}},{"start":{"line":6,"column":165},"end":{"line":6,"column":190}},{"start":{"line":6,"column":194},"end":{"line":6,"column":219}}],"line":6},"5":{"loc":{"start":{"line":6,"column":53},"end":{"line":6,"column":112}},"type":"cond-expr","locations":[{"start":{"line":6,"column":84},"end":{"line":6,"column":95}},{"start":{"line":6,"column":98},"end":{"line":6,"column":112}}],"line":6}},"s":{"0":1,"1":0,"2":0,"3":1,"4":0,"5":1},"f":{"0":0,"1":0,"2":0},"b":{"0":[1,0],"1":[1,1],"2":[0,0],"3":[0,0,0,0],"4":[0,0,0,0,0,0],"5":[0,0]},"_coverageSchema":"43e27e138ebf9cfc5966b082cf9a028302ed4184","hash":"66361ac2d356b5e4471706a0e608ab14687292ff","contentHash":"3d2c9a3897e408a51dce0ea2e88449b2"},"/home/gratian/node/questioner/server/config/connection.js":{"path":"/home/gratian/node/questioner/server/config/connection.js","statementMap":{"0":{"start":{"line":3,"column":10},"end":{"line":3,"column":23}},"1":{"start":{"line":5,"column":12},"end":{"line":5,"column":29}},"2":{"start":{"line":7,"column":13},"end":{"line":7,"column":42}},"3":{"start":{"line":9,"column":39},"end":{"line":9,"column":93}},"4":{"start":{"line":12,"column":11},"end":{"line":14,"column":2}},"5":{"start":{"line":16,"column":0},"end":{"line":16,"column":22}}},"fnMap":{"0":{"name":"_interopRequireDefault","decl":{"start":{"line":9,"column":9},"end":{"line":9,"column":31}},"loc":{"start":{"line":9,"column":37},"end":{"line":9,"column":95}},"line":9}},"branchMap":{"0":{"loc":{"start":{"line":9,"column":46},"end":{"line":9,"column":92}},"type":"cond-expr","locations":[{"start":{"line":9,"column":70},"end":{"line":9,"column":73}},{"start":{"line":9,"column":76},"end":{"line":9,"column":92}}],"line":9},"1":{"loc":{"start":{"line":9,"column":46},"end":{"line":9,"column":67}},"type":"binary-expr","locations":[{"start":{"line":9,"column":46},"end":{"line":9,"column":49}},{"start":{"line":9,"column":53},"end":{"line":9,"column":67}}],"line":9}},"s":{"0":1,"1":1,"2":1,"3":1,"4":1,"5":1},"f":{"0":1},"b":{"0":[1,0],"1":[1,1]},"_coverageSchema":"43e27e138ebf9cfc5966b082cf9a028302ed4184","hash":"95c819b6212056d06bfd0202234d701f43589f02","contentHash":"1690a410eac5eb8606ac8b2c91fe5ff2"},"/home/gratian/node/questioner/server/config/keys.js":{"path":"/home/gratian/node/questioner/server/config/keys.js","statementMap":{"0":{"start":{"line":3,"column":0},"end":{"line":5,"column":3}},"1":{"start":{"line":6,"column":11},"end":{"line":9,"column":1}},"2":{"start":{"line":11,"column":0},"end":{"line":11,"column":23}}},"fnMap":{},"branchMap":{},"s":{"0":1,"1":1,"2":1},"f":{},"b":{},"_coverageSchema":"43e27e138ebf9cfc5966b082cf9a028302ed4184","hash":"4d7284c3565b516caa86413b942017646d570aea","contentHash":"547ff38237735a2eb9e8cb7da228be7c"},"/home/gratian/node/questioner/server/controllers/auth/loginCtrl.js":{"path":"/home/gratian/node/questioner/server/controllers/auth/loginCtrl.js","statementMap":{"0":{"start":{"line":3,"column":16},"end":{"line":3,"column":35}},"1":{"start":{"line":5,"column":17},"end":{"line":5,"column":50}},"2":{"start":{"line":7,"column":20},"end":{"line":7,"column":43}},"3":{"start":{"line":9,"column":21},"end":{"line":9,"column":58}},"4":{"start":{"line":11,"column":12},"end":{"line":11,"column":40}},"5":{"start":{"line":13,"column":13},"end":{"line":13,"column":42}},"6":{"start":{"line":15,"column":13},"end":{"line":15,"column":47}},"7":{"start":{"line":17,"column":14},"end":{"line":17,"column":44}},"8":{"start":{"line":19,"column":18},"end":{"line":19,"column":52}},"9":{"start":{"line":21,"column":19},"end":{"line":21,"column":54}},"10":{"start":{"line":23,"column":39},"end":{"line":23,"column":93}},"11":{"start":{"line":25,"column":0},"end":{"line":74,"column":2}},"12":{"start":{"line":27,"column":26},"end":{"line":27,"column":56}},"13":{"start":{"line":28,"column":17},"end":{"line":28,"column":39}},"14":{"start":{"line":29,"column":18},"end":{"line":29,"column":41}},"15":{"start":{"line":31,"column":4},"end":{"line":33,"column":5}},"16":{"start":{"line":32,"column":6},"end":{"line":32,"column":42}},"17":{"start":{"line":35,"column":4},"end":{"line":72,"column":7}},"18":{"start":{"line":36,"column":6},"end":{"line":68,"column":7}},"19":{"start":{"line":38,"column":8},"end":{"line":65,"column":11}},"20":{"start":{"line":39,"column":10},"end":{"line":41,"column":11}},"21":{"start":{"line":40,"column":12},"end":{"line":40,"column":44}},"22":{"start":{"line":42,"column":10},"end":{"line":44,"column":11}},"23":{"start":{"line":43,"column":12},"end":{"line":43,"column":84}},"24":{"start":{"line":45,"column":24},"end":{"line":53,"column":11}},"25":{"start":{"line":55,"column":10},"end":{"line":64,"column":13}},"26":{"start":{"line":57,"column":12},"end":{"line":57,"column":54}},"27":{"start":{"line":57,"column":21},"end":{"line":57,"column":54}},"28":{"start":{"line":59,"column":12},"end":{"line":63,"column":15}},"29":{"start":{"line":67,"column":8},"end":{"line":67,"column":65}},"30":{"start":{"line":71,"column":6},"end":{"line":71,"column":41}}},"fnMap":{"0":{"name":"_interopRequireDefault","decl":{"start":{"line":23,"column":9},"end":{"line":23,"column":31}},"loc":{"start":{"line":23,"column":37},"end":{"line":23,"column":95}},"line":23},"1":{"name":"signin","decl":{"start":{"line":26,"column":19},"end":{"line":26,"column":25}},"loc":{"start":{"line":26,"column":36},"end":{"line":73,"column":3}},"line":26},"2":{"name":"(anonymous_2)","decl":{"start":{"line":35,"column":92},"end":{"line":35,"column":93}},"loc":{"start":{"line":35,"column":108},"end":{"line":70,"column":5}},"line":35},"3":{"name":"(anonymous_3)","decl":{"start":{"line":38,"column":77},"end":{"line":38,"column":78}},"loc":{"start":{"line":38,"column":100},"end":{"line":65,"column":9}},"line":38},"4":{"name":"(anonymous_4)","decl":{"start":{"line":55,"column":96},"end":{"line":55,"column":97}},"loc":{"start":{"line":55,"column":118},"end":{"line":64,"column":11}},"line":55},"5":{"name":"(anonymous_5)","decl":{"start":{"line":70,"column":13},"end":{"line":70,"column":14}},"loc":{"start":{"line":70,"column":30},"end":{"line":72,"column":5}},"line":70}},"branchMap":{"0":{"loc":{"start":{"line":23,"column":46},"end":{"line":23,"column":92}},"type":"cond-expr","locations":[{"start":{"line":23,"column":70},"end":{"line":23,"column":73}},{"start":{"line":23,"column":76},"end":{"line":23,"column":92}}],"line":23},"1":{"loc":{"start":{"line":23,"column":46},"end":{"line":23,"column":67}},"type":"binary-expr","locations":[{"start":{"line":23,"column":46},"end":{"line":23,"column":49}},{"start":{"line":23,"column":53},"end":{"line":23,"column":67}}],"line":23},"2":{"loc":{"start":{"line":31,"column":4},"end":{"line":33,"column":5}},"type":"if","locations":[{"start":{"line":31,"column":4},"end":{"line":33,"column":5}},{"start":{"line":31,"column":4},"end":{"line":33,"column":5}}],"line":31},"3":{"loc":{"start":{"line":36,"column":6},"end":{"line":68,"column":7}},"type":"if","locations":[{"start":{"line":36,"column":6},"end":{"line":68,"column":7}},{"start":{"line":36,"column":6},"end":{"line":68,"column":7}}],"line":36},"4":{"loc":{"start":{"line":39,"column":10},"end":{"line":41,"column":11}},"type":"if","locations":[{"start":{"line":39,"column":10},"end":{"line":41,"column":11}},{"start":{"line":39,"column":10},"end":{"line":41,"column":11}}],"line":39},"5":{"loc":{"start":{"line":42,"column":10},"end":{"line":44,"column":11}},"type":"if","locations":[{"start":{"line":42,"column":10},"end":{"line":44,"column":11}},{"start":{"line":42,"column":10},"end":{"line":44,"column":11}}],"line":42},"6":{"loc":{"start":{"line":57,"column":12},"end":{"line":57,"column":54}},"type":"if","locations":[{"start":{"line":57,"column":12},"end":{"line":57,"column":54}},{"start":{"line":57,"column":12},"end":{"line":57,"column":54}}],"line":57}},"s":{"0":1,"1":1,"2":1,"3":1,"4":1,"5":1,"6":1,"7":1,"8":1,"9":1,"10":5,"11":1,"12":0,"13":0,"14":0,"15":0,"16":0,"17":0,"18":0,"19":0,"20":0,"21":0,"22":0,"23":0,"24":0,"25":0,"26":0,"27":0,"28":0,"29":0,"30":0},"f":{"0":5,"1":0,"2":0,"3":0,"4":0,"5":0},"b":{"0":[1,4],"1":[5,5],"2":[0,0],"3":[0,0],"4":[0,0],"5":[0,0],"6":[0,0]},"_coverageSchema":"43e27e138ebf9cfc5966b082cf9a028302ed4184","hash":"976e02e681a09f30c440dae56d9981935e83c475","contentHash":"91bd7f07fbe8029c371b994c2b4a88c0"},"/home/gratian/node/questioner/server/validations/login.js":{"path":"/home/gratian/node/questioner/server/validations/login.js","statementMap":{"0":{"start":{"line":3,"column":17},"end":{"line":3,"column":37}},"1":{"start":{"line":5,"column":18},"end":{"line":5,"column":52}},"2":{"start":{"line":7,"column":15},"end":{"line":7,"column":35}},"3":{"start":{"line":9,"column":16},"end":{"line":9,"column":48}},"4":{"start":{"line":11,"column":39},"end":{"line":11,"column":93}},"5":{"start":{"line":14,"column":0},"end":{"line":32,"column":2}},"6":{"start":{"line":15,"column":15},"end":{"line":15,"column":17}},"7":{"start":{"line":16,"column":2},"end":{"line":16,"column":69}},"8":{"start":{"line":17,"column":2},"end":{"line":17,"column":78}},"9":{"start":{"line":20,"column":2},"end":{"line":22,"column":3}},"10":{"start":{"line":21,"column":4},"end":{"line":21,"column":46}},"11":{"start":{"line":24,"column":2},"end":{"line":26,"column":3}},"12":{"start":{"line":25,"column":4},"end":{"line":25,"column":52}},"13":{"start":{"line":28,"column":2},"end":{"line":31,"column":4}}},"fnMap":{"0":{"name":"_interopRequireDefault","decl":{"start":{"line":11,"column":9},"end":{"line":11,"column":31}},"loc":{"start":{"line":11,"column":37},"end":{"line":11,"column":95}},"line":11},"1":{"name":"(anonymous_1)","decl":{"start":{"line":14,"column":17},"end":{"line":14,"column":18}},"loc":{"start":{"line":14,"column":33},"end":{"line":32,"column":1}},"line":14}},"branchMap":{"0":{"loc":{"start":{"line":11,"column":46},"end":{"line":11,"column":92}},"type":"cond-expr","locations":[{"start":{"line":11,"column":70},"end":{"line":11,"column":73}},{"start":{"line":11,"column":76},"end":{"line":11,"column":92}}],"line":11},"1":{"loc":{"start":{"line":11,"column":46},"end":{"line":11,"column":67}},"type":"binary-expr","locations":[{"start":{"line":11,"column":46},"end":{"line":11,"column":49}},{"start":{"line":11,"column":53},"end":{"line":11,"column":67}}],"line":11},"2":{"loc":{"start":{"line":16,"column":15},"end":{"line":16,"column":68}},"type":"cond-expr","locations":[{"start":{"line":16,"column":53},"end":{"line":16,"column":63}},{"start":{"line":16,"column":66},"end":{"line":16,"column":68}}],"line":16},"3":{"loc":{"start":{"line":17,"column":18},"end":{"line":17,"column":77}},"type":"cond-expr","locations":[{"start":{"line":17,"column":59},"end":{"line":17,"column":72}},{"start":{"line":17,"column":75},"end":{"line":17,"column":77}}],"line":17},"4":{"loc":{"start":{"line":20,"column":2},"end":{"line":22,"column":3}},"type":"if","locations":[{"start":{"line":20,"column":2},"end":{"line":22,"column":3}},{"start":{"line":20,"column":2},"end":{"line":22,"column":3}}],"line":20},"5":{"loc":{"start":{"line":24,"column":2},"end":{"line":26,"column":3}},"type":"if","locations":[{"start":{"line":24,"column":2},"end":{"line":26,"column":3}},{"start":{"line":24,"column":2},"end":{"line":26,"column":3}}],"line":24}},"s":{"0":1,"1":1,"2":1,"3":1,"4":2,"5":1,"6":0,"7":0,"8":0,"9":0,"10":0,"11":0,"12":0,"13":0},"f":{"0":2,"1":0},"b":{"0":[0,2],"1":[2,2],"2":[0,0],"3":[0,0],"4":[0,0],"5":[0,0]},"_coverageSchema":"43e27e138ebf9cfc5966b082cf9a028302ed4184","hash":"857b11c01241581f760ac6da34c5a816af13b7c2","contentHash":"153a8e32d3710f08a372f5d055a42d94"},"/home/gratian/node/questioner/server/router/api/userRoutes.js":{"path":"/home/gratian/node/questioner/server/router/api/userRoutes.js","statementMap":{"0":{"start":{"line":3,"column":15},"end":{"line":3,"column":33}},"1":{"start":{"line":5,"column":16},"end":{"line":5,"column":48}},"2":{"start":{"line":7,"column":16},"end":{"line":7,"column":35}},"3":{"start":{"line":9,"column":17},"end":{"line":9,"column":50}},"4":{"start":{"line":11,"column":39},"end":{"line":11,"column":93}},"5":{"start":{"line":13,"column":13},"end":{"line":13,"column":39}},"6":{"start":{"line":16,"column":13},"end":{"line":16,"column":54}},"7":{"start":{"line":17,"column":11},"end":{"line":17,"column":43}},"8":{"start":{"line":19,"column":15},"end":{"line":19,"column":52}},"9":{"start":{"line":20,"column":17},"end":{"line":20,"column":56}},"10":{"start":{"line":21,"column":19},"end":{"line":21,"column":60}},"11":{"start":{"line":22,"column":18},"end":{"line":22,"column":58}},"12":{"start":{"line":23,"column":15},"end":{"line":23,"column":52}},"13":{"start":{"line":24,"column":15},"end":{"line":24,"column":52}},"14":{"start":{"line":27,"column":0},"end":{"line":27,"column":114}},"15":{"start":{"line":30,"column":0},"end":{"line":30,"column":104}},"16":{"start":{"line":33,"column":0},"end":{"line":33,"column":105}},"17":{"start":{"line":36,"column":0},"end":{"line":36,"column":124}},"18":{"start":{"line":41,"column":0},"end":{"line":41,"column":117}},"19":{"start":{"line":44,"column":0},"end":{"line":44,"column":105}},"20":{"start":{"line":47,"column":0},"end":{"line":47,"column":114}},"21":{"start":{"line":50,"column":0},"end":{"line":50,"column":115}},"22":{"start":{"line":54,"column":0},"end":{"line":54,"column":129}},"23":{"start":{"line":58,"column":0},"end":{"line":58,"column":136}},"24":{"start":{"line":61,"column":0},"end":{"line":61,"column":138}},"25":{"start":{"line":64,"column":0},"end":{"line":64,"column":127}},"26":{"start":{"line":69,"column":0},"end":{"line":69,"column":125}},"27":{"start":{"line":72,"column":0},"end":{"line":72,"column":129}},"28":{"start":{"line":74,"column":0},"end":{"line":74,"column":111}},"29":{"start":{"line":80,"column":0},"end":{"line":80,"column":105}},"30":{"start":{"line":83,"column":0},"end":{"line":83,"column":106}},"31":{"start":{"line":86,"column":0},"end":{"line":86,"column":110}},"32":{"start":{"line":89,"column":0},"end":{"line":89,"column":118}},"33":{"start":{"line":92,"column":0},"end":{"line":92,"column":130}},"34":{"start":{"line":97,"column":0},"end":{"line":97,"column":122}},"35":{"start":{"line":100,"column":0},"end":{"line":100,"column":126}},"36":{"start":{"line":103,"column":0},"end":{"line":103,"column":117}},"37":{"start":{"line":105,"column":0},"end":{"line":105,"column":24}}},"fnMap":{"0":{"name":"_interopRequireDefault","decl":{"start":{"line":11,"column":9},"end":{"line":11,"column":31}},"loc":{"start":{"line":11,"column":37},"end":{"line":11,"column":95}},"line":11}},"branchMap":{"0":{"loc":{"start":{"line":11,"column":46},"end":{"line":11,"column":92}},"type":"cond-expr","locations":[{"start":{"line":11,"column":70},"end":{"line":11,"column":73}},{"start":{"line":11,"column":76},"end":{"line":11,"column":92}}],"line":11},"1":{"loc":{"start":{"line":11,"column":46},"end":{"line":11,"column":67}},"type":"binary-expr","locations":[{"start":{"line":11,"column":46},"end":{"line":11,"column":49}},{"start":{"line":11,"column":53},"end":{"line":11,"column":67}}],"line":11}},"s":{"0":1,"1":1,"2":1,"3":1,"4":2,"5":1,"6":1,"7":1,"8":1,"9":1,"10":1,"11":1,"12":1,"13":1,"14":1,"15":1,"16":1,"17":1,"18":1,"19":1,"20":1,"21":1,"22":1,"23":1,"24":1,"25":1,"26":1,"27":1,"28":1,"29":1,"30":1,"31":1,"32":1,"33":1,"34":1,"35":1,"36":1,"37":1},"f":{"0":2},"b":{"0":[0,2],"1":[2,2]},"_coverageSchema":"43e27e138ebf9cfc5966b082cf9a028302ed4184","hash":"9c54fbc22cad7cf9aaed3c93dd1544e17f863230","contentHash":"955eb26ce126b74cf33e39c416de7035"},"/home/gratian/node/questioner/server/middleware/multer-config.js":{"path":"/home/gratian/node/questioner/server/middleware/multer-config.js","statementMap":{"0":{"start":{"line":3,"column":14},"end":{"line":3,"column":31}},"1":{"start":{"line":5,"column":15},"end":{"line":5,"column":46}},"2":{"start":{"line":7,"column":39},"end":{"line":7,"column":93}},"3":{"start":{"line":10,"column":17},"end":{"line":14,"column":1}},"4":{"start":{"line":16,"column":14},"end":{"line":25,"column":2}},"5":{"start":{"line":18,"column":4},"end":{"line":18,"column":40}},"6":{"start":{"line":21,"column":15},"end":{"line":21,"column":53}},"7":{"start":{"line":22,"column":20},"end":{"line":22,"column":45}},"8":{"start":{"line":23,"column":4},"end":{"line":23,"column":50}},"9":{"start":{"line":27,"column":0},"end":{"line":27,"column":75}}},"fnMap":{"0":{"name":"_interopRequireDefault","decl":{"start":{"line":7,"column":9},"end":{"line":7,"column":31}},"loc":{"start":{"line":7,"column":37},"end":{"line":7,"column":95}},"line":7},"1":{"name":"destination","decl":{"start":{"line":17,"column":24},"end":{"line":17,"column":35}},"loc":{"start":{"line":17,"column":51},"end":{"line":19,"column":3}},"line":17},"2":{"name":"filename","decl":{"start":{"line":20,"column":21},"end":{"line":20,"column":29}},"loc":{"start":{"line":20,"column":45},"end":{"line":24,"column":3}},"line":20}},"branchMap":{"0":{"loc":{"start":{"line":7,"column":46},"end":{"line":7,"column":92}},"type":"cond-expr","locations":[{"start":{"line":7,"column":70},"end":{"line":7,"column":73}},{"start":{"line":7,"column":76},"end":{"line":7,"column":92}}],"line":7},"1":{"loc":{"start":{"line":7,"column":46},"end":{"line":7,"column":67}},"type":"binary-expr","locations":[{"start":{"line":7,"column":46},"end":{"line":7,"column":49}},{"start":{"line":7,"column":53},"end":{"line":7,"column":67}}],"line":7}},"s":{"0":1,"1":1,"2":1,"3":1,"4":1,"5":0,"6":0,"7":0,"8":0,"9":1},"f":{"0":1,"1":0,"2":0},"b":{"0":[0,1],"1":[1,1]},"_coverageSchema":"43e27e138ebf9cfc5966b082cf9a028302ed4184","hash":"0573325ac3c2271d4961b58ee2095a3a1de08579","contentHash":"ecb9a523396cacd9741a47ea23fa0c7a"},"/home/gratian/node/questioner/server/middleware/role.js":{"path":"/home/gratian/node/questioner/server/middleware/role.js","statementMap":{"0":{"start":{"line":3,"column":0},"end":{"line":18,"column":2}},"1":{"start":{"line":5,"column":4},"end":{"line":9,"column":5}},"2":{"start":{"line":6,"column":6},"end":{"line":6,"column":13}},"3":{"start":{"line":8,"column":6},"end":{"line":8,"column":73}},"4":{"start":{"line":12,"column":4},"end":{"line":16,"column":5}},"5":{"start":{"line":13,"column":6},"end":{"line":13,"column":13}},"6":{"start":{"line":15,"column":6},"end":{"line":15,"column":73}}},"fnMap":{"0":{"name":"isAdmin","decl":{"start":{"line":4,"column":20},"end":{"line":4,"column":27}},"loc":{"start":{"line":4,"column":44},"end":{"line":10,"column":3}},"line":4},"1":{"name":"notAdmin","decl":{"start":{"line":11,"column":21},"end":{"line":11,"column":29}},"loc":{"start":{"line":11,"column":46},"end":{"line":17,"column":3}},"line":11}},"branchMap":{"0":{"loc":{"start":{"line":5,"column":4},"end":{"line":9,"column":5}},"type":"if","locations":[{"start":{"line":5,"column":4},"end":{"line":9,"column":5}},{"start":{"line":5,"column":4},"end":{"line":9,"column":5}}],"line":5},"1":{"loc":{"start":{"line":12,"column":4},"end":{"line":16,"column":5}},"type":"if","locations":[{"start":{"line":12,"column":4},"end":{"line":16,"column":5}},{"start":{"line":12,"column":4},"end":{"line":16,"column":5}}],"line":12}},"s":{"0":1,"1":0,"2":0,"3":0,"4":0,"5":0,"6":0},"f":{"0":0,"1":0},"b":{"0":[0,0],"1":[0,0]},"_coverageSchema":"43e27e138ebf9cfc5966b082cf9a028302ed4184","hash":"7ac263d6d139e02a7ac6bb445befac5f4ceb2f3f","contentHash":"67dbeb488425dcbd9604e8f243f9fbd6"},"/home/gratian/node/questioner/server/controllers/userCtrl.js":{"path":"/home/gratian/node/questioner/server/controllers/userCtrl.js","statementMap":{"0":{"start":{"line":3,"column":16},"end":{"line":3,"column":35}},"1":{"start":{"line":5,"column":17},"end":{"line":5,"column":50}},"2":{"start":{"line":7,"column":18},"end":{"line":7,"column":49}},"3":{"start":{"line":9,"column":19},"end":{"line":9,"column":54}},"4":{"start":{"line":11,"column":18},"end":{"line":11,"column":54}},"5":{"start":{"line":13,"column":19},"end":{"line":13,"column":54}},"6":{"start":{"line":15,"column":16},"end":{"line":15,"column":50}},"7":{"start":{"line":17,"column":17},"end":{"line":17,"column":50}},"8":{"start":{"line":19,"column":39},"end":{"line":19,"column":93}},"9":{"start":{"line":23,"column":0},"end":{"line":33,"column":2}},"10":{"start":{"line":24,"column":17},"end":{"line":24,"column":36}},"11":{"start":{"line":25,"column":2},"end":{"line":32,"column":5}},"12":{"start":{"line":26,"column":4},"end":{"line":28,"column":5}},"13":{"start":{"line":27,"column":6},"end":{"line":27,"column":95}},"14":{"start":{"line":29,"column":4},"end":{"line":29,"column":31}},"15":{"start":{"line":31,"column":4},"end":{"line":31,"column":35}},"16":{"start":{"line":36,"column":0},"end":{"line":84,"column":2}},"17":{"start":{"line":37,"column":11},"end":{"line":37,"column":30}},"18":{"start":{"line":39,"column":24},"end":{"line":39,"column":59}},"19":{"start":{"line":40,"column":15},"end":{"line":40,"column":37}},"20":{"start":{"line":41,"column":16},"end":{"line":41,"column":39}},"21":{"start":{"line":43,"column":13},"end":{"line":50,"column":3}},"22":{"start":{"line":52,"column":2},"end":{"line":54,"column":3}},"23":{"start":{"line":53,"column":4},"end":{"line":53,"column":40}},"24":{"start":{"line":55,"column":2},"end":{"line":83,"column":5}},"25":{"start":{"line":56,"column":4},"end":{"line":58,"column":5}},"26":{"start":{"line":57,"column":6},"end":{"line":57,"column":95}},"27":{"start":{"line":59,"column":4},"end":{"line":80,"column":7}},"28":{"start":{"line":60,"column":19},"end":{"line":60,"column":29}},"29":{"start":{"line":61,"column":6},"end":{"line":68,"column":7}},"30":{"start":{"line":62,"column":8},"end":{"line":64,"column":9}},"31":{"start":{"line":63,"column":10},"end":{"line":63,"column":76}},"32":{"start":{"line":65,"column":8},"end":{"line":67,"column":9}},"33":{"start":{"line":66,"column":10},"end":{"line":66,"column":73}},"34":{"start":{"line":70,"column":6},"end":{"line":77,"column":9}},"35":{"start":{"line":71,"column":8},"end":{"line":73,"column":9}},"36":{"start":{"line":72,"column":10},"end":{"line":72,"column":91}},"37":{"start":{"line":74,"column":8},"end":{"line":74,"column":83}},"38":{"start":{"line":76,"column":8},"end":{"line":76,"column":44}},"39":{"start":{"line":79,"column":6},"end":{"line":79,"column":44}},"40":{"start":{"line":82,"column":4},"end":{"line":82,"column":35}},"41":{"start":{"line":87,"column":0},"end":{"line":105,"column":2}},"42":{"start":{"line":88,"column":11},"end":{"line":88,"column":30}},"43":{"start":{"line":89,"column":2},"end":{"line":104,"column":5}},"44":{"start":{"line":90,"column":4},"end":{"line":92,"column":5}},"45":{"start":{"line":91,"column":6},"end":{"line":91,"column":89}},"46":{"start":{"line":94,"column":4},"end":{"line":101,"column":7}},"47":{"start":{"line":95,"column":6},"end":{"line":97,"column":7}},"48":{"start":{"line":96,"column":8},"end":{"line":96,"column":77}},"49":{"start":{"line":98,"column":6},"end":{"line":98,"column":81}},"50":{"start":{"line":100,"column":6},"end":{"line":100,"column":37}},"51":{"start":{"line":103,"column":4},"end":{"line":103,"column":39}},"52":{"start":{"line":108,"column":0},"end":{"line":161,"column":2}},"53":{"start":{"line":109,"column":11},"end":{"line":109,"column":30}},"54":{"start":{"line":110,"column":13},"end":{"line":113,"column":3}},"55":{"start":{"line":115,"column":28},"end":{"line":115,"column":61}},"56":{"start":{"line":116,"column":15},"end":{"line":116,"column":41}},"57":{"start":{"line":117,"column":16},"end":{"line":117,"column":43}},"58":{"start":{"line":121,"column":2},"end":{"line":123,"column":3}},"59":{"start":{"line":122,"column":4},"end":{"line":122,"column":40}},"60":{"start":{"line":124,"column":2},"end":{"line":160,"column":5}},"61":{"start":{"line":125,"column":4},"end":{"line":127,"column":5}},"62":{"start":{"line":126,"column":6},"end":{"line":126,"column":89}},"63":{"start":{"line":129,"column":4},"end":{"line":157,"column":7}},"64":{"start":{"line":130,"column":6},"end":{"line":132,"column":7}},"65":{"start":{"line":131,"column":8},"end":{"line":131,"column":33}},"66":{"start":{"line":133,"column":6},"end":{"line":135,"column":7}},"67":{"start":{"line":134,"column":8},"end":{"line":134,"column":80}},"68":{"start":{"line":137,"column":6},"end":{"line":156,"column":9}},"69":{"start":{"line":138,"column":8},"end":{"line":140,"column":9}},"70":{"start":{"line":139,"column":10},"end":{"line":139,"column":36}},"71":{"start":{"line":141,"column":8},"end":{"line":155,"column":11}},"72":{"start":{"line":142,"column":10},"end":{"line":144,"column":11}},"73":{"start":{"line":143,"column":12},"end":{"line":143,"column":42}},"74":{"start":{"line":145,"column":10},"end":{"line":145,"column":34}},"75":{"start":{"line":147,"column":10},"end":{"line":154,"column":13}},"76":{"start":{"line":148,"column":12},"end":{"line":150,"column":13}},"77":{"start":{"line":149,"column":14},"end":{"line":149,"column":92}},"78":{"start":{"line":151,"column":12},"end":{"line":151,"column":87}},"79":{"start":{"line":153,"column":12},"end":{"line":153,"column":41}},"80":{"start":{"line":159,"column":4},"end":{"line":159,"column":39}}},"fnMap":{"0":{"name":"_interopRequireDefault","decl":{"start":{"line":19,"column":9},"end":{"line":19,"column":31}},"loc":{"start":{"line":19,"column":37},"end":{"line":19,"column":95}},"line":19},"1":{"name":"(anonymous_1)","decl":{"start":{"line":23,"column":23},"end":{"line":23,"column":24}},"loc":{"start":{"line":23,"column":43},"end":{"line":33,"column":1}},"line":23},"2":{"name":"(anonymous_2)","decl":{"start":{"line":25,"column":87},"end":{"line":25,"column":88}},"loc":{"start":{"line":25,"column":103},"end":{"line":30,"column":3}},"line":25},"3":{"name":"(anonymous_3)","decl":{"start":{"line":30,"column":11},"end":{"line":30,"column":12}},"loc":{"start":{"line":30,"column":24},"end":{"line":32,"column":3}},"line":30},"4":{"name":"(anonymous_4)","decl":{"start":{"line":36,"column":21},"end":{"line":36,"column":22}},"loc":{"start":{"line":36,"column":41},"end":{"line":84,"column":1}},"line":36},"5":{"name":"(anonymous_5)","decl":{"start":{"line":55,"column":75},"end":{"line":55,"column":76}},"loc":{"start":{"line":55,"column":91},"end":{"line":81,"column":3}},"line":55},"6":{"name":"(anonymous_6)","decl":{"start":{"line":59,"column":78},"end":{"line":59,"column":79}},"loc":{"start":{"line":59,"column":95},"end":{"line":78,"column":5}},"line":59},"7":{"name":"(anonymous_7)","decl":{"start":{"line":70,"column":247},"end":{"line":70,"column":248}},"loc":{"start":{"line":70,"column":264},"end":{"line":75,"column":7}},"line":70},"8":{"name":"(anonymous_8)","decl":{"start":{"line":75,"column":15},"end":{"line":75,"column":16}},"loc":{"start":{"line":75,"column":33},"end":{"line":77,"column":7}},"line":75},"9":{"name":"(anonymous_9)","decl":{"start":{"line":78,"column":13},"end":{"line":78,"column":14}},"loc":{"start":{"line":78,"column":33},"end":{"line":80,"column":5}},"line":78},"10":{"name":"(anonymous_10)","decl":{"start":{"line":81,"column":11},"end":{"line":81,"column":12}},"loc":{"start":{"line":81,"column":24},"end":{"line":83,"column":3}},"line":81},"11":{"name":"(anonymous_11)","decl":{"start":{"line":87,"column":21},"end":{"line":87,"column":22}},"loc":{"start":{"line":87,"column":41},"end":{"line":105,"column":1}},"line":87},"12":{"name":"(anonymous_12)","decl":{"start":{"line":89,"column":75},"end":{"line":89,"column":76}},"loc":{"start":{"line":89,"column":93},"end":{"line":102,"column":3}},"line":89},"13":{"name":"(anonymous_13)","decl":{"start":{"line":94,"column":75},"end":{"line":94,"column":76}},"loc":{"start":{"line":94,"column":91},"end":{"line":99,"column":5}},"line":94},"14":{"name":"(anonymous_14)","decl":{"start":{"line":99,"column":13},"end":{"line":99,"column":14}},"loc":{"start":{"line":99,"column":26},"end":{"line":101,"column":5}},"line":99},"15":{"name":"(anonymous_15)","decl":{"start":{"line":102,"column":11},"end":{"line":102,"column":12}},"loc":{"start":{"line":102,"column":28},"end":{"line":104,"column":3}},"line":102},"16":{"name":"(anonymous_16)","decl":{"start":{"line":108,"column":25},"end":{"line":108,"column":26}},"loc":{"start":{"line":108,"column":45},"end":{"line":161,"column":1}},"line":108},"17":{"name":"(anonymous_17)","decl":{"start":{"line":124,"column":75},"end":{"line":124,"column":76}},"loc":{"start":{"line":124,"column":93},"end":{"line":158,"column":3}},"line":124},"18":{"name":"(anonymous_18)","decl":{"start":{"line":129,"column":77},"end":{"line":129,"column":78}},"loc":{"start":{"line":129,"column":100},"end":{"line":157,"column":5}},"line":129},"19":{"name":"(anonymous_19)","decl":{"start":{"line":137,"column":37},"end":{"line":137,"column":38}},"loc":{"start":{"line":137,"column":58},"end":{"line":156,"column":7}},"line":137},"20":{"name":"(anonymous_20)","decl":{"start":{"line":141,"column":56},"end":{"line":141,"column":57}},"loc":{"start":{"line":141,"column":81},"end":{"line":155,"column":9}},"line":141},"21":{"name":"(anonymous_21)","decl":{"start":{"line":147,"column":110},"end":{"line":147,"column":111}},"loc":{"start":{"line":147,"column":127},"end":{"line":152,"column":11}},"line":147},"22":{"name":"(anonymous_22)","decl":{"start":{"line":152,"column":19},"end":{"line":152,"column":20}},"loc":{"start":{"line":152,"column":37},"end":{"line":154,"column":11}},"line":152},"23":{"name":"(anonymous_23)","decl":{"start":{"line":158,"column":11},"end":{"line":158,"column":12}},"loc":{"start":{"line":158,"column":28},"end":{"line":160,"column":3}},"line":158}},"branchMap":{"0":{"loc":{"start":{"line":19,"column":46},"end":{"line":19,"column":92}},"type":"cond-expr","locations":[{"start":{"line":19,"column":70},"end":{"line":19,"column":73}},{"start":{"line":19,"column":76},"end":{"line":19,"column":92}}],"line":19},"1":{"loc":{"start":{"line":19,"column":46},"end":{"line":19,"column":67}},"type":"binary-expr","locations":[{"start":{"line":19,"column":46},"end":{"line":19,"column":49}},{"start":{"line":19,"column":53},"end":{"line":19,"column":67}}],"line":19},"2":{"loc":{"start":{"line":26,"column":4},"end":{"line":28,"column":5}},"type":"if","locations":[{"start":{"line":26,"column":4},"end":{"line":28,"column":5}},{"start":{"line":26,"column":4},"end":{"line":28,"column":5}}],"line":26},"3":{"loc":{"start":{"line":48,"column":15},"end":{"line":48,"column":59}},"type":"cond-expr","locations":[{"start":{"line":48,"column":36},"end":{"line":48,"column":54}},{"start":{"line":48,"column":57},"end":{"line":48,"column":59}}],"line":48},"4":{"loc":{"start":{"line":52,"column":2},"end":{"line":54,"column":3}},"type":"if","locations":[{"start":{"line":52,"column":2},"end":{"line":54,"column":3}},{"start":{"line":52,"column":2},"end":{"line":54,"column":3}}],"line":52},"5":{"loc":{"start":{"line":56,"column":4},"end":{"line":58,"column":5}},"type":"if","locations":[{"start":{"line":56,"column":4},"end":{"line":58,"column":5}},{"start":{"line":56,"column":4},"end":{"line":58,"column":5}}],"line":56},"6":{"loc":{"start":{"line":62,"column":8},"end":{"line":64,"column":9}},"type":"if","locations":[{"start":{"line":62,"column":8},"end":{"line":64,"column":9}},{"start":{"line":62,"column":8},"end":{"line":64,"column":9}}],"line":62},"7":{"loc":{"start":{"line":65,"column":8},"end":{"line":67,"column":9}},"type":"if","locations":[{"start":{"line":65,"column":8},"end":{"line":67,"column":9}},{"start":{"line":65,"column":8},"end":{"line":67,"column":9}}],"line":65},"8":{"loc":{"start":{"line":71,"column":8},"end":{"line":73,"column":9}},"type":"if","locations":[{"start":{"line":71,"column":8},"end":{"line":73,"column":9}},{"start":{"line":71,"column":8},"end":{"line":73,"column":9}}],"line":71},"9":{"loc":{"start":{"line":90,"column":4},"end":{"line":92,"column":5}},"type":"if","locations":[{"start":{"line":90,"column":4},"end":{"line":92,"column":5}},{"start":{"line":90,"column":4},"end":{"line":92,"column":5}}],"line":90},"10":{"loc":{"start":{"line":95,"column":6},"end":{"line":97,"column":7}},"type":"if","locations":[{"start":{"line":95,"column":6},"end":{"line":97,"column":7}},{"start":{"line":95,"column":6},"end":{"line":97,"column":7}}],"line":95},"11":{"loc":{"start":{"line":121,"column":2},"end":{"line":123,"column":3}},"type":"if","locations":[{"start":{"line":121,"column":2},"end":{"line":123,"column":3}},{"start":{"line":121,"column":2},"end":{"line":123,"column":3}}],"line":121},"12":{"loc":{"start":{"line":125,"column":4},"end":{"line":127,"column":5}},"type":"if","locations":[{"start":{"line":125,"column":4},"end":{"line":127,"column":5}},{"start":{"line":125,"column":4},"end":{"line":127,"column":5}}],"line":125},"13":{"loc":{"start":{"line":130,"column":6},"end":{"line":132,"column":7}},"type":"if","locations":[{"start":{"line":130,"column":6},"end":{"line":132,"column":7}},{"start":{"line":130,"column":6},"end":{"line":132,"column":7}}],"line":130},"14":{"loc":{"start":{"line":133,"column":6},"end":{"line":135,"column":7}},"type":"if","locations":[{"start":{"line":133,"column":6},"end":{"line":135,"column":7}},{"start":{"line":133,"column":6},"end":{"line":135,"column":7}}],"line":133},"15":{"loc":{"start":{"line":138,"column":8},"end":{"line":140,"column":9}},"type":"if","locations":[{"start":{"line":138,"column":8},"end":{"line":140,"column":9}},{"start":{"line":138,"column":8},"end":{"line":140,"column":9}}],"line":138},"16":{"loc":{"start":{"line":142,"column":10},"end":{"line":144,"column":11}},"type":"if","locations":[{"start":{"line":142,"column":10},"end":{"line":144,"column":11}},{"start":{"line":142,"column":10},"end":{"line":144,"column":11}}],"line":142},"17":{"loc":{"start":{"line":148,"column":12},"end":{"line":150,"column":13}},"type":"if","locations":[{"start":{"line":148,"column":12},"end":{"line":150,"column":13}},{"start":{"line":148,"column":12},"end":{"line":150,"column":13}}],"line":148}},"s":{"0":1,"1":1,"2":1,"3":1,"4":1,"5":1,"6":1,"7":1,"8":4,"9":1,"10":0,"11":0,"12":0,"13":0,"14":0,"15":0,"16":1,"17":0,"18":0,"19":0,"20":0,"21":0,"22":0,"23":0,"24":0,"25":0,"26":0,"27":0,"28":0,"29":0,"30":0,"31":0,"32":0,"33":0,"34":0,"35":0,"36":0,"37":0,"38":0,"39":0,"40":0,"41":1,"42":0,"43":0,"44":0,"45":0,"46":0,"47":0,"48":0,"49":0,"50":0,"51":0,"52":1,"53":0,"54":0,"55":0,"56":0,"57":0,"58":0,"59":0,"60":0,"61":0,"62":0,"63":0,"64":0,"65":0,"66":0,"67":0,"68":0,"69":0,"70":0,"71":0,"72":0,"73":0,"74":0,"75":0,"76":0,"77":0,"78":0,"79":0,"80":0},"f":{"0":4,"1":0,"2":0,"3":0,"4":0,"5":0,"6":0,"7":0,"8":0,"9":0,"10":0,"11":0,"12":0,"13":0,"14":0,"15":0,"16":0,"17":0,"18":0,"19":0,"20":0,"21":0,"22":0,"23":0},"b":{"0":[0,4],"1":[4,4],"2":[0,0],"3":[0,0],"4":[0,0],"5":[0,0],"6":[0,0],"7":[0,0],"8":[0,0],"9":[0,0],"10":[0,0],"11":[0,0],"12":[0,0],"13":[0,0],"14":[0,0],"15":[0,0],"16":[0,0],"17":[0,0]},"_coverageSchema":"43e27e138ebf9cfc5966b082cf9a028302ed4184","hash":"eb49aaffe9787d0c387fe7cce5b8b6b32ed8ff8b","contentHash":"6406db55ca8790d7f9d9af7558633d17"},"/home/gratian/node/questioner/server/validations/updateUser.js":{"path":"/home/gratian/node/questioner/server/validations/updateUser.js","statementMap":{"0":{"start":{"line":3,"column":17},"end":{"line":3,"column":37}},"1":{"start":{"line":5,"column":18},"end":{"line":5,"column":52}},"2":{"start":{"line":7,"column":15},"end":{"line":7,"column":35}},"3":{"start":{"line":9,"column":16},"end":{"line":9,"column":48}},"4":{"start":{"line":11,"column":39},"end":{"line":11,"column":93}},"5":{"start":{"line":13,"column":0},"end":{"line":50,"column":2}},"6":{"start":{"line":14,"column":15},"end":{"line":14,"column":17}},"7":{"start":{"line":16,"column":2},"end":{"line":16,"column":69}},"8":{"start":{"line":17,"column":2},"end":{"line":17,"column":81}},"9":{"start":{"line":18,"column":2},"end":{"line":18,"column":78}},"10":{"start":{"line":19,"column":2},"end":{"line":19,"column":87}},"11":{"start":{"line":20,"column":2},"end":{"line":20,"column":78}},"12":{"start":{"line":23,"column":2},"end":{"line":25,"column":3}},"13":{"start":{"line":24,"column":4},"end":{"line":24,"column":39}},"14":{"start":{"line":26,"column":2},"end":{"line":28,"column":3}},"15":{"start":{"line":27,"column":4},"end":{"line":27,"column":47}},"16":{"start":{"line":29,"column":2},"end":{"line":31,"column":3}},"17":{"start":{"line":30,"column":4},"end":{"line":30,"column":45}},"18":{"start":{"line":32,"column":2},"end":{"line":34,"column":3}},"19":{"start":{"line":33,"column":4},"end":{"line":33,"column":51}},"20":{"start":{"line":35,"column":2},"end":{"line":37,"column":3}},"21":{"start":{"line":36,"column":4},"end":{"line":36,"column":45}},"22":{"start":{"line":38,"column":2},"end":{"line":40,"column":3}},"23":{"start":{"line":39,"column":4},"end":{"line":39,"column":62}},"24":{"start":{"line":42,"column":2},"end":{"line":44,"column":3}},"25":{"start":{"line":43,"column":4},"end":{"line":43,"column":41}},"26":{"start":{"line":46,"column":2},"end":{"line":49,"column":4}}},"fnMap":{"0":{"name":"_interopRequireDefault","decl":{"start":{"line":11,"column":9},"end":{"line":11,"column":31}},"loc":{"start":{"line":11,"column":37},"end":{"line":11,"column":95}},"line":11},"1":{"name":"(anonymous_1)","decl":{"start":{"line":13,"column":17},"end":{"line":13,"column":18}},"loc":{"start":{"line":13,"column":33},"end":{"line":50,"column":1}},"line":13}},"branchMap":{"0":{"loc":{"start":{"line":11,"column":46},"end":{"line":11,"column":92}},"type":"cond-expr","locations":[{"start":{"line":11,"column":70},"end":{"line":11,"column":73}},{"start":{"line":11,"column":76},"end":{"line":11,"column":92}}],"line":11},"1":{"loc":{"start":{"line":11,"column":46},"end":{"line":11,"column":67}},"type":"binary-expr","locations":[{"start":{"line":11,"column":46},"end":{"line":11,"column":49}},{"start":{"line":11,"column":53},"end":{"line":11,"column":67}}],"line":11},"2":{"loc":{"start":{"line":16,"column":15},"end":{"line":16,"column":68}},"type":"cond-expr","locations":[{"start":{"line":16,"column":53},"end":{"line":16,"column":63}},{"start":{"line":16,"column":66},"end":{"line":16,"column":68}}],"line":16},"3":{"loc":{"start":{"line":17,"column":19},"end":{"line":17,"column":80}},"type":"cond-expr","locations":[{"start":{"line":17,"column":61},"end":{"line":17,"column":75}},{"start":{"line":17,"column":78},"end":{"line":17,"column":80}}],"line":17},"4":{"loc":{"start":{"line":18,"column":18},"end":{"line":18,"column":77}},"type":"cond-expr","locations":[{"start":{"line":18,"column":59},"end":{"line":18,"column":72}},{"start":{"line":18,"column":75},"end":{"line":18,"column":77}}],"line":18},"5":{"loc":{"start":{"line":19,"column":21},"end":{"line":19,"column":86}},"type":"cond-expr","locations":[{"start":{"line":19,"column":65},"end":{"line":19,"column":81}},{"start":{"line":19,"column":84},"end":{"line":19,"column":86}}],"line":19},"6":{"loc":{"start":{"line":20,"column":18},"end":{"line":20,"column":77}},"type":"cond-expr","locations":[{"start":{"line":20,"column":59},"end":{"line":20,"column":72}},{"start":{"line":20,"column":75},"end":{"line":20,"column":77}}],"line":20},"7":{"loc":{"start":{"line":23,"column":2},"end":{"line":25,"column":3}},"type":"if","locations":[{"start":{"line":23,"column":2},"end":{"line":25,"column":3}},{"start":{"line":23,"column":2},"end":{"line":25,"column":3}}],"line":23},"8":{"loc":{"start":{"line":26,"column":2},"end":{"line":28,"column":3}},"type":"if","locations":[{"start":{"line":26,"column":2},"end":{"line":28,"column":3}},{"start":{"line":26,"column":2},"end":{"line":28,"column":3}}],"line":26},"9":{"loc":{"start":{"line":29,"column":2},"end":{"line":31,"column":3}},"type":"if","locations":[{"start":{"line":29,"column":2},"end":{"line":31,"column":3}},{"start":{"line":29,"column":2},"end":{"line":31,"column":3}}],"line":29},"10":{"loc":{"start":{"line":32,"column":2},"end":{"line":34,"column":3}},"type":"if","locations":[{"start":{"line":32,"column":2},"end":{"line":34,"column":3}},{"start":{"line":32,"column":2},"end":{"line":34,"column":3}}],"line":32},"11":{"loc":{"start":{"line":35,"column":2},"end":{"line":37,"column":3}},"type":"if","locations":[{"start":{"line":35,"column":2},"end":{"line":37,"column":3}},{"start":{"line":35,"column":2},"end":{"line":37,"column":3}}],"line":35},"12":{"loc":{"start":{"line":38,"column":2},"end":{"line":40,"column":3}},"type":"if","locations":[{"start":{"line":38,"column":2},"end":{"line":40,"column":3}},{"start":{"line":38,"column":2},"end":{"line":40,"column":3}}],"line":38},"13":{"loc":{"start":{"line":42,"column":2},"end":{"line":44,"column":3}},"type":"if","locations":[{"start":{"line":42,"column":2},"end":{"line":44,"column":3}},{"start":{"line":42,"column":2},"end":{"line":44,"column":3}}],"line":42}},"s":{"0":1,"1":1,"2":1,"3":1,"4":2,"5":1,"6":0,"7":0,"8":0,"9":0,"10":0,"11":0,"12":0,"13":0,"14":0,"15":0,"16":0,"17":0,"18":0,"19":0,"20":0,"21":0,"22":0,"23":0,"24":0,"25":0,"26":0},"f":{"0":2,"1":0},"b":{"0":[0,2],"1":[2,2],"2":[0,0],"3":[0,0],"4":[0,0],"5":[0,0],"6":[0,0],"7":[0,0],"8":[0,0],"9":[0,0],"10":[0,0],"11":[0,0],"12":[0,0],"13":[0,0]},"_coverageSchema":"43e27e138ebf9cfc5966b082cf9a028302ed4184","hash":"884702d4fdd731adee13ee7a2db0e59675307007","contentHash":"f2748d2dd612155563a9600a71c7a33f"},"/home/gratian/node/questioner/server/validations/password.js":{"path":"/home/gratian/node/questioner/server/validations/password.js","statementMap":{"0":{"start":{"line":3,"column":17},"end":{"line":3,"column":37}},"1":{"start":{"line":5,"column":18},"end":{"line":5,"column":52}},"2":{"start":{"line":7,"column":15},"end":{"line":7,"column":35}},"3":{"start":{"line":9,"column":16},"end":{"line":9,"column":48}},"4":{"start":{"line":11,"column":39},"end":{"line":11,"column":93}},"5":{"start":{"line":13,"column":0},"end":{"line":33,"column":2}},"6":{"start":{"line":14,"column":15},"end":{"line":14,"column":17}},"7":{"start":{"line":15,"column":2},"end":{"line":15,"column":87}},"8":{"start":{"line":16,"column":2},"end":{"line":16,"column":96}},"9":{"start":{"line":18,"column":2},"end":{"line":20,"column":3}},"10":{"start":{"line":19,"column":4},"end":{"line":19,"column":58}},"11":{"start":{"line":22,"column":2},"end":{"line":24,"column":3}},"12":{"start":{"line":23,"column":4},"end":{"line":23,"column":52}},"13":{"start":{"line":25,"column":2},"end":{"line":27,"column":3}},"14":{"start":{"line":26,"column":4},"end":{"line":26,"column":68}},"15":{"start":{"line":29,"column":2},"end":{"line":32,"column":4}}},"fnMap":{"0":{"name":"_interopRequireDefault","decl":{"start":{"line":11,"column":9},"end":{"line":11,"column":31}},"loc":{"start":{"line":11,"column":37},"end":{"line":11,"column":95}},"line":11},"1":{"name":"(anonymous_1)","decl":{"start":{"line":13,"column":17},"end":{"line":13,"column":18}},"loc":{"start":{"line":13,"column":33},"end":{"line":33,"column":1}},"line":13}},"branchMap":{"0":{"loc":{"start":{"line":11,"column":46},"end":{"line":11,"column":92}},"type":"cond-expr","locations":[{"start":{"line":11,"column":70},"end":{"line":11,"column":73}},{"start":{"line":11,"column":76},"end":{"line":11,"column":92}}],"line":11},"1":{"loc":{"start":{"line":11,"column":46},"end":{"line":11,"column":67}},"type":"binary-expr","locations":[{"start":{"line":11,"column":46},"end":{"line":11,"column":49}},{"start":{"line":11,"column":53},"end":{"line":11,"column":67}}],"line":11},"2":{"loc":{"start":{"line":15,"column":21},"end":{"line":15,"column":86}},"type":"cond-expr","locations":[{"start":{"line":15,"column":65},"end":{"line":15,"column":81}},{"start":{"line":15,"column":84},"end":{"line":15,"column":86}}],"line":15},"3":{"loc":{"start":{"line":16,"column":24},"end":{"line":16,"column":95}},"type":"cond-expr","locations":[{"start":{"line":16,"column":71},"end":{"line":16,"column":90}},{"start":{"line":16,"column":93},"end":{"line":16,"column":95}}],"line":16},"4":{"loc":{"start":{"line":18,"column":2},"end":{"line":20,"column":3}},"type":"if","locations":[{"start":{"line":18,"column":2},"end":{"line":20,"column":3}},{"start":{"line":18,"column":2},"end":{"line":20,"column":3}}],"line":18},"5":{"loc":{"start":{"line":22,"column":2},"end":{"line":24,"column":3}},"type":"if","locations":[{"start":{"line":22,"column":2},"end":{"line":24,"column":3}},{"start":{"line":22,"column":2},"end":{"line":24,"column":3}}],"line":22},"6":{"loc":{"start":{"line":25,"column":2},"end":{"line":27,"column":3}},"type":"if","locations":[{"start":{"line":25,"column":2},"end":{"line":27,"column":3}},{"start":{"line":25,"column":2},"end":{"line":27,"column":3}}],"line":25}},"s":{"0":1,"1":1,"2":1,"3":1,"4":2,"5":1,"6":0,"7":0,"8":0,"9":0,"10":0,"11":0,"12":0,"13":0,"14":0,"15":0},"f":{"0":2,"1":0},"b":{"0":[0,2],"1":[2,2],"2":[0,0],"3":[0,0],"4":[0,0],"5":[0,0],"6":[0,0]},"_coverageSchema":"43e27e138ebf9cfc5966b082cf9a028302ed4184","hash":"68e0c733eb9c3e4d851f202d370d08e7dfd5e053","contentHash":"4a42f912a28827d6691cafd83157d339"},"/home/gratian/node/questioner/server/controllers/meetupCtrl.js":{"path":"/home/gratian/node/questioner/server/controllers/meetupCtrl.js","statementMap":{"0":{"start":{"line":3,"column":15},"end":{"line":3,"column":34}},"1":{"start":{"line":5,"column":16},"end":{"line":5,"column":48}},"2":{"start":{"line":7,"column":18},"end":{"line":7,"column":49}},"3":{"start":{"line":9,"column":19},"end":{"line":9,"column":54}},"4":{"start":{"line":11,"column":14},"end":{"line":11,"column":46}},"5":{"start":{"line":13,"column":15},"end":{"line":13,"column":46}},"6":{"start":{"line":15,"column":12},"end":{"line":15,"column":42}},"7":{"start":{"line":17,"column":13},"end":{"line":17,"column":42}},"8":{"start":{"line":19,"column":39},"end":{"line":19,"column":93}},"9":{"start":{"line":22,"column":0},"end":{"line":53,"column":2}},"10":{"start":{"line":23,"column":26},"end":{"line":23,"column":57}},"11":{"start":{"line":24,"column":15},"end":{"line":24,"column":39}},"12":{"start":{"line":25,"column":16},"end":{"line":25,"column":41}},"13":{"start":{"line":29,"column":2},"end":{"line":31,"column":3}},"14":{"start":{"line":30,"column":4},"end":{"line":30,"column":40}},"15":{"start":{"line":33,"column":13},"end":{"line":38,"column":3}},"16":{"start":{"line":40,"column":2},"end":{"line":52,"column":5}},"17":{"start":{"line":41,"column":4},"end":{"line":43,"column":5}},"18":{"start":{"line":42,"column":6},"end":{"line":42,"column":41}},"19":{"start":{"line":44,"column":4},"end":{"line":51,"column":5}},"20":{"start":{"line":45,"column":6},"end":{"line":50,"column":9}},"21":{"start":{"line":55,"column":0},"end":{"line":62,"column":2}},"22":{"start":{"line":56,"column":2},"end":{"line":61,"column":5}},"23":{"start":{"line":57,"column":4},"end":{"line":59,"column":5}},"24":{"start":{"line":58,"column":6},"end":{"line":58,"column":41}},"25":{"start":{"line":60,"column":4},"end":{"line":60,"column":80}},"26":{"start":{"line":64,"column":0},"end":{"line":76,"column":2}},"27":{"start":{"line":65,"column":11},"end":{"line":65,"column":24}},"28":{"start":{"line":66,"column":2},"end":{"line":75,"column":5}},"29":{"start":{"line":67,"column":4},"end":{"line":70,"column":5}},"30":{"start":{"line":69,"column":6},"end":{"line":69,"column":41}},"31":{"start":{"line":71,"column":4},"end":{"line":73,"column":5}},"32":{"start":{"line":72,"column":6},"end":{"line":72,"column":89}},"33":{"start":{"line":74,"column":4},"end":{"line":74,"column":80}},"34":{"start":{"line":78,"column":0},"end":{"line":90,"column":2}},"35":{"start":{"line":80,"column":14},"end":{"line":80,"column":24}},"36":{"start":{"line":81,"column":2},"end":{"line":89,"column":5}},"37":{"start":{"line":82,"column":4},"end":{"line":84,"column":5}},"38":{"start":{"line":83,"column":6},"end":{"line":83,"column":41}},"39":{"start":{"line":85,"column":4},"end":{"line":87,"column":5}},"40":{"start":{"line":86,"column":6},"end":{"line":86,"column":89}},"41":{"start":{"line":88,"column":4},"end":{"line":88,"column":80}},"42":{"start":{"line":93,"column":0},"end":{"line":114,"column":2}},"43":{"start":{"line":94,"column":11},"end":{"line":94,"column":24}},"44":{"start":{"line":95,"column":2},"end":{"line":113,"column":5}},"45":{"start":{"line":96,"column":4},"end":{"line":99,"column":5}},"46":{"start":{"line":98,"column":6},"end":{"line":98,"column":41}},"47":{"start":{"line":100,"column":4},"end":{"line":102,"column":5}},"48":{"start":{"line":101,"column":6},"end":{"line":101,"column":76}},"49":{"start":{"line":104,"column":4},"end":{"line":112,"column":7}},"50":{"start":{"line":105,"column":6},"end":{"line":107,"column":7}},"51":{"start":{"line":106,"column":8},"end":{"line":106,"column":40}},"52":{"start":{"line":108,"column":6},"end":{"line":110,"column":7}},"53":{"start":{"line":109,"column":8},"end":{"line":109,"column":82}},"54":{"start":{"line":111,"column":6},"end":{"line":111,"column":94}},"55":{"start":{"line":117,"column":0},"end":{"line":152,"column":2}},"56":{"start":{"line":118,"column":11},"end":{"line":118,"column":24}},"57":{"start":{"line":121,"column":27},"end":{"line":121,"column":58}},"58":{"start":{"line":122,"column":15},"end":{"line":122,"column":40}},"59":{"start":{"line":123,"column":16},"end":{"line":123,"column":42}},"60":{"start":{"line":125,"column":2},"end":{"line":151,"column":5}},"61":{"start":{"line":126,"column":4},"end":{"line":129,"column":5}},"62":{"start":{"line":128,"column":6},"end":{"line":128,"column":41}},"63":{"start":{"line":130,"column":4},"end":{"line":132,"column":5}},"64":{"start":{"line":131,"column":6},"end":{"line":131,"column":89}},"65":{"start":{"line":134,"column":4},"end":{"line":136,"column":5}},"66":{"start":{"line":135,"column":6},"end":{"line":135,"column":42}},"67":{"start":{"line":137,"column":15},"end":{"line":141,"column":5}},"68":{"start":{"line":142,"column":4},"end":{"line":150,"column":7}},"69":{"start":{"line":143,"column":6},"end":{"line":145,"column":7}},"70":{"start":{"line":144,"column":8},"end":{"line":144,"column":40}},"71":{"start":{"line":146,"column":6},"end":{"line":148,"column":7}},"72":{"start":{"line":147,"column":8},"end":{"line":147,"column":82}},"73":{"start":{"line":149,"column":6},"end":{"line":149,"column":98}},"74":{"start":{"line":155,"column":0},"end":{"line":193,"column":2}},"75":{"start":{"line":157,"column":11},"end":{"line":157,"column":24}},"76":{"start":{"line":159,"column":2},"end":{"line":192,"column":5}},"77":{"start":{"line":160,"column":4},"end":{"line":162,"column":5}},"78":{"start":{"line":161,"column":6},"end":{"line":161,"column":41}},"79":{"start":{"line":163,"column":4},"end":{"line":165,"column":5}},"80":{"start":{"line":164,"column":6},"end":{"line":164,"column":89}},"81":{"start":{"line":166,"column":4},"end":{"line":168,"column":5}},"82":{"start":{"line":167,"column":6},"end":{"line":167,"column":75}},"83":{"start":{"line":170,"column":14},"end":{"line":170,"column":52}},"84":{"start":{"line":171,"column":19},"end":{"line":171,"column":21}},"85":{"start":{"line":172,"column":17},"end":{"line":172,"column":26}},"86":{"start":{"line":174,"column":4},"end":{"line":176,"column":7}},"87":{"start":{"line":175,"column":6},"end":{"line":175,"column":55}},"88":{"start":{"line":178,"column":4},"end":{"line":191,"column":7}},"89":{"start":{"line":179,"column":6},"end":{"line":181,"column":7}},"90":{"start":{"line":180,"column":8},"end":{"line":180,"column":24}},"91":{"start":{"line":182,"column":6},"end":{"line":184,"column":7}},"92":{"start":{"line":183,"column":8},"end":{"line":183,"column":83}},"93":{"start":{"line":185,"column":6},"end":{"line":190,"column":9}},"94":{"start":{"line":196,"column":2},"end":{"line":209,"column":5}},"95":{"start":{"line":197,"column":4},"end":{"line":199,"column":5}},"96":{"start":{"line":198,"column":6},"end":{"line":198,"column":25}},"97":{"start":{"line":200,"column":4},"end":{"line":202,"column":5}},"98":{"start":{"line":201,"column":6},"end":{"line":201,"column":81}},"99":{"start":{"line":203,"column":4},"end":{"line":208,"column":7}},"100":{"start":{"line":212,"column":0},"end":{"line":247,"column":2}},"101":{"start":{"line":213,"column":11},"end":{"line":213,"column":24}},"102":{"start":{"line":215,"column":23},"end":{"line":215,"column":52}},"103":{"start":{"line":216,"column":15},"end":{"line":216,"column":36}},"104":{"start":{"line":217,"column":16},"end":{"line":217,"column":38}},"105":{"start":{"line":219,"column":2},"end":{"line":246,"column":5}},"106":{"start":{"line":220,"column":4},"end":{"line":222,"column":5}},"107":{"start":{"line":221,"column":6},"end":{"line":221,"column":41}},"108":{"start":{"line":223,"column":4},"end":{"line":225,"column":5}},"109":{"start":{"line":224,"column":6},"end":{"line":224,"column":89}},"110":{"start":{"line":227,"column":15},"end":{"line":227,"column":34}},"111":{"start":{"line":228
[...]
4,"column":8},"end":{"line":98,"column":11}},"56":{"start":{"line":95,"column":10},"end":{"line":95,"column":93}},"57":{"start":{"line":97,"column":10},"end":{"line":97,"column":26}},"58":{"start":{"line":100,"column":8},"end":{"line":100,"column":21}},"59":{"start":{"line":103,"column":6},"end":{"line":103,"column":23}}},"fnMap":{"0":{"name":"_interopRequireDefault","decl":{"start":{"line":7,"column":9},"end":{"line":7,"column":31}},"loc":{"start":{"line":7,"column":37},"end":{"line":7,"column":95}},"line":7},"1":{"name":"(anonymous_1)","decl":{"start":{"line":10,"column":17},"end":{"line":10,"column":18}},"loc":{"start":{"line":10,"column":37},"end":{"line":57,"column":1}},"line":10},"2":{"name":"(anonymous_2)","decl":{"start":{"line":12,"column":83},"end":{"line":12,"column":84}},"loc":{"start":{"line":12,"column":108},"end":{"line":56,"column":3}},"line":12},"3":{"name":"(anonymous_3)","decl":{"start":{"line":20,"column":123},"end":{"line":20,"column":124}},"loc":{"start":{"line":20,"column":140},"end":{"line":53,"column":5}},"line":20},"4":{"name":"(anonymous_4)","decl":{"start":{"line":25,"column":143},"end":{"line":25,"column":144}},"loc":{"start":{"line":25,"column":157},"end":{"line":27,"column":9}},"line":25},"5":{"name":"(anonymous_5)","decl":{"start":{"line":27,"column":17},"end":{"line":27,"column":18}},"loc":{"start":{"line":27,"column":31},"end":{"line":29,"column":9}},"line":27},"6":{"name":"(anonymous_6)","decl":{"start":{"line":34,"column":159},"end":{"line":34,"column":160}},"loc":{"start":{"line":34,"column":173},"end":{"line":36,"column":9}},"line":34},"7":{"name":"(anonymous_7)","decl":{"start":{"line":36,"column":17},"end":{"line":36,"column":18}},"loc":{"start":{"line":36,"column":31},"end":{"line":38,"column":9}},"line":36},"8":{"name":"(anonymous_8)","decl":{"start":{"line":45,"column":188},"end":{"line":45,"column":189}},"loc":{"start":{"line":45,"column":202},"end":{"line":47,"column":9}},"line":45},"9":{"name":"(anonymous_9)","decl":{"start":{"line":47,"column":17},"end":{"line":47,"column":18}},"loc":{"start":{"line":47,"column":31},"end":{"line":49,"column":9}},"line":47},"10":{"name":"(anonymous_10)","decl":{"start":{"line":53,"column":13},"end":{"line":53,"column":14}},"loc":{"start":{"line":53,"column":30},"end":{"line":55,"column":5}},"line":53},"11":{"name":"(anonymous_11)","decl":{"start":{"line":60,"column":19},"end":{"line":60,"column":20}},"loc":{"start":{"line":60,"column":39},"end":{"line":106,"column":1}},"line":60},"12":{"name":"(anonymous_12)","decl":{"start":{"line":63,"column":83},"end":{"line":63,"column":84}},"loc":{"start":{"line":63,"column":108},"end":{"line":105,"column":3}},"line":63},"13":{"name":"(anonymous_13)","decl":{"start":{"line":71,"column":123},"end":{"line":71,"column":124}},"loc":{"start":{"line":71,"column":140},"end":{"line":102,"column":5}},"line":71},"14":{"name":"(anonymous_14)","decl":{"start":{"line":74,"column":144},"end":{"line":74,"column":145}},"loc":{"start":{"line":74,"column":160},"end":{"line":76,"column":9}},"line":74},"15":{"name":"(anonymous_15)","decl":{"start":{"line":76,"column":17},"end":{"line":76,"column":18}},"loc":{"start":{"line":76,"column":31},"end":{"line":78,"column":9}},"line":76},"16":{"name":"(anonymous_16)","decl":{"start":{"line":83,"column":143},"end":{"line":83,"column":144}},"loc":{"start":{"line":83,"column":157},"end":{"line":85,"column":9}},"line":83},"17":{"name":"(anonymous_17)","decl":{"start":{"line":85,"column":17},"end":{"line":85,"column":18}},"loc":{"start":{"line":85,"column":31},"end":{"line":87,"column":9}},"line":85},"18":{"name":"(anonymous_18)","decl":{"start":{"line":94,"column":189},"end":{"line":94,"column":190}},"loc":{"start":{"line":94,"column":203},"end":{"line":96,"column":9}},"line":94},"19":{"name":"(anonymous_19)","decl":{"start":{"line":96,"column":17},"end":{"line":96,"column":18}},"loc":{"start":{"line":96,"column":31},"end":{"line":98,"column":9}},"line":96},"20":{"name":"(anonymous_20)","decl":{"start":{"line":102,"column":13},"end":{"line":102,"column":14}},"loc":{"start":{"line":102,"column":28},"end":{"line":104,"column":5}},"line":102}},"branchMap":{"0":{"loc":{"start":{"line":7,"column":46},"end":{"line":7,"column":92}},"type":"cond-expr","locations":[{"start":{"line":7,"column":70},"end":{"line":7,"column":73}},{"start":{"line":7,"column":76},"end":{"line":7,"column":92}}],"line":7},"1":{"loc":{"start":{"line":7,"column":46},"end":{"line":7,"column":67}},"type":"binary-expr","locations":[{"start":{"line":7,"column":46},"end":{"line":7,"column":49}},{"start":{"line":7,"column":53},"end":{"line":7,"column":67}}],"line":7},"2":{"loc":{"start":{"line":13,"column":4},"end":{"line":15,"column":5}},"type":"if","locations":[{"start":{"line":13,"column":4},"end":{"line":15,"column":5}},{"start":{"line":13,"column":4},"end":{"line":15,"column":5}}],"line":13},"3":{"loc":{"start":{"line":16,"column":4},"end":{"line":18,"column":5}},"type":"if","locations":[{"start":{"line":16,"column":4},"end":{"line":18,"column":5}},{"start":{"line":16,"column":4},"end":{"line":18,"column":5}}],"line":16},"4":{"loc":{"start":{"line":23,"column":6},"end":{"line":52,"column":7}},"type":"if","locations":[{"start":{"line":23,"column":6},"end":{"line":52,"column":7}},{"start":{"line":23,"column":6},"end":{"line":52,"column":7}}],"line":23},"5":{"loc":{"start":{"line":30,"column":13},"end":{"line":52,"column":7}},"type":"if","locations":[{"start":{"line":30,"column":13},"end":{"line":52,"column":7}},{"start":{"line":30,"column":13},"end":{"line":52,"column":7}}],"line":30},"6":{"loc":{"start":{"line":32,"column":13},"end":{"line":52,"column":7}},"type":"if","locations":[{"start":{"line":32,"column":13},"end":{"line":52,"column":7}},{"start":{"line":32,"column":13},"end":{"line":52,"column":7}}],"line":32},"7":{"loc":{"start":{"line":32,"column":17},"end":{"line":32,"column":80}},"type":"binary-expr","locations":[{"start":{"line":32,"column":17},"end":{"line":32,"column":46}},{"start":{"line":32,"column":50},"end":{"line":32,"column":80}}],"line":32},"8":{"loc":{"start":{"line":39,"column":13},"end":{"line":52,"column":7}},"type":"if","locations":[{"start":{"line":39,"column":13},"end":{"line":52,"column":7}},{"start":{"line":39,"column":13},"end":{"line":52,"column":7}}],"line":39},"9":{"loc":{"start":{"line":39,"column":17},"end":{"line":39,"column":80}},"type":"binary-expr","locations":[{"start":{"line":39,"column":17},"end":{"line":39,"column":47}},{"start":{"line":39,"column":51},"end":{"line":39,"column":80}}],"line":39},"10":{"loc":{"start":{"line":64,"column":4},"end":{"line":66,"column":5}},"type":"if","locations":[{"start":{"line":64,"column":4},"end":{"line":66,"column":5}},{"start":{"line":64,"column":4},"end":{"line":66,"column":5}}],"line":64},"11":{"loc":{"start":{"line":67,"column":4},"end":{"line":69,"column":5}},"type":"if","locations":[{"start":{"line":67,"column":4},"end":{"line":69,"column":5}},{"start":{"line":67,"column":4},"end":{"line":69,"column":5}}],"line":67},"12":{"loc":{"start":{"line":72,"column":6},"end":{"line":101,"column":7}},"type":"if","locations":[{"start":{"line":72,"column":6},"end":{"line":101,"column":7}},{"start":{"line":72,"column":6},"end":{"line":101,"column":7}}],"line":72},"13":{"loc":{"start":{"line":79,"column":13},"end":{"line":101,"column":7}},"type":"if","locations":[{"start":{"line":79,"column":13},"end":{"line":101,"column":7}},{"start":{"line":79,"column":13},"end":{"line":101,"column":7}}],"line":79},"14":{"loc":{"start":{"line":81,"column":13},"end":{"line":101,"column":7}},"type":"if","locations":[{"start":{"line":81,"column":13},"end":{"line":101,"column":7}},{"start":{"line":81,"column":13},"end":{"line":101,"column":7}}],"line":81},"15":{"loc":{"start":{"line":81,"column":17},"end":{"line":81,"column":76}},"type":"binary-expr","locations":[{"start":{"line":81,"column":17},"end":{"line":81,"column":44}},{"start":{"line":81,"column":48},"end":{"line":81,"column":76}}],"line":81},"16":{"loc":{"start":{"line":88,"column":13},"end":{"line":101,"column":7}},"type":"if","locations":[{"start":{"line":88,"column":13},"end":{"line":101,"column":7}},{"start":{"line":88,"column":13},"end":{"line":101,"column":7}}],"line":88},"17":{"loc":{"start":{"line":88,"column":17},"end":{"line":88,"column":76}},"type":"binary-expr","locations":[{"start":{"line":88,"column":17},"end":{"line":88,"column":45}},{"start":{"line":88,"column":49},"end":{"line":88,"column":76}}],"line":88}},"s":{"0":1,"1":1,"2":1,"3":1,"4":0,"5":0,"6":0,"7":0,"8":0,"9":0,"10":0,"11":0,"12":0,"13":0,"14":0,"15":0,"16":0,"17":0,"18":0,"19":0,"20":0,"21":0,"22":0,"23":0,"24":0,"25":0,"26":0,"27":0,"28":0,"29":0,"30":0,"31":0,"32":1,"33":0,"34":0,"35":0,"36":0,"37":0,"38":0,"39":0,"40":0,"41":0,"42":0,"43":0,"44":0,"45":0,"46":0,"47":0,"48":0,"49":0,"50":0,"51":0,"52":0,"53":0,"54":0,"55":0,"56":0,"57":0,"58":0,"59":0},"f":{"0":1,"1":0,"2":0,"3":0,"4":0,"5":0,"6":0,"7":0,"8":0,"9":0,"10":0,"11":0,"12":0,"13":0,"14":0,"15":0,"16":0,"17":0,"18":0,"19":0,"20":0},"b":{"0":[0,1],"1":[1,1],"2":[0,0],"3":[0,0],"4":[0,0],"5":[0,0],"6":[0,0],"7":[0,0],"8":[0,0],"9":[0,0],"10":[0,0],"11":[0,0],"12":[0,0],"13":[0,0],"14":[0,0],"15":[0,0],"16":[0,0],"17":[0,0]},"_coverageSchema":"43e27e138ebf9cfc5966b082cf9a028302ed4184","hash":"ed02e2e9e12bc82a346083675177e63176453a1b","contentHash":"c4d97753f9ea191bccf2f1985ba784c2"},"/home/gratian/node/questioner/server/controllers/rsvpCtrl.js":{"path":"/home/gratian/node/questioner/server/controllers/rsvpCtrl.js","statementMap":{"0":{"start":{"line":3,"column":18},"end":{"line":3,"column":49}},"1":{"start":{"line":5,"column":19},"end":{"line":5,"column":54}},"2":{"start":{"line":7,"column":16},"end":{"line":7,"column":50}},"3":{"start":{"line":9,"column":17},"end":{"line":9,"column":50}},"4":{"start":{"line":11,"column":39},"end":{"line":11,"column":93}},"5":{"start":{"line":13,"column":0},"end":{"line":46,"column":2}},"6":{"start":{"line":14,"column":15},"end":{"line":14,"column":34}},"7":{"start":{"line":15,"column":17},"end":{"line":15,"column":36}},"8":{"start":{"line":18,"column":2},"end":{"line":45,"column":5}},"9":{"start":{"line":19,"column":4},"end":{"line":21,"column":5}},"10":{"start":{"line":20,"column":6},"end":{"line":20,"column":105}},"11":{"start":{"line":24,"column":24},"end":{"line":24,"column":57}},"12":{"start":{"line":25,"column":17},"end":{"line":25,"column":37}},"13":{"start":{"line":26,"column":18},"end":{"line":26,"column":39}},"14":{"start":{"line":28,"column":4},"end":{"line":30,"column":5}},"15":{"start":{"line":29,"column":6},"end":{"line":29,"column":42}},"16":{"start":{"line":32,"column":4},"end":{"line":39,"column":7}},"17":{"start":{"line":33,"column":6},"end":{"line":35,"column":7}},"18":{"start":{"line":34,"column":8},"end":{"line":34,"column":101}},"19":{"start":{"line":36,"column":6},"end":{"line":36,"column":71}},"20":{"start":{"line":38,"column":6},"end":{"line":38,"column":40}},"21":{"start":{"line":41,"column":4},"end":{"line":44,"column":6}}},"fnMap":{"0":{"name":"_interopRequireDefault","decl":{"start":{"line":11,"column":9},"end":{"line":11,"column":31}},"loc":{"start":{"line":11,"column":37},"end":{"line":11,"column":95}},"line":11},"1":{"name":"(anonymous_1)","decl":{"start":{"line":13,"column":18},"end":{"line":13,"column":19}},"loc":{"start":{"line":13,"column":38},"end":{"line":46,"column":1}},"line":13},"2":{"name":"(anonymous_2)","decl":{"start":{"line":18,"column":90},"end":{"line":18,"column":91}},"loc":{"start":{"line":18,"column":106},"end":{"line":40,"column":3}},"line":18},"3":{"name":"(anonymous_3)","decl":{"start":{"line":32,"column":149},"end":{"line":32,"column":150}},"loc":{"start":{"line":32,"column":165},"end":{"line":37,"column":5}},"line":32},"4":{"name":"(anonymous_4)","decl":{"start":{"line":37,"column":13},"end":{"line":37,"column":14}},"loc":{"start":{"line":37,"column":30},"end":{"line":39,"column":5}},"line":37},"5":{"name":"(anonymous_5)","decl":{"start":{"line":40,"column":11},"end":{"line":40,"column":12}},"loc":{"start":{"line":40,"column":29},"end":{"line":45,"column":3}},"line":40}},"branchMap":{"0":{"loc":{"start":{"line":11,"column":46},"end":{"line":11,"column":92}},"type":"cond-expr","locations":[{"start":{"line":11,"column":70},"end":{"line":11,"column":73}},{"start":{"line":11,"column":76},"end":{"line":11,"column":92}}],"line":11},"1":{"loc":{"start":{"line":11,"column":46},"end":{"line":11,"column":67}},"type":"binary-expr","locations":[{"start":{"line":11,"column":46},"end":{"line":11,"column":49}},{"start":{"line":11,"column":53},"end":{"line":11,"column":67}}],"line":11},"2":{"loc":{"start":{"line":19,"column":4},"end":{"line":21,"column":5}},"type":"if","locations":[{"start":{"line":19,"column":4},"end":{"line":21,"column":5}},{"start":{"line":19,"column":4},"end":{"line":21,"column":5}}],"line":19},"3":{"loc":{"start":{"line":28,"column":4},"end":{"line":30,"column":5}},"type":"if","locations":[{"start":{"line":28,"column":4},"end":{"line":30,"column":5}},{"start":{"line":28,"column":4},"end":{"line":30,"column":5}}],"line":28},"4":{"loc":{"start":{"line":33,"column":6},"end":{"line":35,"column":7}},"type":"if","locations":[{"start":{"line":33,"column":6},"end":{"line":35,"column":7}},{"start":{"line":33,"column":6},"end":{"line":35,"column":7}}],"line":33}},"s":{"0":1,"1":1,"2":1,"3":1,"4":2,"5":1,"6":0,"7":0,"8":0,"9":0,"10":0,"11":0,"12":0,"13":0,"14":0,"15":0,"16":0,"17":0,"18":0,"19":0,"20":0,"21":0},"f":{"0":2,"1":0,"2":0,"3":0,"4":0,"5":0},"b":{"0":[0,2],"1":[2,2],"2":[0,0],"3":[0,0],"4":[0,0]},"_coverageSchema":"43e27e138ebf9cfc5966b082cf9a028302ed4184","hash":"78d3743df81446186e0a20393b73e699fbdc9d6d","contentHash":"7f684a972e7a74933a86f43b8c2ff209"},"/home/gratian/node/questioner/server/validations/response.js":{"path":"/home/gratian/node/questioner/server/validations/response.js","statementMap":{"0":{"start":{"line":3,"column":17},"end":{"line":3,"column":37}},"1":{"start":{"line":5,"column":18},"end":{"line":5,"column":52}},"2":{"start":{"line":7,"column":15},"end":{"line":7,"column":35}},"3":{"start":{"line":9,"column":16},"end":{"line":9,"column":48}},"4":{"start":{"line":11,"column":39},"end":{"line":11,"column":93}},"5":{"start":{"line":13,"column":0},"end":{"line":24,"column":2}},"6":{"start":{"line":14,"column":15},"end":{"line":14,"column":17}},"7":{"start":{"line":15,"column":2},"end":{"line":15,"column":75}},"8":{"start":{"line":17,"column":2},"end":{"line":19,"column":3}},"9":{"start":{"line":18,"column":4},"end":{"line":18,"column":46}},"10":{"start":{"line":20,"column":2},"end":{"line":23,"column":4}}},"fnMap":{"0":{"name":"_interopRequireDefault","decl":{"start":{"line":11,"column":9},"end":{"line":11,"column":31}},"loc":{"start":{"line":11,"column":37},"end":{"line":11,"column":95}},"line":11},"1":{"name":"(anonymous_1)","decl":{"start":{"line":13,"column":17},"end":{"line":13,"column":18}},"loc":{"start":{"line":13,"column":33},"end":{"line":24,"column":1}},"line":13}},"branchMap":{"0":{"loc":{"start":{"line":11,"column":46},"end":{"line":11,"column":92}},"type":"cond-expr","locations":[{"start":{"line":11,"column":70},"end":{"line":11,"column":73}},{"start":{"line":11,"column":76},"end":{"line":11,"column":92}}],"line":11},"1":{"loc":{"start":{"line":11,"column":46},"end":{"line":11,"column":67}},"type":"binary-expr","locations":[{"start":{"line":11,"column":46},"end":{"line":11,"column":49}},{"start":{"line":11,"column":53},"end":{"line":11,"column":67}}],"line":11},"2":{"loc":{"start":{"line":15,"column":17},"end":{"line":15,"column":74}},"type":"cond-expr","locations":[{"start":{"line":15,"column":57},"end":{"line":15,"column":69}},{"start":{"line":15,"column":72},"end":{"line":15,"column":74}}],"line":15},"3":{"loc":{"start":{"line":17,"column":2},"end":{"line":19,"column":3}},"type":"if","locations":[{"start":{"line":17,"column":2},"end":{"line":19,"column":3}},{"start":{"line":17,"column":2},"end":{"line":19,"column":3}}],"line":17}},"s":{"0":1,"1":1,"2":1,"3":1,"4":2,"5":1,"6":0,"7":0,"8":0,"9":0,"10":0},"f":{"0":2,"1":0},"b":{"0":[0,2],"1":[2,2],"2":[0,0],"3":[0,0]},"_coverageSchema":"43e27e138ebf9cfc5966b082cf9a028302ed4184","hash":"4c10e266531bc331c3a3d485c25a5bbef7116c4f","contentHash":"1e8822752f04c447ae37cc3d3fb96143"},"/home/gratian/node/questioner/server/config/passport.js":{"path":"/home/gratian/node/questioner/server/config/passport.js","statementMap":{"0":{"start":{"line":3,"column":12},"end":{"line":3,"column":29}},"1":{"start":{"line":5,"column":13},"end":{"line":5,"column":42}},"2":{"start":{"line":7,"column":18},"end":{"line":7,"column":41}},"3":{"start":{"line":9,"column":19},"end":{"line":9,"column":54}},"4":{"start":{"line":11,"column":19},"end":{"line":11,"column":42}},"5":{"start":{"line":13,"column":39},"end":{"line":13,"column":93}},"6":{"start":{"line":15,"column":11},"end":{"line":15,"column":13}},"7":{"start":{"line":16,"column":0},"end":{"line":16,"column":76}},"8":{"start":{"line":17,"column":0},"end":{"line":17,"column":46}},"9":{"start":{"line":19,"column":0},"end":{"line":33,"column":2}},"10":{"start":{"line":20,"column":2},"end":{"line":32,"column":6}},"11":{"start":{"line":22,"column":4},"end":{"line":31,"column":7}},"12":{"start":{"line":23,"column":6},"end":{"line":25,"column":7}},"13":{"start":{"line":24,"column":8},"end":{"line":24,"column":34}},"14":{"start":{"line":26,"column":6},"end":{"line":30,"column":7}},"15":{"start":{"line":27,"column":8},"end":{"line":27,"column":32}},"16":{"start":{"line":29,"column":8},"end":{"line":29,"column":33}}},"fnMap":{"0":{"name":"_interopRequireDefault","decl":{"start":{"line":13,"column":9},"end":{"line":13,"column":31}},"loc":{"start":{"line":13,"column":37},"end":{"line":13,"column":95}},"line":13},"1":{"name":"(anonymous_1)","decl":{"start":{"line":19,"column":17},"end":{"line":19,"column":18}},"loc":{"start":{"line":19,"column":37},"end":{"line":33,"column":1}},"line":19},"2":{"name":"(anonymous_2)","decl":{"start":{"line":20,"column":47},"end":{"line":20,"column":48}},"loc":{"start":{"line":20,"column":76},"end":{"line":32,"column":3}},"line":20},"3":{"name":"(anonymous_3)","decl":{"start":{"line":22,"column":91},"end":{"line":22,"column":92}},"loc":{"start":{"line":22,"column":114},"end":{"line":31,"column":5}},"line":22}},"branchMap":{"0":{"loc":{"start":{"line":13,"column":46},"end":{"line":13,"column":92}},"type":"cond-expr","locations":[{"start":{"line":13,"column":70},"end":{"line":13,"column":73}},{"start":{"line":13,"column":76},"end":{"line":13,"column":92}}],"line":13},"1":{"loc":{"start":{"line":13,"column":46},"end":{"line":13,"column":67}},"type":"binary-expr","locations":[{"start":{"line":13,"column":46},"end":{"line":13,"column":49}},{"start":{"line":13,"column":53},"end":{"line":13,"column":67}}],"line":13},"2":{"loc":{"start":{"line":23,"column":6},"end":{"line":25,"column":7}},"type":"if","locations":[{"start":{"line":23,"column":6},"end":{"line":25,"column":7}},{"start":{"line":23,"column":6},"end":{"line":25,"column":7}}],"line":23},"3":{"loc":{"start":{"line":26,"column":6},"end":{"line":30,"column":7}},"type":"if","locations":[{"start":{"line":26,"column":6},"end":{"line":30,"column":7}},{"start":{"line":26,"column":6},"end":{"line":30,"column":7}}],"line":26}},"s":{"0":1,"1":1,"2":1,"3":1,"4":1,"5":2,"6":1,"7":1,"8":1,"9":1,"10":1,"11":0,"12":0,"13":0,"14":0,"15":0,"16":0},"f":{"0":2,"1":1,"2":0,"3":0},"b":{"0":[1,1],"1":[2,2],"2":[0,0],"3":[0,0]},"_coverageSchema":"43e27e138ebf9cfc5966b082cf9a028302ed4184","hash":"e6761738d2f2a67519b6dcc49f27875bfa57aa95","contentHash":"12a39327fbc1f2a90f54863ffda3a087"},"/home/gratian/node/questioner/server/test/question.js":{"path":"/home/gratian/node/questioner/server/test/question.js","statementMap":{},"fnMap":{},"branchMap":{},"s":{},"f":{},"b":{},"_coverageSchema":"43e27e138ebf9cfc5966b082cf9a028302ed4184","hash":"6d4a3f4cc59d3f43291a239b659dfc5d0967e6f3","contentHash":"59ef3b97d7de40491d6fc2bdfe6f3eff"}}